ARM GAS  /tmp/ccBE4Xxn.s 			page 1


   1              		.cpu cortex-m4
   2              		.eabi_attribute 27, 1
   3              		.eabi_attribute 28, 1
   4              		.eabi_attribute 20, 1
   5              		.eabi_attribute 21, 1
   6              		.eabi_attribute 23, 3
   7              		.eabi_attribute 24, 1
   8              		.eabi_attribute 25, 1
   9              		.eabi_attribute 26, 1
  10              		.eabi_attribute 30, 6
  11              		.eabi_attribute 34, 1
  12              		.eabi_attribute 18, 4
  13              		.file	"stm32f3xx_hal_pwr_ex.c"
  14              		.text
  15              	.Ltext0:
  16              		.cfi_sections	.debug_frame
  17              		.section	.text.HAL_PWR_ConfigPVD,"ax",%progbits
  18              		.align	1
  19              		.global	HAL_PWR_ConfigPVD
  20              		.syntax unified
  21              		.thumb
  22              		.thumb_func
  23              		.fpu fpv4-sp-d16
  25              	HAL_PWR_ConfigPVD:
  26              	.LFB123:
  27              		.file 1 "Drivers/STM32F3xx_HAL_Driver/Src/stm32f3xx_hal_pwr_ex.c"
   1:Drivers/STM32F3xx_HAL_Driver/Src/stm32f3xx_hal_pwr_ex.c **** /**
   2:Drivers/STM32F3xx_HAL_Driver/Src/stm32f3xx_hal_pwr_ex.c ****   ******************************************************************************
   3:Drivers/STM32F3xx_HAL_Driver/Src/stm32f3xx_hal_pwr_ex.c ****   * @file    stm32f3xx_hal_pwr_ex.c
   4:Drivers/STM32F3xx_HAL_Driver/Src/stm32f3xx_hal_pwr_ex.c ****   * @author  MCD Application Team
   5:Drivers/STM32F3xx_HAL_Driver/Src/stm32f3xx_hal_pwr_ex.c ****   * @brief   Extended PWR HAL module driver.
   6:Drivers/STM32F3xx_HAL_Driver/Src/stm32f3xx_hal_pwr_ex.c ****   *          This file provides firmware functions to manage the following
   7:Drivers/STM32F3xx_HAL_Driver/Src/stm32f3xx_hal_pwr_ex.c ****   *          functionalities of the Power Controller (PWR) peripheral:
   8:Drivers/STM32F3xx_HAL_Driver/Src/stm32f3xx_hal_pwr_ex.c ****   *           + Extended Initialization and de-initialization functions
   9:Drivers/STM32F3xx_HAL_Driver/Src/stm32f3xx_hal_pwr_ex.c ****   *           + Extended Peripheral Control functions
  10:Drivers/STM32F3xx_HAL_Driver/Src/stm32f3xx_hal_pwr_ex.c ****   *         
  11:Drivers/STM32F3xx_HAL_Driver/Src/stm32f3xx_hal_pwr_ex.c ****   ******************************************************************************
  12:Drivers/STM32F3xx_HAL_Driver/Src/stm32f3xx_hal_pwr_ex.c ****   * @attention
  13:Drivers/STM32F3xx_HAL_Driver/Src/stm32f3xx_hal_pwr_ex.c ****   *
  14:Drivers/STM32F3xx_HAL_Driver/Src/stm32f3xx_hal_pwr_ex.c ****   * <h2><center>&copy; Copyright (c) 2016 STMicroelectronics.
  15:Drivers/STM32F3xx_HAL_Driver/Src/stm32f3xx_hal_pwr_ex.c ****   * All rights reserved.</center></h2>
  16:Drivers/STM32F3xx_HAL_Driver/Src/stm32f3xx_hal_pwr_ex.c ****   *
  17:Drivers/STM32F3xx_HAL_Driver/Src/stm32f3xx_hal_pwr_ex.c ****   * This software component is licensed by ST under BSD 3-Clause license,
  18:Drivers/STM32F3xx_HAL_Driver/Src/stm32f3xx_hal_pwr_ex.c ****   * the "License"; You may not use this file except in compliance with the
  19:Drivers/STM32F3xx_HAL_Driver/Src/stm32f3xx_hal_pwr_ex.c ****   * License. You may obtain a copy of the License at:
  20:Drivers/STM32F3xx_HAL_Driver/Src/stm32f3xx_hal_pwr_ex.c ****   *                        opensource.org/licenses/BSD-3-Clause
  21:Drivers/STM32F3xx_HAL_Driver/Src/stm32f3xx_hal_pwr_ex.c ****   *
  22:Drivers/STM32F3xx_HAL_Driver/Src/stm32f3xx_hal_pwr_ex.c ****   ******************************************************************************
  23:Drivers/STM32F3xx_HAL_Driver/Src/stm32f3xx_hal_pwr_ex.c ****   */
  24:Drivers/STM32F3xx_HAL_Driver/Src/stm32f3xx_hal_pwr_ex.c **** 
  25:Drivers/STM32F3xx_HAL_Driver/Src/stm32f3xx_hal_pwr_ex.c **** /* Includes ------------------------------------------------------------------*/
  26:Drivers/STM32F3xx_HAL_Driver/Src/stm32f3xx_hal_pwr_ex.c **** #include "stm32f3xx_hal.h"
  27:Drivers/STM32F3xx_HAL_Driver/Src/stm32f3xx_hal_pwr_ex.c **** 
  28:Drivers/STM32F3xx_HAL_Driver/Src/stm32f3xx_hal_pwr_ex.c **** /** @addtogroup STM32F3xx_HAL_Driver
  29:Drivers/STM32F3xx_HAL_Driver/Src/stm32f3xx_hal_pwr_ex.c ****   * @{
  30:Drivers/STM32F3xx_HAL_Driver/Src/stm32f3xx_hal_pwr_ex.c ****   */
  31:Drivers/STM32F3xx_HAL_Driver/Src/stm32f3xx_hal_pwr_ex.c **** 
ARM GAS  /tmp/ccBE4Xxn.s 			page 2


  32:Drivers/STM32F3xx_HAL_Driver/Src/stm32f3xx_hal_pwr_ex.c **** /** @defgroup PWREx PWREx
  33:Drivers/STM32F3xx_HAL_Driver/Src/stm32f3xx_hal_pwr_ex.c ****   * @brief    PWREx HAL module driver
  34:Drivers/STM32F3xx_HAL_Driver/Src/stm32f3xx_hal_pwr_ex.c ****   * @{
  35:Drivers/STM32F3xx_HAL_Driver/Src/stm32f3xx_hal_pwr_ex.c ****   */
  36:Drivers/STM32F3xx_HAL_Driver/Src/stm32f3xx_hal_pwr_ex.c **** 
  37:Drivers/STM32F3xx_HAL_Driver/Src/stm32f3xx_hal_pwr_ex.c **** #ifdef HAL_PWR_MODULE_ENABLED
  38:Drivers/STM32F3xx_HAL_Driver/Src/stm32f3xx_hal_pwr_ex.c **** 
  39:Drivers/STM32F3xx_HAL_Driver/Src/stm32f3xx_hal_pwr_ex.c **** /* Private typedef -----------------------------------------------------------*/
  40:Drivers/STM32F3xx_HAL_Driver/Src/stm32f3xx_hal_pwr_ex.c **** /* Private define ------------------------------------------------------------*/
  41:Drivers/STM32F3xx_HAL_Driver/Src/stm32f3xx_hal_pwr_ex.c **** /** @defgroup PWREx_Private_Constants PWR Extended Private Constants
  42:Drivers/STM32F3xx_HAL_Driver/Src/stm32f3xx_hal_pwr_ex.c ****   * @{
  43:Drivers/STM32F3xx_HAL_Driver/Src/stm32f3xx_hal_pwr_ex.c ****   */
  44:Drivers/STM32F3xx_HAL_Driver/Src/stm32f3xx_hal_pwr_ex.c **** #define PVD_MODE_IT               (0x00010000U)
  45:Drivers/STM32F3xx_HAL_Driver/Src/stm32f3xx_hal_pwr_ex.c **** #define PVD_MODE_EVT              (0x00020000U)
  46:Drivers/STM32F3xx_HAL_Driver/Src/stm32f3xx_hal_pwr_ex.c **** #define PVD_RISING_EDGE           (0x00000001U)
  47:Drivers/STM32F3xx_HAL_Driver/Src/stm32f3xx_hal_pwr_ex.c **** #define PVD_FALLING_EDGE          (0x00000002U)
  48:Drivers/STM32F3xx_HAL_Driver/Src/stm32f3xx_hal_pwr_ex.c **** /**
  49:Drivers/STM32F3xx_HAL_Driver/Src/stm32f3xx_hal_pwr_ex.c ****   * @}
  50:Drivers/STM32F3xx_HAL_Driver/Src/stm32f3xx_hal_pwr_ex.c ****   */
  51:Drivers/STM32F3xx_HAL_Driver/Src/stm32f3xx_hal_pwr_ex.c ****  
  52:Drivers/STM32F3xx_HAL_Driver/Src/stm32f3xx_hal_pwr_ex.c **** /* Private macro -------------------------------------------------------------*/
  53:Drivers/STM32F3xx_HAL_Driver/Src/stm32f3xx_hal_pwr_ex.c **** /* Private variables ---------------------------------------------------------*/
  54:Drivers/STM32F3xx_HAL_Driver/Src/stm32f3xx_hal_pwr_ex.c **** /* Private function prototypes -----------------------------------------------*/
  55:Drivers/STM32F3xx_HAL_Driver/Src/stm32f3xx_hal_pwr_ex.c **** /* Exported functions ---------------------------------------------------------*/
  56:Drivers/STM32F3xx_HAL_Driver/Src/stm32f3xx_hal_pwr_ex.c **** 
  57:Drivers/STM32F3xx_HAL_Driver/Src/stm32f3xx_hal_pwr_ex.c **** /** @defgroup PWREx_Exported_Functions PWR Extended Exported Functions
  58:Drivers/STM32F3xx_HAL_Driver/Src/stm32f3xx_hal_pwr_ex.c ****   * @{
  59:Drivers/STM32F3xx_HAL_Driver/Src/stm32f3xx_hal_pwr_ex.c ****   */
  60:Drivers/STM32F3xx_HAL_Driver/Src/stm32f3xx_hal_pwr_ex.c **** 
  61:Drivers/STM32F3xx_HAL_Driver/Src/stm32f3xx_hal_pwr_ex.c **** /** @defgroup PWREx_Exported_Functions_Group1 Peripheral Extended Control Functions
  62:Drivers/STM32F3xx_HAL_Driver/Src/stm32f3xx_hal_pwr_ex.c ****   *  @brief   Extended Peripheral Control functions
  63:Drivers/STM32F3xx_HAL_Driver/Src/stm32f3xx_hal_pwr_ex.c ****   *
  64:Drivers/STM32F3xx_HAL_Driver/Src/stm32f3xx_hal_pwr_ex.c **** @verbatim
  65:Drivers/STM32F3xx_HAL_Driver/Src/stm32f3xx_hal_pwr_ex.c **** 
  66:Drivers/STM32F3xx_HAL_Driver/Src/stm32f3xx_hal_pwr_ex.c ****  ===============================================================================
  67:Drivers/STM32F3xx_HAL_Driver/Src/stm32f3xx_hal_pwr_ex.c ****                  ##### Peripheral Extended control functions #####
  68:Drivers/STM32F3xx_HAL_Driver/Src/stm32f3xx_hal_pwr_ex.c ****  ===============================================================================
  69:Drivers/STM32F3xx_HAL_Driver/Src/stm32f3xx_hal_pwr_ex.c ****     *** PVD configuration (present on all other devices than STM32F3x8 devices) ***
  70:Drivers/STM32F3xx_HAL_Driver/Src/stm32f3xx_hal_pwr_ex.c ****     =========================
  71:Drivers/STM32F3xx_HAL_Driver/Src/stm32f3xx_hal_pwr_ex.c ****     [..]
  72:Drivers/STM32F3xx_HAL_Driver/Src/stm32f3xx_hal_pwr_ex.c ****       (+) The PVD is used to monitor the VDD power supply by comparing it to a
  73:Drivers/STM32F3xx_HAL_Driver/Src/stm32f3xx_hal_pwr_ex.c ****           threshold selected by the PVD Level (PLS[2:0] bits in the PWR_CR).
  74:Drivers/STM32F3xx_HAL_Driver/Src/stm32f3xx_hal_pwr_ex.c ****       (+) A PVDO flag is available to indicate if VDD/VDDA is higher or lower
  75:Drivers/STM32F3xx_HAL_Driver/Src/stm32f3xx_hal_pwr_ex.c ****           than the PVD threshold. This event is internally connected to the EXTI
  76:Drivers/STM32F3xx_HAL_Driver/Src/stm32f3xx_hal_pwr_ex.c ****           line16 and can generate an interrupt if enabled. This is done through
  77:Drivers/STM32F3xx_HAL_Driver/Src/stm32f3xx_hal_pwr_ex.c ****           __HAL_PWR_PVD_EXTI_ENABLE_IT() macro
  78:Drivers/STM32F3xx_HAL_Driver/Src/stm32f3xx_hal_pwr_ex.c ****       (+) The PVD is stopped in Standby mode.
  79:Drivers/STM32F3xx_HAL_Driver/Src/stm32f3xx_hal_pwr_ex.c ****       -@- PVD is not available on STM32F3x8 Product Line
  80:Drivers/STM32F3xx_HAL_Driver/Src/stm32f3xx_hal_pwr_ex.c **** 
  81:Drivers/STM32F3xx_HAL_Driver/Src/stm32f3xx_hal_pwr_ex.c **** 
  82:Drivers/STM32F3xx_HAL_Driver/Src/stm32f3xx_hal_pwr_ex.c ****     *** Voltage regulator ***
  83:Drivers/STM32F3xx_HAL_Driver/Src/stm32f3xx_hal_pwr_ex.c ****     =========================
  84:Drivers/STM32F3xx_HAL_Driver/Src/stm32f3xx_hal_pwr_ex.c ****     [..]
  85:Drivers/STM32F3xx_HAL_Driver/Src/stm32f3xx_hal_pwr_ex.c ****       (+) The voltage regulator is always enabled after Reset. It works in three different
  86:Drivers/STM32F3xx_HAL_Driver/Src/stm32f3xx_hal_pwr_ex.c ****           modes.
  87:Drivers/STM32F3xx_HAL_Driver/Src/stm32f3xx_hal_pwr_ex.c ****           In Run mode, the regulator supplies full power to the 1.8V domain (core, memories
  88:Drivers/STM32F3xx_HAL_Driver/Src/stm32f3xx_hal_pwr_ex.c ****           and digital peripherals).
ARM GAS  /tmp/ccBE4Xxn.s 			page 3


  89:Drivers/STM32F3xx_HAL_Driver/Src/stm32f3xx_hal_pwr_ex.c ****           In Stop mode, the regulator supplies low power to the 1.8V domain, preserving
  90:Drivers/STM32F3xx_HAL_Driver/Src/stm32f3xx_hal_pwr_ex.c ****           contents of registers and SRAM.
  91:Drivers/STM32F3xx_HAL_Driver/Src/stm32f3xx_hal_pwr_ex.c ****           In Stop mode, the regulator is powered off. The contents of the registers and SRAM
  92:Drivers/STM32F3xx_HAL_Driver/Src/stm32f3xx_hal_pwr_ex.c ****           are lost except for the Standby circuitry and the Backup Domain.
  93:Drivers/STM32F3xx_HAL_Driver/Src/stm32f3xx_hal_pwr_ex.c ****           Note: in the STM32F3x8xx devices, the voltage regulator is bypassed and the
  94:Drivers/STM32F3xx_HAL_Driver/Src/stm32f3xx_hal_pwr_ex.c ****           microcontroller must be powered from a nominal VDD = 1.8V +/-8U% voltage.
  95:Drivers/STM32F3xx_HAL_Driver/Src/stm32f3xx_hal_pwr_ex.c **** 
  96:Drivers/STM32F3xx_HAL_Driver/Src/stm32f3xx_hal_pwr_ex.c **** 
  97:Drivers/STM32F3xx_HAL_Driver/Src/stm32f3xx_hal_pwr_ex.c ****       (+) A PVDO flag is available to indicate if VDD/VDDA is higher or lower
  98:Drivers/STM32F3xx_HAL_Driver/Src/stm32f3xx_hal_pwr_ex.c ****           than the PVD threshold. This event is internally connected to the EXTI
  99:Drivers/STM32F3xx_HAL_Driver/Src/stm32f3xx_hal_pwr_ex.c ****           line16 and can generate an interrupt if enabled. This is done through
 100:Drivers/STM32F3xx_HAL_Driver/Src/stm32f3xx_hal_pwr_ex.c ****           __HAL_PWR_PVD_EXTI_ENABLE_IT() macro
 101:Drivers/STM32F3xx_HAL_Driver/Src/stm32f3xx_hal_pwr_ex.c ****       (+) The PVD is stopped in Standby mode.
 102:Drivers/STM32F3xx_HAL_Driver/Src/stm32f3xx_hal_pwr_ex.c **** 
 103:Drivers/STM32F3xx_HAL_Driver/Src/stm32f3xx_hal_pwr_ex.c **** 
 104:Drivers/STM32F3xx_HAL_Driver/Src/stm32f3xx_hal_pwr_ex.c ****     *** SDADC power configuration ***
 105:Drivers/STM32F3xx_HAL_Driver/Src/stm32f3xx_hal_pwr_ex.c ****     ================================
 106:Drivers/STM32F3xx_HAL_Driver/Src/stm32f3xx_hal_pwr_ex.c ****     [..]
 107:Drivers/STM32F3xx_HAL_Driver/Src/stm32f3xx_hal_pwr_ex.c ****       (+) On STM32F373xC/STM32F378xx devices, there are up to 
 108:Drivers/STM32F3xx_HAL_Driver/Src/stm32f3xx_hal_pwr_ex.c ****           3 SDADC instances that can be enabled/disabled.
 109:Drivers/STM32F3xx_HAL_Driver/Src/stm32f3xx_hal_pwr_ex.c **** 
 110:Drivers/STM32F3xx_HAL_Driver/Src/stm32f3xx_hal_pwr_ex.c **** @endverbatim
 111:Drivers/STM32F3xx_HAL_Driver/Src/stm32f3xx_hal_pwr_ex.c ****   * @{
 112:Drivers/STM32F3xx_HAL_Driver/Src/stm32f3xx_hal_pwr_ex.c ****   */
 113:Drivers/STM32F3xx_HAL_Driver/Src/stm32f3xx_hal_pwr_ex.c **** 
 114:Drivers/STM32F3xx_HAL_Driver/Src/stm32f3xx_hal_pwr_ex.c **** #if defined(STM32F302xE) || defined(STM32F303xE) || \
 115:Drivers/STM32F3xx_HAL_Driver/Src/stm32f3xx_hal_pwr_ex.c ****     defined(STM32F302xC) || defined(STM32F303xC) || \
 116:Drivers/STM32F3xx_HAL_Driver/Src/stm32f3xx_hal_pwr_ex.c ****     defined(STM32F303x8) || defined(STM32F334x8) || \
 117:Drivers/STM32F3xx_HAL_Driver/Src/stm32f3xx_hal_pwr_ex.c ****     defined(STM32F301x8) || defined(STM32F302x8) || \
 118:Drivers/STM32F3xx_HAL_Driver/Src/stm32f3xx_hal_pwr_ex.c ****     defined(STM32F373xC)
 119:Drivers/STM32F3xx_HAL_Driver/Src/stm32f3xx_hal_pwr_ex.c **** 
 120:Drivers/STM32F3xx_HAL_Driver/Src/stm32f3xx_hal_pwr_ex.c **** /**
 121:Drivers/STM32F3xx_HAL_Driver/Src/stm32f3xx_hal_pwr_ex.c ****   * @brief Configures the voltage threshold detected by the Power Voltage Detector(PVD).
 122:Drivers/STM32F3xx_HAL_Driver/Src/stm32f3xx_hal_pwr_ex.c ****   * @param sConfigPVD pointer to an PWR_PVDTypeDef structure that contains the configuration
 123:Drivers/STM32F3xx_HAL_Driver/Src/stm32f3xx_hal_pwr_ex.c ****   *        information for the PVD.
 124:Drivers/STM32F3xx_HAL_Driver/Src/stm32f3xx_hal_pwr_ex.c ****   * @note Refer to the electrical characteristics of your device datasheet for
 125:Drivers/STM32F3xx_HAL_Driver/Src/stm32f3xx_hal_pwr_ex.c ****   *         more details about the voltage threshold corresponding to each
 126:Drivers/STM32F3xx_HAL_Driver/Src/stm32f3xx_hal_pwr_ex.c ****   *         detection level.
 127:Drivers/STM32F3xx_HAL_Driver/Src/stm32f3xx_hal_pwr_ex.c ****   * @retval None
 128:Drivers/STM32F3xx_HAL_Driver/Src/stm32f3xx_hal_pwr_ex.c ****   */
 129:Drivers/STM32F3xx_HAL_Driver/Src/stm32f3xx_hal_pwr_ex.c **** void HAL_PWR_ConfigPVD(PWR_PVDTypeDef *sConfigPVD)
 130:Drivers/STM32F3xx_HAL_Driver/Src/stm32f3xx_hal_pwr_ex.c **** {
  28              		.loc 1 130 0
  29              		.cfi_startproc
  30              		@ args = 0, pretend = 0, frame = 8
  31              		@ frame_needed = 1, uses_anonymous_args = 0
  32              		@ link register save eliminated.
  33 0000 80B4     		push	{r7}
  34              	.LCFI0:
  35              		.cfi_def_cfa_offset 4
  36              		.cfi_offset 7, -4
  37 0002 83B0     		sub	sp, sp, #12
  38              	.LCFI1:
  39              		.cfi_def_cfa_offset 16
  40 0004 00AF     		add	r7, sp, #0
  41              	.LCFI2:
  42              		.cfi_def_cfa_register 7
ARM GAS  /tmp/ccBE4Xxn.s 			page 4


  43 0006 7860     		str	r0, [r7, #4]
 131:Drivers/STM32F3xx_HAL_Driver/Src/stm32f3xx_hal_pwr_ex.c ****   /* Check the parameters */
 132:Drivers/STM32F3xx_HAL_Driver/Src/stm32f3xx_hal_pwr_ex.c ****   assert_param(IS_PWR_PVD_LEVEL(sConfigPVD->PVDLevel));
 133:Drivers/STM32F3xx_HAL_Driver/Src/stm32f3xx_hal_pwr_ex.c ****   assert_param(IS_PWR_PVD_MODE(sConfigPVD->Mode));
 134:Drivers/STM32F3xx_HAL_Driver/Src/stm32f3xx_hal_pwr_ex.c **** 
 135:Drivers/STM32F3xx_HAL_Driver/Src/stm32f3xx_hal_pwr_ex.c ****   /* Set PLS[7:5] bits according to PVDLevel value */
 136:Drivers/STM32F3xx_HAL_Driver/Src/stm32f3xx_hal_pwr_ex.c ****   MODIFY_REG(PWR->CR, PWR_CR_PLS, sConfigPVD->PVDLevel);
  44              		.loc 1 136 0
  45 0008 2B4B     		ldr	r3, .L7
  46 000a 1B68     		ldr	r3, [r3]
  47 000c 23F0E002 		bic	r2, r3, #224
  48 0010 7B68     		ldr	r3, [r7, #4]
  49 0012 1B68     		ldr	r3, [r3]
  50 0014 2849     		ldr	r1, .L7
  51 0016 1343     		orrs	r3, r3, r2
  52 0018 0B60     		str	r3, [r1]
 137:Drivers/STM32F3xx_HAL_Driver/Src/stm32f3xx_hal_pwr_ex.c ****   
 138:Drivers/STM32F3xx_HAL_Driver/Src/stm32f3xx_hal_pwr_ex.c ****   /* Clear any previous config. Keep it clear if no event or IT mode is selected */
 139:Drivers/STM32F3xx_HAL_Driver/Src/stm32f3xx_hal_pwr_ex.c ****   __HAL_PWR_PVD_EXTI_DISABLE_EVENT();
  53              		.loc 1 139 0
  54 001a 284B     		ldr	r3, .L7+4
  55 001c 5B68     		ldr	r3, [r3, #4]
  56 001e 274A     		ldr	r2, .L7+4
  57 0020 23F48033 		bic	r3, r3, #65536
  58 0024 5360     		str	r3, [r2, #4]
 140:Drivers/STM32F3xx_HAL_Driver/Src/stm32f3xx_hal_pwr_ex.c ****   __HAL_PWR_PVD_EXTI_DISABLE_IT();
  59              		.loc 1 140 0
  60 0026 254B     		ldr	r3, .L7+4
  61 0028 1B68     		ldr	r3, [r3]
  62 002a 244A     		ldr	r2, .L7+4
  63 002c 23F48033 		bic	r3, r3, #65536
  64 0030 1360     		str	r3, [r2]
 141:Drivers/STM32F3xx_HAL_Driver/Src/stm32f3xx_hal_pwr_ex.c ****   __HAL_PWR_PVD_EXTI_DISABLE_RISING_EDGE();__HAL_PWR_PVD_EXTI_DISABLE_FALLING_EDGE();
  65              		.loc 1 141 0
  66 0032 224B     		ldr	r3, .L7+4
  67 0034 9B68     		ldr	r3, [r3, #8]
  68 0036 214A     		ldr	r2, .L7+4
  69 0038 23F48033 		bic	r3, r3, #65536
  70 003c 9360     		str	r3, [r2, #8]
  71 003e 1F4B     		ldr	r3, .L7+4
  72 0040 DB68     		ldr	r3, [r3, #12]
  73 0042 1E4A     		ldr	r2, .L7+4
  74 0044 23F48033 		bic	r3, r3, #65536
  75 0048 D360     		str	r3, [r2, #12]
 142:Drivers/STM32F3xx_HAL_Driver/Src/stm32f3xx_hal_pwr_ex.c **** 
 143:Drivers/STM32F3xx_HAL_Driver/Src/stm32f3xx_hal_pwr_ex.c ****   /* Configure interrupt mode */
 144:Drivers/STM32F3xx_HAL_Driver/Src/stm32f3xx_hal_pwr_ex.c ****   if((sConfigPVD->Mode & PVD_MODE_IT) == PVD_MODE_IT)
  76              		.loc 1 144 0
  77 004a 7B68     		ldr	r3, [r7, #4]
  78 004c 5B68     		ldr	r3, [r3, #4]
  79 004e 03F48033 		and	r3, r3, #65536
  80 0052 002B     		cmp	r3, #0
  81 0054 05D0     		beq	.L2
 145:Drivers/STM32F3xx_HAL_Driver/Src/stm32f3xx_hal_pwr_ex.c ****   {
 146:Drivers/STM32F3xx_HAL_Driver/Src/stm32f3xx_hal_pwr_ex.c ****     __HAL_PWR_PVD_EXTI_ENABLE_IT();
  82              		.loc 1 146 0
  83 0056 194B     		ldr	r3, .L7+4
ARM GAS  /tmp/ccBE4Xxn.s 			page 5


  84 0058 1B68     		ldr	r3, [r3]
  85 005a 184A     		ldr	r2, .L7+4
  86 005c 43F48033 		orr	r3, r3, #65536
  87 0060 1360     		str	r3, [r2]
  88              	.L2:
 147:Drivers/STM32F3xx_HAL_Driver/Src/stm32f3xx_hal_pwr_ex.c ****   }
 148:Drivers/STM32F3xx_HAL_Driver/Src/stm32f3xx_hal_pwr_ex.c ****   
 149:Drivers/STM32F3xx_HAL_Driver/Src/stm32f3xx_hal_pwr_ex.c ****   /* Configure event mode */
 150:Drivers/STM32F3xx_HAL_Driver/Src/stm32f3xx_hal_pwr_ex.c ****   if((sConfigPVD->Mode & PVD_MODE_EVT) == PVD_MODE_EVT)
  89              		.loc 1 150 0
  90 0062 7B68     		ldr	r3, [r7, #4]
  91 0064 5B68     		ldr	r3, [r3, #4]
  92 0066 03F40033 		and	r3, r3, #131072
  93 006a 002B     		cmp	r3, #0
  94 006c 05D0     		beq	.L3
 151:Drivers/STM32F3xx_HAL_Driver/Src/stm32f3xx_hal_pwr_ex.c ****   {
 152:Drivers/STM32F3xx_HAL_Driver/Src/stm32f3xx_hal_pwr_ex.c ****     __HAL_PWR_PVD_EXTI_ENABLE_EVENT();
  95              		.loc 1 152 0
  96 006e 134B     		ldr	r3, .L7+4
  97 0070 5B68     		ldr	r3, [r3, #4]
  98 0072 124A     		ldr	r2, .L7+4
  99 0074 43F48033 		orr	r3, r3, #65536
 100 0078 5360     		str	r3, [r2, #4]
 101              	.L3:
 153:Drivers/STM32F3xx_HAL_Driver/Src/stm32f3xx_hal_pwr_ex.c ****   }
 154:Drivers/STM32F3xx_HAL_Driver/Src/stm32f3xx_hal_pwr_ex.c ****   
 155:Drivers/STM32F3xx_HAL_Driver/Src/stm32f3xx_hal_pwr_ex.c ****   /* Configure the edge */
 156:Drivers/STM32F3xx_HAL_Driver/Src/stm32f3xx_hal_pwr_ex.c ****   if((sConfigPVD->Mode & PVD_RISING_EDGE) == PVD_RISING_EDGE)
 102              		.loc 1 156 0
 103 007a 7B68     		ldr	r3, [r7, #4]
 104 007c 5B68     		ldr	r3, [r3, #4]
 105 007e 03F00103 		and	r3, r3, #1
 106 0082 002B     		cmp	r3, #0
 107 0084 05D0     		beq	.L4
 157:Drivers/STM32F3xx_HAL_Driver/Src/stm32f3xx_hal_pwr_ex.c ****   {
 158:Drivers/STM32F3xx_HAL_Driver/Src/stm32f3xx_hal_pwr_ex.c ****     __HAL_PWR_PVD_EXTI_ENABLE_RISING_EDGE();
 108              		.loc 1 158 0
 109 0086 0D4B     		ldr	r3, .L7+4
 110 0088 9B68     		ldr	r3, [r3, #8]
 111 008a 0C4A     		ldr	r2, .L7+4
 112 008c 43F48033 		orr	r3, r3, #65536
 113 0090 9360     		str	r3, [r2, #8]
 114              	.L4:
 159:Drivers/STM32F3xx_HAL_Driver/Src/stm32f3xx_hal_pwr_ex.c ****   }
 160:Drivers/STM32F3xx_HAL_Driver/Src/stm32f3xx_hal_pwr_ex.c ****   
 161:Drivers/STM32F3xx_HAL_Driver/Src/stm32f3xx_hal_pwr_ex.c ****   if((sConfigPVD->Mode & PVD_FALLING_EDGE) == PVD_FALLING_EDGE)
 115              		.loc 1 161 0
 116 0092 7B68     		ldr	r3, [r7, #4]
 117 0094 5B68     		ldr	r3, [r3, #4]
 118 0096 03F00203 		and	r3, r3, #2
 119 009a 002B     		cmp	r3, #0
 120 009c 05D0     		beq	.L6
 162:Drivers/STM32F3xx_HAL_Driver/Src/stm32f3xx_hal_pwr_ex.c ****   {
 163:Drivers/STM32F3xx_HAL_Driver/Src/stm32f3xx_hal_pwr_ex.c ****     __HAL_PWR_PVD_EXTI_ENABLE_FALLING_EDGE();
 121              		.loc 1 163 0
 122 009e 074B     		ldr	r3, .L7+4
 123 00a0 DB68     		ldr	r3, [r3, #12]
ARM GAS  /tmp/ccBE4Xxn.s 			page 6


 124 00a2 064A     		ldr	r2, .L7+4
 125 00a4 43F48033 		orr	r3, r3, #65536
 126 00a8 D360     		str	r3, [r2, #12]
 127              	.L6:
 164:Drivers/STM32F3xx_HAL_Driver/Src/stm32f3xx_hal_pwr_ex.c ****   }
 165:Drivers/STM32F3xx_HAL_Driver/Src/stm32f3xx_hal_pwr_ex.c **** }
 128              		.loc 1 165 0
 129 00aa 00BF     		nop
 130 00ac 0C37     		adds	r7, r7, #12
 131              	.LCFI3:
 132              		.cfi_def_cfa_offset 4
 133 00ae BD46     		mov	sp, r7
 134              	.LCFI4:
 135              		.cfi_def_cfa_register 13
 136              		@ sp needed
 137 00b0 5DF8047B 		ldr	r7, [sp], #4
 138              	.LCFI5:
 139              		.cfi_restore 7
 140              		.cfi_def_cfa_offset 0
 141 00b4 7047     		bx	lr
 142              	.L8:
 143 00b6 00BF     		.align	2
 144              	.L7:
 145 00b8 00700040 		.word	1073770496
 146 00bc 00040140 		.word	1073808384
 147              		.cfi_endproc
 148              	.LFE123:
 150              		.section	.text.HAL_PWR_EnablePVD,"ax",%progbits
 151              		.align	1
 152              		.global	HAL_PWR_EnablePVD
 153              		.syntax unified
 154              		.thumb
 155              		.thumb_func
 156              		.fpu fpv4-sp-d16
 158              	HAL_PWR_EnablePVD:
 159              	.LFB124:
 166:Drivers/STM32F3xx_HAL_Driver/Src/stm32f3xx_hal_pwr_ex.c **** 
 167:Drivers/STM32F3xx_HAL_Driver/Src/stm32f3xx_hal_pwr_ex.c **** /**
 168:Drivers/STM32F3xx_HAL_Driver/Src/stm32f3xx_hal_pwr_ex.c ****   * @brief Enables the Power Voltage Detector(PVD).
 169:Drivers/STM32F3xx_HAL_Driver/Src/stm32f3xx_hal_pwr_ex.c ****   * @retval None
 170:Drivers/STM32F3xx_HAL_Driver/Src/stm32f3xx_hal_pwr_ex.c ****   */
 171:Drivers/STM32F3xx_HAL_Driver/Src/stm32f3xx_hal_pwr_ex.c **** void HAL_PWR_EnablePVD(void)
 172:Drivers/STM32F3xx_HAL_Driver/Src/stm32f3xx_hal_pwr_ex.c **** {
 160              		.loc 1 172 0
 161              		.cfi_startproc
 162              		@ args = 0, pretend = 0, frame = 0
 163              		@ frame_needed = 1, uses_anonymous_args = 0
 164              		@ link register save eliminated.
 165 0000 80B4     		push	{r7}
 166              	.LCFI6:
 167              		.cfi_def_cfa_offset 4
 168              		.cfi_offset 7, -4
 169 0002 00AF     		add	r7, sp, #0
 170              	.LCFI7:
 171              		.cfi_def_cfa_register 7
 173:Drivers/STM32F3xx_HAL_Driver/Src/stm32f3xx_hal_pwr_ex.c ****   SET_BIT(PWR->CR, PWR_CR_PVDE);  
 172              		.loc 1 173 0
ARM GAS  /tmp/ccBE4Xxn.s 			page 7


 173 0004 054B     		ldr	r3, .L10
 174 0006 1B68     		ldr	r3, [r3]
 175 0008 044A     		ldr	r2, .L10
 176 000a 43F01003 		orr	r3, r3, #16
 177 000e 1360     		str	r3, [r2]
 174:Drivers/STM32F3xx_HAL_Driver/Src/stm32f3xx_hal_pwr_ex.c **** }
 178              		.loc 1 174 0
 179 0010 00BF     		nop
 180 0012 BD46     		mov	sp, r7
 181              	.LCFI8:
 182              		.cfi_def_cfa_register 13
 183              		@ sp needed
 184 0014 5DF8047B 		ldr	r7, [sp], #4
 185              	.LCFI9:
 186              		.cfi_restore 7
 187              		.cfi_def_cfa_offset 0
 188 0018 7047     		bx	lr
 189              	.L11:
 190 001a 00BF     		.align	2
 191              	.L10:
 192 001c 00700040 		.word	1073770496
 193              		.cfi_endproc
 194              	.LFE124:
 196              		.section	.text.HAL_PWR_DisablePVD,"ax",%progbits
 197              		.align	1
 198              		.global	HAL_PWR_DisablePVD
 199              		.syntax unified
 200              		.thumb
 201              		.thumb_func
 202              		.fpu fpv4-sp-d16
 204              	HAL_PWR_DisablePVD:
 205              	.LFB125:
 175:Drivers/STM32F3xx_HAL_Driver/Src/stm32f3xx_hal_pwr_ex.c **** 
 176:Drivers/STM32F3xx_HAL_Driver/Src/stm32f3xx_hal_pwr_ex.c **** /**
 177:Drivers/STM32F3xx_HAL_Driver/Src/stm32f3xx_hal_pwr_ex.c ****   * @brief Disables the Power Voltage Detector(PVD).
 178:Drivers/STM32F3xx_HAL_Driver/Src/stm32f3xx_hal_pwr_ex.c ****   * @retval None
 179:Drivers/STM32F3xx_HAL_Driver/Src/stm32f3xx_hal_pwr_ex.c ****   */
 180:Drivers/STM32F3xx_HAL_Driver/Src/stm32f3xx_hal_pwr_ex.c **** void HAL_PWR_DisablePVD(void)
 181:Drivers/STM32F3xx_HAL_Driver/Src/stm32f3xx_hal_pwr_ex.c **** {
 206              		.loc 1 181 0
 207              		.cfi_startproc
 208              		@ args = 0, pretend = 0, frame = 0
 209              		@ frame_needed = 1, uses_anonymous_args = 0
 210              		@ link register save eliminated.
 211 0000 80B4     		push	{r7}
 212              	.LCFI10:
 213              		.cfi_def_cfa_offset 4
 214              		.cfi_offset 7, -4
 215 0002 00AF     		add	r7, sp, #0
 216              	.LCFI11:
 217              		.cfi_def_cfa_register 7
 182:Drivers/STM32F3xx_HAL_Driver/Src/stm32f3xx_hal_pwr_ex.c ****   CLEAR_BIT(PWR->CR, PWR_CR_PVDE);  
 218              		.loc 1 182 0
 219 0004 054B     		ldr	r3, .L13
 220 0006 1B68     		ldr	r3, [r3]
 221 0008 044A     		ldr	r2, .L13
 222 000a 23F01003 		bic	r3, r3, #16
ARM GAS  /tmp/ccBE4Xxn.s 			page 8


 223 000e 1360     		str	r3, [r2]
 183:Drivers/STM32F3xx_HAL_Driver/Src/stm32f3xx_hal_pwr_ex.c **** }
 224              		.loc 1 183 0
 225 0010 00BF     		nop
 226 0012 BD46     		mov	sp, r7
 227              	.LCFI12:
 228              		.cfi_def_cfa_register 13
 229              		@ sp needed
 230 0014 5DF8047B 		ldr	r7, [sp], #4
 231              	.LCFI13:
 232              		.cfi_restore 7
 233              		.cfi_def_cfa_offset 0
 234 0018 7047     		bx	lr
 235              	.L14:
 236 001a 00BF     		.align	2
 237              	.L13:
 238 001c 00700040 		.word	1073770496
 239              		.cfi_endproc
 240              	.LFE125:
 242              		.section	.text.HAL_PWR_PVD_IRQHandler,"ax",%progbits
 243              		.align	1
 244              		.global	HAL_PWR_PVD_IRQHandler
 245              		.syntax unified
 246              		.thumb
 247              		.thumb_func
 248              		.fpu fpv4-sp-d16
 250              	HAL_PWR_PVD_IRQHandler:
 251              	.LFB126:
 184:Drivers/STM32F3xx_HAL_Driver/Src/stm32f3xx_hal_pwr_ex.c **** 
 185:Drivers/STM32F3xx_HAL_Driver/Src/stm32f3xx_hal_pwr_ex.c **** /**
 186:Drivers/STM32F3xx_HAL_Driver/Src/stm32f3xx_hal_pwr_ex.c ****   * @brief This function handles the PWR PVD interrupt request.
 187:Drivers/STM32F3xx_HAL_Driver/Src/stm32f3xx_hal_pwr_ex.c ****   * @note This API should be called under the PVD_IRQHandler().
 188:Drivers/STM32F3xx_HAL_Driver/Src/stm32f3xx_hal_pwr_ex.c ****   * @retval None
 189:Drivers/STM32F3xx_HAL_Driver/Src/stm32f3xx_hal_pwr_ex.c ****   */
 190:Drivers/STM32F3xx_HAL_Driver/Src/stm32f3xx_hal_pwr_ex.c **** void HAL_PWR_PVD_IRQHandler(void)
 191:Drivers/STM32F3xx_HAL_Driver/Src/stm32f3xx_hal_pwr_ex.c **** {
 252              		.loc 1 191 0
 253              		.cfi_startproc
 254              		@ args = 0, pretend = 0, frame = 0
 255              		@ frame_needed = 1, uses_anonymous_args = 0
 256 0000 80B5     		push	{r7, lr}
 257              	.LCFI14:
 258              		.cfi_def_cfa_offset 8
 259              		.cfi_offset 7, -8
 260              		.cfi_offset 14, -4
 261 0002 00AF     		add	r7, sp, #0
 262              	.LCFI15:
 263              		.cfi_def_cfa_register 7
 192:Drivers/STM32F3xx_HAL_Driver/Src/stm32f3xx_hal_pwr_ex.c ****   /* Check PWR exti flag */
 193:Drivers/STM32F3xx_HAL_Driver/Src/stm32f3xx_hal_pwr_ex.c ****   if(__HAL_PWR_PVD_EXTI_GET_FLAG() != RESET)
 264              		.loc 1 193 0
 265 0004 064B     		ldr	r3, .L18
 266 0006 5B69     		ldr	r3, [r3, #20]
 267 0008 03F48033 		and	r3, r3, #65536
 268 000c 002B     		cmp	r3, #0
 269 000e 05D0     		beq	.L17
 194:Drivers/STM32F3xx_HAL_Driver/Src/stm32f3xx_hal_pwr_ex.c ****   {
ARM GAS  /tmp/ccBE4Xxn.s 			page 9


 195:Drivers/STM32F3xx_HAL_Driver/Src/stm32f3xx_hal_pwr_ex.c ****     /* PWR PVD interrupt user callback */
 196:Drivers/STM32F3xx_HAL_Driver/Src/stm32f3xx_hal_pwr_ex.c ****     HAL_PWR_PVDCallback();
 270              		.loc 1 196 0
 271 0010 FFF7FEFF 		bl	HAL_PWR_PVDCallback
 197:Drivers/STM32F3xx_HAL_Driver/Src/stm32f3xx_hal_pwr_ex.c **** 
 198:Drivers/STM32F3xx_HAL_Driver/Src/stm32f3xx_hal_pwr_ex.c ****     /* Clear PWR Exti pending bit */
 199:Drivers/STM32F3xx_HAL_Driver/Src/stm32f3xx_hal_pwr_ex.c ****     __HAL_PWR_PVD_EXTI_CLEAR_FLAG();
 272              		.loc 1 199 0
 273 0014 024B     		ldr	r3, .L18
 274 0016 4FF48032 		mov	r2, #65536
 275 001a 5A61     		str	r2, [r3, #20]
 276              	.L17:
 200:Drivers/STM32F3xx_HAL_Driver/Src/stm32f3xx_hal_pwr_ex.c ****   }
 201:Drivers/STM32F3xx_HAL_Driver/Src/stm32f3xx_hal_pwr_ex.c **** }
 277              		.loc 1 201 0
 278 001c 00BF     		nop
 279 001e 80BD     		pop	{r7, pc}
 280              	.L19:
 281              		.align	2
 282              	.L18:
 283 0020 00040140 		.word	1073808384
 284              		.cfi_endproc
 285              	.LFE126:
 287              		.section	.text.HAL_PWR_PVDCallback,"ax",%progbits
 288              		.align	1
 289              		.weak	HAL_PWR_PVDCallback
 290              		.syntax unified
 291              		.thumb
 292              		.thumb_func
 293              		.fpu fpv4-sp-d16
 295              	HAL_PWR_PVDCallback:
 296              	.LFB127:
 202:Drivers/STM32F3xx_HAL_Driver/Src/stm32f3xx_hal_pwr_ex.c **** 
 203:Drivers/STM32F3xx_HAL_Driver/Src/stm32f3xx_hal_pwr_ex.c **** /**
 204:Drivers/STM32F3xx_HAL_Driver/Src/stm32f3xx_hal_pwr_ex.c ****   * @brief PWR PVD interrupt callback
 205:Drivers/STM32F3xx_HAL_Driver/Src/stm32f3xx_hal_pwr_ex.c ****   * @retval None
 206:Drivers/STM32F3xx_HAL_Driver/Src/stm32f3xx_hal_pwr_ex.c ****   */
 207:Drivers/STM32F3xx_HAL_Driver/Src/stm32f3xx_hal_pwr_ex.c **** __weak void HAL_PWR_PVDCallback(void)
 208:Drivers/STM32F3xx_HAL_Driver/Src/stm32f3xx_hal_pwr_ex.c **** {
 297              		.loc 1 208 0
 298              		.cfi_startproc
 299              		@ args = 0, pretend = 0, frame = 0
 300              		@ frame_needed = 1, uses_anonymous_args = 0
 301              		@ link register save eliminated.
 302 0000 80B4     		push	{r7}
 303              	.LCFI16:
 304              		.cfi_def_cfa_offset 4
 305              		.cfi_offset 7, -4
 306 0002 00AF     		add	r7, sp, #0
 307              	.LCFI17:
 308              		.cfi_def_cfa_register 7
 209:Drivers/STM32F3xx_HAL_Driver/Src/stm32f3xx_hal_pwr_ex.c ****   /* NOTE : This function Should not be modified, when the callback is needed,
 210:Drivers/STM32F3xx_HAL_Driver/Src/stm32f3xx_hal_pwr_ex.c ****             the HAL_PWR_PVDCallback could be implemented in the user file
 211:Drivers/STM32F3xx_HAL_Driver/Src/stm32f3xx_hal_pwr_ex.c ****    */
 212:Drivers/STM32F3xx_HAL_Driver/Src/stm32f3xx_hal_pwr_ex.c **** }
 309              		.loc 1 212 0
 310 0004 00BF     		nop
ARM GAS  /tmp/ccBE4Xxn.s 			page 10


 311 0006 BD46     		mov	sp, r7
 312              	.LCFI18:
 313              		.cfi_def_cfa_register 13
 314              		@ sp needed
 315 0008 5DF8047B 		ldr	r7, [sp], #4
 316              	.LCFI19:
 317              		.cfi_restore 7
 318              		.cfi_def_cfa_offset 0
 319 000c 7047     		bx	lr
 320              		.cfi_endproc
 321              	.LFE127:
 323              		.text
 324              	.Letext0:
 325              		.file 2 "/opt/st/stm32cubeide_1.3.0/plugins/com.st.stm32cube.ide.mcu.externaltools.gnu-tools-for-s
 326              		.file 3 "/opt/st/stm32cubeide_1.3.0/plugins/com.st.stm32cube.ide.mcu.externaltools.gnu-tools-for-s
 327              		.file 4 "Drivers/CMSIS/Include/core_cm4.h"
 328              		.file 5 "Drivers/CMSIS/Device/ST/STM32F3xx/Include/system_stm32f3xx.h"
 329              		.file 6 "Drivers/CMSIS/Device/ST/STM32F3xx/Include/stm32f303x8.h"
 330              		.file 7 "Drivers/STM32F3xx_HAL_Driver/Inc/stm32f3xx_hal_pwr_ex.h"
 331              		.file 8 "Drivers/CMSIS/Device/ST/STM32F3xx/Include/stm32f3xx.h"
 332              		.file 9 "Drivers/STM32F3xx_HAL_Driver/Inc/stm32f3xx_hal.h"
ARM GAS  /tmp/ccBE4Xxn.s 			page 11


DEFINED SYMBOLS
                            *ABS*:0000000000000000 stm32f3xx_hal_pwr_ex.c
     /tmp/ccBE4Xxn.s:18     .text.HAL_PWR_ConfigPVD:0000000000000000 $t
     /tmp/ccBE4Xxn.s:25     .text.HAL_PWR_ConfigPVD:0000000000000000 HAL_PWR_ConfigPVD
     /tmp/ccBE4Xxn.s:145    .text.HAL_PWR_ConfigPVD:00000000000000b8 $d
     /tmp/ccBE4Xxn.s:151    .text.HAL_PWR_EnablePVD:0000000000000000 $t
     /tmp/ccBE4Xxn.s:158    .text.HAL_PWR_EnablePVD:0000000000000000 HAL_PWR_EnablePVD
     /tmp/ccBE4Xxn.s:192    .text.HAL_PWR_EnablePVD:000000000000001c $d
     /tmp/ccBE4Xxn.s:197    .text.HAL_PWR_DisablePVD:0000000000000000 $t
     /tmp/ccBE4Xxn.s:204    .text.HAL_PWR_DisablePVD:0000000000000000 HAL_PWR_DisablePVD
     /tmp/ccBE4Xxn.s:238    .text.HAL_PWR_DisablePVD:000000000000001c $d
     /tmp/ccBE4Xxn.s:243    .text.HAL_PWR_PVD_IRQHandler:0000000000000000 $t
     /tmp/ccBE4Xxn.s:250    .text.HAL_PWR_PVD_IRQHandler:0000000000000000 HAL_PWR_PVD_IRQHandler
     /tmp/ccBE4Xxn.s:295    .text.HAL_PWR_PVDCallback:0000000000000000 HAL_PWR_PVDCallback
     /tmp/ccBE4Xxn.s:283    .text.HAL_PWR_PVD_IRQHandler:0000000000000020 $d
     /tmp/ccBE4Xxn.s:288    .text.HAL_PWR_PVDCallback:0000000000000000 $t

NO UNDEFINED SYMBOLS
