ARM GAS  /tmp/cc2eZeUr.s 			page 1


   1              		.cpu cortex-m4
   2              		.eabi_attribute 27, 1
   3              		.eabi_attribute 28, 1
   4              		.eabi_attribute 20, 1
   5              		.eabi_attribute 21, 1
   6              		.eabi_attribute 23, 3
   7              		.eabi_attribute 24, 1
   8              		.eabi_attribute 25, 1
   9              		.eabi_attribute 26, 1
  10              		.eabi_attribute 30, 6
  11              		.eabi_attribute 34, 1
  12              		.eabi_attribute 18, 4
  13              		.file	"stm32f3xx_hal.c"
  14              		.text
  15              	.Ltext0:
  16              		.cfi_sections	.debug_frame
  17              		.comm	uwTick,4,4
  18              		.global	uwTickPrio
  19              		.section	.data.uwTickPrio,"aw",%progbits
  20              		.align	2
  23              	uwTickPrio:
  24 0000 10000000 		.word	16
  25              		.global	uwTickFreq
  26              		.section	.data.uwTickFreq,"aw",%progbits
  29              	uwTickFreq:
  30 0000 01       		.byte	1
  31              		.section	.text.HAL_Init,"ax",%progbits
  32              		.align	1
  33              		.global	HAL_Init
  34              		.syntax unified
  35              		.thumb
  36              		.thumb_func
  37              		.fpu fpv4-sp-d16
  39              	HAL_Init:
  40              	.LFB123:
  41              		.file 1 "Drivers/STM32F3xx_HAL_Driver/Src/stm32f3xx_hal.c"
   1:Drivers/STM32F3xx_HAL_Driver/Src/stm32f3xx_hal.c **** /**
   2:Drivers/STM32F3xx_HAL_Driver/Src/stm32f3xx_hal.c ****   ******************************************************************************
   3:Drivers/STM32F3xx_HAL_Driver/Src/stm32f3xx_hal.c ****   * @file    stm32f3xx_hal.c
   4:Drivers/STM32F3xx_HAL_Driver/Src/stm32f3xx_hal.c ****   * @author  MCD Application Team
   5:Drivers/STM32F3xx_HAL_Driver/Src/stm32f3xx_hal.c ****   * @brief   HAL module driver.
   6:Drivers/STM32F3xx_HAL_Driver/Src/stm32f3xx_hal.c ****   *          This is the common part of the HAL initialization
   7:Drivers/STM32F3xx_HAL_Driver/Src/stm32f3xx_hal.c ****   *
   8:Drivers/STM32F3xx_HAL_Driver/Src/stm32f3xx_hal.c ****   @verbatim
   9:Drivers/STM32F3xx_HAL_Driver/Src/stm32f3xx_hal.c ****   ==============================================================================
  10:Drivers/STM32F3xx_HAL_Driver/Src/stm32f3xx_hal.c ****                      ##### How to use this driver #####
  11:Drivers/STM32F3xx_HAL_Driver/Src/stm32f3xx_hal.c ****   ==============================================================================
  12:Drivers/STM32F3xx_HAL_Driver/Src/stm32f3xx_hal.c ****     [..]
  13:Drivers/STM32F3xx_HAL_Driver/Src/stm32f3xx_hal.c ****     The common HAL driver contains a set of generic and common APIs that can be
  14:Drivers/STM32F3xx_HAL_Driver/Src/stm32f3xx_hal.c ****     used by the PPP peripheral drivers and the user to start using the HAL.
  15:Drivers/STM32F3xx_HAL_Driver/Src/stm32f3xx_hal.c ****     [..]
  16:Drivers/STM32F3xx_HAL_Driver/Src/stm32f3xx_hal.c ****     The HAL contains two APIs categories:
  17:Drivers/STM32F3xx_HAL_Driver/Src/stm32f3xx_hal.c ****          (+) HAL Initialization and de-initialization functions
  18:Drivers/STM32F3xx_HAL_Driver/Src/stm32f3xx_hal.c ****          (+) HAL Control functions
  19:Drivers/STM32F3xx_HAL_Driver/Src/stm32f3xx_hal.c **** 
  20:Drivers/STM32F3xx_HAL_Driver/Src/stm32f3xx_hal.c ****   @endverbatim
  21:Drivers/STM32F3xx_HAL_Driver/Src/stm32f3xx_hal.c ****   ******************************************************************************
ARM GAS  /tmp/cc2eZeUr.s 			page 2


  22:Drivers/STM32F3xx_HAL_Driver/Src/stm32f3xx_hal.c ****   * @attention
  23:Drivers/STM32F3xx_HAL_Driver/Src/stm32f3xx_hal.c ****   *
  24:Drivers/STM32F3xx_HAL_Driver/Src/stm32f3xx_hal.c ****   * <h2><center>&copy; Copyright (c) 2016 STMicroelectronics.
  25:Drivers/STM32F3xx_HAL_Driver/Src/stm32f3xx_hal.c ****   * All rights reserved.</center></h2>
  26:Drivers/STM32F3xx_HAL_Driver/Src/stm32f3xx_hal.c ****   *
  27:Drivers/STM32F3xx_HAL_Driver/Src/stm32f3xx_hal.c ****   * This software component is licensed by ST under BSD 3-Clause license,
  28:Drivers/STM32F3xx_HAL_Driver/Src/stm32f3xx_hal.c ****   * the "License"; You may not use this file except in compliance with the
  29:Drivers/STM32F3xx_HAL_Driver/Src/stm32f3xx_hal.c ****   * License. You may obtain a copy of the License at:
  30:Drivers/STM32F3xx_HAL_Driver/Src/stm32f3xx_hal.c ****   *                        opensource.org/licenses/BSD-3-Clause
  31:Drivers/STM32F3xx_HAL_Driver/Src/stm32f3xx_hal.c ****   *
  32:Drivers/STM32F3xx_HAL_Driver/Src/stm32f3xx_hal.c ****   ******************************************************************************
  33:Drivers/STM32F3xx_HAL_Driver/Src/stm32f3xx_hal.c ****   */
  34:Drivers/STM32F3xx_HAL_Driver/Src/stm32f3xx_hal.c **** 
  35:Drivers/STM32F3xx_HAL_Driver/Src/stm32f3xx_hal.c **** /* Includes ------------------------------------------------------------------*/
  36:Drivers/STM32F3xx_HAL_Driver/Src/stm32f3xx_hal.c **** #include "stm32f3xx_hal.h"
  37:Drivers/STM32F3xx_HAL_Driver/Src/stm32f3xx_hal.c **** 
  38:Drivers/STM32F3xx_HAL_Driver/Src/stm32f3xx_hal.c **** /** @addtogroup STM32F3xx_HAL_Driver
  39:Drivers/STM32F3xx_HAL_Driver/Src/stm32f3xx_hal.c ****   * @{
  40:Drivers/STM32F3xx_HAL_Driver/Src/stm32f3xx_hal.c ****   */
  41:Drivers/STM32F3xx_HAL_Driver/Src/stm32f3xx_hal.c **** 
  42:Drivers/STM32F3xx_HAL_Driver/Src/stm32f3xx_hal.c **** /** @defgroup HAL HAL
  43:Drivers/STM32F3xx_HAL_Driver/Src/stm32f3xx_hal.c ****   * @brief HAL module driver.
  44:Drivers/STM32F3xx_HAL_Driver/Src/stm32f3xx_hal.c ****   * @{
  45:Drivers/STM32F3xx_HAL_Driver/Src/stm32f3xx_hal.c ****   */
  46:Drivers/STM32F3xx_HAL_Driver/Src/stm32f3xx_hal.c **** 
  47:Drivers/STM32F3xx_HAL_Driver/Src/stm32f3xx_hal.c **** #ifdef HAL_MODULE_ENABLED
  48:Drivers/STM32F3xx_HAL_Driver/Src/stm32f3xx_hal.c **** 
  49:Drivers/STM32F3xx_HAL_Driver/Src/stm32f3xx_hal.c **** /* Private typedef -----------------------------------------------------------*/
  50:Drivers/STM32F3xx_HAL_Driver/Src/stm32f3xx_hal.c **** /* Private define ------------------------------------------------------------*/
  51:Drivers/STM32F3xx_HAL_Driver/Src/stm32f3xx_hal.c **** /** @defgroup HAL_Private Constants
  52:Drivers/STM32F3xx_HAL_Driver/Src/stm32f3xx_hal.c ****   * @{
  53:Drivers/STM32F3xx_HAL_Driver/Src/stm32f3xx_hal.c ****   */
  54:Drivers/STM32F3xx_HAL_Driver/Src/stm32f3xx_hal.c **** /**
  55:Drivers/STM32F3xx_HAL_Driver/Src/stm32f3xx_hal.c ****  * @brief STM32F3xx HAL Driver version number V1.5.3
  56:Drivers/STM32F3xx_HAL_Driver/Src/stm32f3xx_hal.c ****    */
  57:Drivers/STM32F3xx_HAL_Driver/Src/stm32f3xx_hal.c **** #define __STM32F3xx_HAL_VERSION_MAIN   (0x01U) /*!< [31:24] main version */
  58:Drivers/STM32F3xx_HAL_Driver/Src/stm32f3xx_hal.c **** #define __STM32F3xx_HAL_VERSION_SUB1   (0x05U) /*!< [23:16] sub1 version */
  59:Drivers/STM32F3xx_HAL_Driver/Src/stm32f3xx_hal.c **** #define __STM32F3xx_HAL_VERSION_SUB2   (0x03U) /*!< [15:8]  sub2 version */
  60:Drivers/STM32F3xx_HAL_Driver/Src/stm32f3xx_hal.c **** #define __STM32F3xx_HAL_VERSION_RC     (0x00U) /*!< [7:0]  release candidate */
  61:Drivers/STM32F3xx_HAL_Driver/Src/stm32f3xx_hal.c **** #define __STM32F3xx_HAL_VERSION         ((__STM32F3xx_HAL_VERSION_MAIN << 24U)\
  62:Drivers/STM32F3xx_HAL_Driver/Src/stm32f3xx_hal.c ****                                         |(__STM32F3xx_HAL_VERSION_SUB1 << 16U)\
  63:Drivers/STM32F3xx_HAL_Driver/Src/stm32f3xx_hal.c ****                                         |(__STM32F3xx_HAL_VERSION_SUB2 << 8U )\
  64:Drivers/STM32F3xx_HAL_Driver/Src/stm32f3xx_hal.c ****                                         |(__STM32F3xx_HAL_VERSION_RC))
  65:Drivers/STM32F3xx_HAL_Driver/Src/stm32f3xx_hal.c **** 
  66:Drivers/STM32F3xx_HAL_Driver/Src/stm32f3xx_hal.c **** #define IDCODE_DEVID_MASK    (0x00000FFFU)
  67:Drivers/STM32F3xx_HAL_Driver/Src/stm32f3xx_hal.c **** /**
  68:Drivers/STM32F3xx_HAL_Driver/Src/stm32f3xx_hal.c ****   * @}
  69:Drivers/STM32F3xx_HAL_Driver/Src/stm32f3xx_hal.c ****   */
  70:Drivers/STM32F3xx_HAL_Driver/Src/stm32f3xx_hal.c ****   
  71:Drivers/STM32F3xx_HAL_Driver/Src/stm32f3xx_hal.c **** /* Private macro -------------------------------------------------------------*/
  72:Drivers/STM32F3xx_HAL_Driver/Src/stm32f3xx_hal.c **** /* Exported variables --------------------------------------------------------*/
  73:Drivers/STM32F3xx_HAL_Driver/Src/stm32f3xx_hal.c **** /** @defgroup HAL_Exported_Variables HAL Exported Variables
  74:Drivers/STM32F3xx_HAL_Driver/Src/stm32f3xx_hal.c ****   * @{
  75:Drivers/STM32F3xx_HAL_Driver/Src/stm32f3xx_hal.c ****   */
  76:Drivers/STM32F3xx_HAL_Driver/Src/stm32f3xx_hal.c **** __IO uint32_t uwTick;
  77:Drivers/STM32F3xx_HAL_Driver/Src/stm32f3xx_hal.c **** uint32_t uwTickPrio   = (1UL << __NVIC_PRIO_BITS); /* Invalid PRIO */
  78:Drivers/STM32F3xx_HAL_Driver/Src/stm32f3xx_hal.c **** HAL_TickFreqTypeDef uwTickFreq = HAL_TICK_FREQ_DEFAULT;  /* 1KHz */
ARM GAS  /tmp/cc2eZeUr.s 			page 3


  79:Drivers/STM32F3xx_HAL_Driver/Src/stm32f3xx_hal.c **** /**
  80:Drivers/STM32F3xx_HAL_Driver/Src/stm32f3xx_hal.c ****   * @}
  81:Drivers/STM32F3xx_HAL_Driver/Src/stm32f3xx_hal.c ****   */
  82:Drivers/STM32F3xx_HAL_Driver/Src/stm32f3xx_hal.c **** /* Private function prototypes -----------------------------------------------*/
  83:Drivers/STM32F3xx_HAL_Driver/Src/stm32f3xx_hal.c **** /* Exported functions ---------------------------------------------------------*/
  84:Drivers/STM32F3xx_HAL_Driver/Src/stm32f3xx_hal.c **** 
  85:Drivers/STM32F3xx_HAL_Driver/Src/stm32f3xx_hal.c **** /** @defgroup HAL_Exported_Functions HAL Exported Functions
  86:Drivers/STM32F3xx_HAL_Driver/Src/stm32f3xx_hal.c ****   * @{
  87:Drivers/STM32F3xx_HAL_Driver/Src/stm32f3xx_hal.c ****   */
  88:Drivers/STM32F3xx_HAL_Driver/Src/stm32f3xx_hal.c **** 
  89:Drivers/STM32F3xx_HAL_Driver/Src/stm32f3xx_hal.c **** /** @defgroup HAL_Exported_Functions_Group1 Initialization and de-initialization Functions 
  90:Drivers/STM32F3xx_HAL_Driver/Src/stm32f3xx_hal.c ****  *  @brief    Initialization and de-initialization functions
  91:Drivers/STM32F3xx_HAL_Driver/Src/stm32f3xx_hal.c ****  *
  92:Drivers/STM32F3xx_HAL_Driver/Src/stm32f3xx_hal.c **** @verbatim
  93:Drivers/STM32F3xx_HAL_Driver/Src/stm32f3xx_hal.c ****  ===============================================================================
  94:Drivers/STM32F3xx_HAL_Driver/Src/stm32f3xx_hal.c ****               ##### Initialization and de-initialization functions #####
  95:Drivers/STM32F3xx_HAL_Driver/Src/stm32f3xx_hal.c ****  ===============================================================================
  96:Drivers/STM32F3xx_HAL_Driver/Src/stm32f3xx_hal.c ****     [..]  This section provides functions allowing to:
  97:Drivers/STM32F3xx_HAL_Driver/Src/stm32f3xx_hal.c ****       (+) Initializes the Flash interface, the NVIC allocation and initial clock 
  98:Drivers/STM32F3xx_HAL_Driver/Src/stm32f3xx_hal.c ****           configuration. It initializes the systick also when timeout is needed
  99:Drivers/STM32F3xx_HAL_Driver/Src/stm32f3xx_hal.c ****           and the backup domain when enabled.
 100:Drivers/STM32F3xx_HAL_Driver/Src/stm32f3xx_hal.c ****       (+) de-Initializes common part of the HAL.
 101:Drivers/STM32F3xx_HAL_Driver/Src/stm32f3xx_hal.c ****       (+) Configure The time base source to have 1ms time base with a dedicated 
 102:Drivers/STM32F3xx_HAL_Driver/Src/stm32f3xx_hal.c ****           Tick interrupt priority. 
 103:Drivers/STM32F3xx_HAL_Driver/Src/stm32f3xx_hal.c ****         (++) SysTick timer is used by default as source of time base, but user 
 104:Drivers/STM32F3xx_HAL_Driver/Src/stm32f3xx_hal.c ****              can eventually implement his proper time base source (a general purpose 
 105:Drivers/STM32F3xx_HAL_Driver/Src/stm32f3xx_hal.c ****              timer for example or other time source), keeping in mind that Time base 
 106:Drivers/STM32F3xx_HAL_Driver/Src/stm32f3xx_hal.c ****              duration should be kept 1ms since PPP_TIMEOUT_VALUEs are defined and 
 107:Drivers/STM32F3xx_HAL_Driver/Src/stm32f3xx_hal.c ****              handled in milliseconds basis.
 108:Drivers/STM32F3xx_HAL_Driver/Src/stm32f3xx_hal.c ****         (++) Time base configuration function (HAL_InitTick ()) is called automatically 
 109:Drivers/STM32F3xx_HAL_Driver/Src/stm32f3xx_hal.c ****              at the beginning of the program after reset by HAL_Init() or at any time 
 110:Drivers/STM32F3xx_HAL_Driver/Src/stm32f3xx_hal.c ****              when clock is configured, by HAL_RCC_ClockConfig(). 
 111:Drivers/STM32F3xx_HAL_Driver/Src/stm32f3xx_hal.c ****         (++) Source of time base is configured  to generate interrupts at regular 
 112:Drivers/STM32F3xx_HAL_Driver/Src/stm32f3xx_hal.c ****              time intervals. Care must be taken if HAL_Delay() is called from a 
 113:Drivers/STM32F3xx_HAL_Driver/Src/stm32f3xx_hal.c ****              peripheral ISR process, the Tick interrupt line must have higher priority 
 114:Drivers/STM32F3xx_HAL_Driver/Src/stm32f3xx_hal.c ****             (numerically lower) than the peripheral interrupt. Otherwise the caller 
 115:Drivers/STM32F3xx_HAL_Driver/Src/stm32f3xx_hal.c ****             ISR process will be blocked. 
 116:Drivers/STM32F3xx_HAL_Driver/Src/stm32f3xx_hal.c ****        (++) functions affecting time base configurations are declared as __Weak  
 117:Drivers/STM32F3xx_HAL_Driver/Src/stm32f3xx_hal.c ****              to make  override possible  in case of other  implementations in user file.
 118:Drivers/STM32F3xx_HAL_Driver/Src/stm32f3xx_hal.c **** 
 119:Drivers/STM32F3xx_HAL_Driver/Src/stm32f3xx_hal.c **** @endverbatim
 120:Drivers/STM32F3xx_HAL_Driver/Src/stm32f3xx_hal.c ****   * @{
 121:Drivers/STM32F3xx_HAL_Driver/Src/stm32f3xx_hal.c ****   */
 122:Drivers/STM32F3xx_HAL_Driver/Src/stm32f3xx_hal.c **** 
 123:Drivers/STM32F3xx_HAL_Driver/Src/stm32f3xx_hal.c **** /**
 124:Drivers/STM32F3xx_HAL_Driver/Src/stm32f3xx_hal.c ****   * @brief  This function configures the Flash prefetch, 
 125:Drivers/STM32F3xx_HAL_Driver/Src/stm32f3xx_hal.c ****   *         Configures time base source, NVIC and Low level hardware
 126:Drivers/STM32F3xx_HAL_Driver/Src/stm32f3xx_hal.c ****   * @note   This function is called at the beginning of program after reset and before 
 127:Drivers/STM32F3xx_HAL_Driver/Src/stm32f3xx_hal.c ****   *         the clock configuration
 128:Drivers/STM32F3xx_HAL_Driver/Src/stm32f3xx_hal.c ****   *             
 129:Drivers/STM32F3xx_HAL_Driver/Src/stm32f3xx_hal.c ****   * @note   The Systick configuration is based on HSI clock, as HSI is the clock
 130:Drivers/STM32F3xx_HAL_Driver/Src/stm32f3xx_hal.c ****   *         used after a system Reset and the NVIC configuration is set to Priority group 4 
 131:Drivers/STM32F3xx_HAL_Driver/Src/stm32f3xx_hal.c ****   *            
 132:Drivers/STM32F3xx_HAL_Driver/Src/stm32f3xx_hal.c ****   * @note   The time base configuration is based on MSI clock when exting from Reset.
 133:Drivers/STM32F3xx_HAL_Driver/Src/stm32f3xx_hal.c ****   *         Once done, time base tick start incrementing.
 134:Drivers/STM32F3xx_HAL_Driver/Src/stm32f3xx_hal.c ****   *         In the default implementation,Systick is used as source of time base.
 135:Drivers/STM32F3xx_HAL_Driver/Src/stm32f3xx_hal.c ****   *       The tick variable is incremented each 1ms in its ISR.
ARM GAS  /tmp/cc2eZeUr.s 			page 4


 136:Drivers/STM32F3xx_HAL_Driver/Src/stm32f3xx_hal.c ****   * @retval HAL status
 137:Drivers/STM32F3xx_HAL_Driver/Src/stm32f3xx_hal.c ****   */
 138:Drivers/STM32F3xx_HAL_Driver/Src/stm32f3xx_hal.c **** HAL_StatusTypeDef HAL_Init(void)
 139:Drivers/STM32F3xx_HAL_Driver/Src/stm32f3xx_hal.c **** {
  42              		.loc 1 139 0
  43              		.cfi_startproc
  44              		@ args = 0, pretend = 0, frame = 0
  45              		@ frame_needed = 1, uses_anonymous_args = 0
  46 0000 80B5     		push	{r7, lr}
  47              	.LCFI0:
  48              		.cfi_def_cfa_offset 8
  49              		.cfi_offset 7, -8
  50              		.cfi_offset 14, -4
  51 0002 00AF     		add	r7, sp, #0
  52              	.LCFI1:
  53              		.cfi_def_cfa_register 7
 140:Drivers/STM32F3xx_HAL_Driver/Src/stm32f3xx_hal.c ****   /* Configure Flash prefetch */
 141:Drivers/STM32F3xx_HAL_Driver/Src/stm32f3xx_hal.c **** #if (PREFETCH_ENABLE != 0U)
 142:Drivers/STM32F3xx_HAL_Driver/Src/stm32f3xx_hal.c ****   __HAL_FLASH_PREFETCH_BUFFER_ENABLE();
  54              		.loc 1 142 0
  55 0004 084B     		ldr	r3, .L3
  56 0006 1B68     		ldr	r3, [r3]
  57 0008 074A     		ldr	r2, .L3
  58 000a 43F01003 		orr	r3, r3, #16
  59 000e 1360     		str	r3, [r2]
 143:Drivers/STM32F3xx_HAL_Driver/Src/stm32f3xx_hal.c **** #endif /* PREFETCH_ENABLE */
 144:Drivers/STM32F3xx_HAL_Driver/Src/stm32f3xx_hal.c **** 
 145:Drivers/STM32F3xx_HAL_Driver/Src/stm32f3xx_hal.c ****   /* Set Interrupt Group Priority */
 146:Drivers/STM32F3xx_HAL_Driver/Src/stm32f3xx_hal.c ****   HAL_NVIC_SetPriorityGrouping(NVIC_PRIORITYGROUP_4);
  60              		.loc 1 146 0
  61 0010 0320     		movs	r0, #3
  62 0012 FFF7FEFF 		bl	HAL_NVIC_SetPriorityGrouping
 147:Drivers/STM32F3xx_HAL_Driver/Src/stm32f3xx_hal.c **** 
 148:Drivers/STM32F3xx_HAL_Driver/Src/stm32f3xx_hal.c ****   /* Enable systick and configure 1ms tick (default clock after Reset is HSI) */
 149:Drivers/STM32F3xx_HAL_Driver/Src/stm32f3xx_hal.c ****   HAL_InitTick(TICK_INT_PRIORITY);
  63              		.loc 1 149 0
  64 0016 0020     		movs	r0, #0
  65 0018 FFF7FEFF 		bl	HAL_InitTick
 150:Drivers/STM32F3xx_HAL_Driver/Src/stm32f3xx_hal.c **** 
 151:Drivers/STM32F3xx_HAL_Driver/Src/stm32f3xx_hal.c ****   /* Init the low level hardware */
 152:Drivers/STM32F3xx_HAL_Driver/Src/stm32f3xx_hal.c ****   HAL_MspInit();
  66              		.loc 1 152 0
  67 001c FFF7FEFF 		bl	HAL_MspInit
 153:Drivers/STM32F3xx_HAL_Driver/Src/stm32f3xx_hal.c **** 
 154:Drivers/STM32F3xx_HAL_Driver/Src/stm32f3xx_hal.c ****   /* Return function status */
 155:Drivers/STM32F3xx_HAL_Driver/Src/stm32f3xx_hal.c ****   return HAL_OK;
  68              		.loc 1 155 0
  69 0020 0023     		movs	r3, #0
 156:Drivers/STM32F3xx_HAL_Driver/Src/stm32f3xx_hal.c **** }
  70              		.loc 1 156 0
  71 0022 1846     		mov	r0, r3
  72 0024 80BD     		pop	{r7, pc}
  73              	.L4:
  74 0026 00BF     		.align	2
  75              	.L3:
  76 0028 00200240 		.word	1073881088
  77              		.cfi_endproc
ARM GAS  /tmp/cc2eZeUr.s 			page 5


  78              	.LFE123:
  80              		.section	.text.HAL_DeInit,"ax",%progbits
  81              		.align	1
  82              		.global	HAL_DeInit
  83              		.syntax unified
  84              		.thumb
  85              		.thumb_func
  86              		.fpu fpv4-sp-d16
  88              	HAL_DeInit:
  89              	.LFB124:
 157:Drivers/STM32F3xx_HAL_Driver/Src/stm32f3xx_hal.c **** 
 158:Drivers/STM32F3xx_HAL_Driver/Src/stm32f3xx_hal.c **** /**
 159:Drivers/STM32F3xx_HAL_Driver/Src/stm32f3xx_hal.c ****   * @brief  This function de-Initializes common part of the HAL and stops the systick.
 160:Drivers/STM32F3xx_HAL_Driver/Src/stm32f3xx_hal.c ****   * @note This function is optional.
 161:Drivers/STM32F3xx_HAL_Driver/Src/stm32f3xx_hal.c ****   * @retval HAL status
 162:Drivers/STM32F3xx_HAL_Driver/Src/stm32f3xx_hal.c ****   */
 163:Drivers/STM32F3xx_HAL_Driver/Src/stm32f3xx_hal.c **** HAL_StatusTypeDef HAL_DeInit(void)
 164:Drivers/STM32F3xx_HAL_Driver/Src/stm32f3xx_hal.c **** {
  90              		.loc 1 164 0
  91              		.cfi_startproc
  92              		@ args = 0, pretend = 0, frame = 0
  93              		@ frame_needed = 1, uses_anonymous_args = 0
  94 0000 80B5     		push	{r7, lr}
  95              	.LCFI2:
  96              		.cfi_def_cfa_offset 8
  97              		.cfi_offset 7, -8
  98              		.cfi_offset 14, -4
  99 0002 00AF     		add	r7, sp, #0
 100              	.LCFI3:
 101              		.cfi_def_cfa_register 7
 165:Drivers/STM32F3xx_HAL_Driver/Src/stm32f3xx_hal.c ****   /* Reset of all peripherals */
 166:Drivers/STM32F3xx_HAL_Driver/Src/stm32f3xx_hal.c ****   __HAL_RCC_APB1_FORCE_RESET();
 102              		.loc 1 166 0
 103 0004 0C4B     		ldr	r3, .L7
 104 0006 4FF0FF32 		mov	r2, #-1
 105 000a 1A61     		str	r2, [r3, #16]
 167:Drivers/STM32F3xx_HAL_Driver/Src/stm32f3xx_hal.c ****   __HAL_RCC_APB1_RELEASE_RESET();
 106              		.loc 1 167 0
 107 000c 0A4B     		ldr	r3, .L7
 108 000e 0022     		movs	r2, #0
 109 0010 1A61     		str	r2, [r3, #16]
 168:Drivers/STM32F3xx_HAL_Driver/Src/stm32f3xx_hal.c **** 
 169:Drivers/STM32F3xx_HAL_Driver/Src/stm32f3xx_hal.c ****   __HAL_RCC_APB2_FORCE_RESET();
 110              		.loc 1 169 0
 111 0012 094B     		ldr	r3, .L7
 112 0014 4FF0FF32 		mov	r2, #-1
 113 0018 DA60     		str	r2, [r3, #12]
 170:Drivers/STM32F3xx_HAL_Driver/Src/stm32f3xx_hal.c ****   __HAL_RCC_APB2_RELEASE_RESET();
 114              		.loc 1 170 0
 115 001a 074B     		ldr	r3, .L7
 116 001c 0022     		movs	r2, #0
 117 001e DA60     		str	r2, [r3, #12]
 171:Drivers/STM32F3xx_HAL_Driver/Src/stm32f3xx_hal.c **** 
 172:Drivers/STM32F3xx_HAL_Driver/Src/stm32f3xx_hal.c ****   __HAL_RCC_AHB_FORCE_RESET();
 118              		.loc 1 172 0
 119 0020 054B     		ldr	r3, .L7
 120 0022 4FF0FF32 		mov	r2, #-1
ARM GAS  /tmp/cc2eZeUr.s 			page 6


 121 0026 9A62     		str	r2, [r3, #40]
 173:Drivers/STM32F3xx_HAL_Driver/Src/stm32f3xx_hal.c ****   __HAL_RCC_AHB_RELEASE_RESET();
 122              		.loc 1 173 0
 123 0028 034B     		ldr	r3, .L7
 124 002a 0022     		movs	r2, #0
 125 002c 9A62     		str	r2, [r3, #40]
 174:Drivers/STM32F3xx_HAL_Driver/Src/stm32f3xx_hal.c **** 
 175:Drivers/STM32F3xx_HAL_Driver/Src/stm32f3xx_hal.c ****   /* De-Init the low level hardware */
 176:Drivers/STM32F3xx_HAL_Driver/Src/stm32f3xx_hal.c ****   HAL_MspDeInit();
 126              		.loc 1 176 0
 127 002e FFF7FEFF 		bl	HAL_MspDeInit
 177:Drivers/STM32F3xx_HAL_Driver/Src/stm32f3xx_hal.c **** 
 178:Drivers/STM32F3xx_HAL_Driver/Src/stm32f3xx_hal.c ****   /* Return function status */
 179:Drivers/STM32F3xx_HAL_Driver/Src/stm32f3xx_hal.c ****   return HAL_OK;
 128              		.loc 1 179 0
 129 0032 0023     		movs	r3, #0
 180:Drivers/STM32F3xx_HAL_Driver/Src/stm32f3xx_hal.c **** }
 130              		.loc 1 180 0
 131 0034 1846     		mov	r0, r3
 132 0036 80BD     		pop	{r7, pc}
 133              	.L8:
 134              		.align	2
 135              	.L7:
 136 0038 00100240 		.word	1073876992
 137              		.cfi_endproc
 138              	.LFE124:
 140              		.section	.text.HAL_MspInit,"ax",%progbits
 141              		.align	1
 142              		.weak	HAL_MspInit
 143              		.syntax unified
 144              		.thumb
 145              		.thumb_func
 146              		.fpu fpv4-sp-d16
 148              	HAL_MspInit:
 149              	.LFB125:
 181:Drivers/STM32F3xx_HAL_Driver/Src/stm32f3xx_hal.c **** 
 182:Drivers/STM32F3xx_HAL_Driver/Src/stm32f3xx_hal.c **** /**
 183:Drivers/STM32F3xx_HAL_Driver/Src/stm32f3xx_hal.c ****   * @brief  Initialize the MSP.
 184:Drivers/STM32F3xx_HAL_Driver/Src/stm32f3xx_hal.c ****   * @retval None
 185:Drivers/STM32F3xx_HAL_Driver/Src/stm32f3xx_hal.c ****   */
 186:Drivers/STM32F3xx_HAL_Driver/Src/stm32f3xx_hal.c **** __weak void HAL_MspInit(void)
 187:Drivers/STM32F3xx_HAL_Driver/Src/stm32f3xx_hal.c **** {
 150              		.loc 1 187 0
 151              		.cfi_startproc
 152              		@ args = 0, pretend = 0, frame = 0
 153              		@ frame_needed = 1, uses_anonymous_args = 0
 154              		@ link register save eliminated.
 155 0000 80B4     		push	{r7}
 156              	.LCFI4:
 157              		.cfi_def_cfa_offset 4
 158              		.cfi_offset 7, -4
 159 0002 00AF     		add	r7, sp, #0
 160              	.LCFI5:
 161              		.cfi_def_cfa_register 7
 188:Drivers/STM32F3xx_HAL_Driver/Src/stm32f3xx_hal.c ****   /* NOTE : This function should not be modified, when the callback is needed,
 189:Drivers/STM32F3xx_HAL_Driver/Src/stm32f3xx_hal.c ****             the HAL_MspInit could be implemented in the user file
 190:Drivers/STM32F3xx_HAL_Driver/Src/stm32f3xx_hal.c ****    */
ARM GAS  /tmp/cc2eZeUr.s 			page 7


 191:Drivers/STM32F3xx_HAL_Driver/Src/stm32f3xx_hal.c **** }
 162              		.loc 1 191 0
 163 0004 00BF     		nop
 164 0006 BD46     		mov	sp, r7
 165              	.LCFI6:
 166              		.cfi_def_cfa_register 13
 167              		@ sp needed
 168 0008 5DF8047B 		ldr	r7, [sp], #4
 169              	.LCFI7:
 170              		.cfi_restore 7
 171              		.cfi_def_cfa_offset 0
 172 000c 7047     		bx	lr
 173              		.cfi_endproc
 174              	.LFE125:
 176              		.section	.text.HAL_MspDeInit,"ax",%progbits
 177              		.align	1
 178              		.weak	HAL_MspDeInit
 179              		.syntax unified
 180              		.thumb
 181              		.thumb_func
 182              		.fpu fpv4-sp-d16
 184              	HAL_MspDeInit:
 185              	.LFB126:
 192:Drivers/STM32F3xx_HAL_Driver/Src/stm32f3xx_hal.c **** 
 193:Drivers/STM32F3xx_HAL_Driver/Src/stm32f3xx_hal.c **** /**
 194:Drivers/STM32F3xx_HAL_Driver/Src/stm32f3xx_hal.c ****   * @brief  DeInitialize the MSP.
 195:Drivers/STM32F3xx_HAL_Driver/Src/stm32f3xx_hal.c ****   * @retval None
 196:Drivers/STM32F3xx_HAL_Driver/Src/stm32f3xx_hal.c ****   */
 197:Drivers/STM32F3xx_HAL_Driver/Src/stm32f3xx_hal.c **** __weak void HAL_MspDeInit(void)
 198:Drivers/STM32F3xx_HAL_Driver/Src/stm32f3xx_hal.c **** {
 186              		.loc 1 198 0
 187              		.cfi_startproc
 188              		@ args = 0, pretend = 0, frame = 0
 189              		@ frame_needed = 1, uses_anonymous_args = 0
 190              		@ link register save eliminated.
 191 0000 80B4     		push	{r7}
 192              	.LCFI8:
 193              		.cfi_def_cfa_offset 4
 194              		.cfi_offset 7, -4
 195 0002 00AF     		add	r7, sp, #0
 196              	.LCFI9:
 197              		.cfi_def_cfa_register 7
 199:Drivers/STM32F3xx_HAL_Driver/Src/stm32f3xx_hal.c ****   /* NOTE : This function should not be modified, when the callback is needed,
 200:Drivers/STM32F3xx_HAL_Driver/Src/stm32f3xx_hal.c ****             the HAL_MspDeInit could be implemented in the user file
 201:Drivers/STM32F3xx_HAL_Driver/Src/stm32f3xx_hal.c ****    */
 202:Drivers/STM32F3xx_HAL_Driver/Src/stm32f3xx_hal.c **** }
 198              		.loc 1 202 0
 199 0004 00BF     		nop
 200 0006 BD46     		mov	sp, r7
 201              	.LCFI10:
 202              		.cfi_def_cfa_register 13
 203              		@ sp needed
 204 0008 5DF8047B 		ldr	r7, [sp], #4
 205              	.LCFI11:
 206              		.cfi_restore 7
 207              		.cfi_def_cfa_offset 0
 208 000c 7047     		bx	lr
ARM GAS  /tmp/cc2eZeUr.s 			page 8


 209              		.cfi_endproc
 210              	.LFE126:
 212              		.section	.text.HAL_InitTick,"ax",%progbits
 213              		.align	1
 214              		.weak	HAL_InitTick
 215              		.syntax unified
 216              		.thumb
 217              		.thumb_func
 218              		.fpu fpv4-sp-d16
 220              	HAL_InitTick:
 221              	.LFB127:
 203:Drivers/STM32F3xx_HAL_Driver/Src/stm32f3xx_hal.c **** 
 204:Drivers/STM32F3xx_HAL_Driver/Src/stm32f3xx_hal.c **** /**
 205:Drivers/STM32F3xx_HAL_Driver/Src/stm32f3xx_hal.c ****   * @brief  This function configures the source of the time base. 
 206:Drivers/STM32F3xx_HAL_Driver/Src/stm32f3xx_hal.c ****   *         The time source is configured  to have 1ms time base with a dedicated 
 207:Drivers/STM32F3xx_HAL_Driver/Src/stm32f3xx_hal.c ****   *         Tick interrupt priority. 
 208:Drivers/STM32F3xx_HAL_Driver/Src/stm32f3xx_hal.c ****   * @note   This function is called  automatically at the beginning of program after
 209:Drivers/STM32F3xx_HAL_Driver/Src/stm32f3xx_hal.c ****   *         reset by HAL_Init() or at any time when clock is reconfigured  by HAL_RCC_ClockConfig()
 210:Drivers/STM32F3xx_HAL_Driver/Src/stm32f3xx_hal.c ****   * @note   In the default implementation , SysTick timer is the source of time base. 
 211:Drivers/STM32F3xx_HAL_Driver/Src/stm32f3xx_hal.c ****   *         It is used to generate interrupts at regular time intervals. 
 212:Drivers/STM32F3xx_HAL_Driver/Src/stm32f3xx_hal.c ****   *         Care must be taken if HAL_Delay() is called from a peripheral ISR process, 
 213:Drivers/STM32F3xx_HAL_Driver/Src/stm32f3xx_hal.c ****   *         The SysTick interrupt must have higher priority (numerically lower) 
 214:Drivers/STM32F3xx_HAL_Driver/Src/stm32f3xx_hal.c ****   *         than the peripheral interrupt. Otherwise the caller ISR process will be blocked.
 215:Drivers/STM32F3xx_HAL_Driver/Src/stm32f3xx_hal.c ****   *         The function is declared as __Weak  to be overwritten  in case of other
 216:Drivers/STM32F3xx_HAL_Driver/Src/stm32f3xx_hal.c ****   *         implementation  in user file.
 217:Drivers/STM32F3xx_HAL_Driver/Src/stm32f3xx_hal.c ****   * @param TickPriority Tick interrupt priority.
 218:Drivers/STM32F3xx_HAL_Driver/Src/stm32f3xx_hal.c ****   * @retval HAL status
 219:Drivers/STM32F3xx_HAL_Driver/Src/stm32f3xx_hal.c ****   */
 220:Drivers/STM32F3xx_HAL_Driver/Src/stm32f3xx_hal.c **** __weak HAL_StatusTypeDef HAL_InitTick(uint32_t TickPriority)
 221:Drivers/STM32F3xx_HAL_Driver/Src/stm32f3xx_hal.c **** {
 222              		.loc 1 221 0
 223              		.cfi_startproc
 224              		@ args = 0, pretend = 0, frame = 8
 225              		@ frame_needed = 1, uses_anonymous_args = 0
 226 0000 80B5     		push	{r7, lr}
 227              	.LCFI12:
 228              		.cfi_def_cfa_offset 8
 229              		.cfi_offset 7, -8
 230              		.cfi_offset 14, -4
 231 0002 82B0     		sub	sp, sp, #8
 232              	.LCFI13:
 233              		.cfi_def_cfa_offset 16
 234 0004 00AF     		add	r7, sp, #0
 235              	.LCFI14:
 236              		.cfi_def_cfa_register 7
 237 0006 7860     		str	r0, [r7, #4]
 222:Drivers/STM32F3xx_HAL_Driver/Src/stm32f3xx_hal.c ****   /* Configure the SysTick to have interrupt in 1ms time basis*/
 223:Drivers/STM32F3xx_HAL_Driver/Src/stm32f3xx_hal.c ****   if (HAL_SYSTICK_Config(SystemCoreClock / (1000U / uwTickFreq)) > 0U)
 238              		.loc 1 223 0
 239 0008 124B     		ldr	r3, .L16
 240 000a 1A68     		ldr	r2, [r3]
 241 000c 124B     		ldr	r3, .L16+4
 242 000e 1B78     		ldrb	r3, [r3]	@ zero_extendqisi2
 243 0010 1946     		mov	r1, r3
 244 0012 4FF47A73 		mov	r3, #1000
 245 0016 B3FBF1F3 		udiv	r3, r3, r1
 246 001a B2FBF3F3 		udiv	r3, r2, r3
ARM GAS  /tmp/cc2eZeUr.s 			page 9


 247 001e 1846     		mov	r0, r3
 248 0020 FFF7FEFF 		bl	HAL_SYSTICK_Config
 249 0024 0346     		mov	r3, r0
 250 0026 002B     		cmp	r3, #0
 251 0028 01D0     		beq	.L12
 224:Drivers/STM32F3xx_HAL_Driver/Src/stm32f3xx_hal.c ****   {
 225:Drivers/STM32F3xx_HAL_Driver/Src/stm32f3xx_hal.c ****     return HAL_ERROR;
 252              		.loc 1 225 0
 253 002a 0123     		movs	r3, #1
 254 002c 0EE0     		b	.L13
 255              	.L12:
 226:Drivers/STM32F3xx_HAL_Driver/Src/stm32f3xx_hal.c ****   }
 227:Drivers/STM32F3xx_HAL_Driver/Src/stm32f3xx_hal.c **** 
 228:Drivers/STM32F3xx_HAL_Driver/Src/stm32f3xx_hal.c ****   /* Configure the SysTick IRQ priority */
 229:Drivers/STM32F3xx_HAL_Driver/Src/stm32f3xx_hal.c ****   if (TickPriority < (1UL << __NVIC_PRIO_BITS))
 256              		.loc 1 229 0
 257 002e 7B68     		ldr	r3, [r7, #4]
 258 0030 0F2B     		cmp	r3, #15
 259 0032 0AD8     		bhi	.L14
 230:Drivers/STM32F3xx_HAL_Driver/Src/stm32f3xx_hal.c ****   {
 231:Drivers/STM32F3xx_HAL_Driver/Src/stm32f3xx_hal.c ****     HAL_NVIC_SetPriority(SysTick_IRQn, TickPriority, 0U);
 260              		.loc 1 231 0
 261 0034 0022     		movs	r2, #0
 262 0036 7968     		ldr	r1, [r7, #4]
 263 0038 4FF0FF30 		mov	r0, #-1
 264 003c FFF7FEFF 		bl	HAL_NVIC_SetPriority
 232:Drivers/STM32F3xx_HAL_Driver/Src/stm32f3xx_hal.c ****     uwTickPrio = TickPriority;
 265              		.loc 1 232 0
 266 0040 064A     		ldr	r2, .L16+8
 267 0042 7B68     		ldr	r3, [r7, #4]
 268 0044 1360     		str	r3, [r2]
 233:Drivers/STM32F3xx_HAL_Driver/Src/stm32f3xx_hal.c ****   }
 234:Drivers/STM32F3xx_HAL_Driver/Src/stm32f3xx_hal.c ****   else
 235:Drivers/STM32F3xx_HAL_Driver/Src/stm32f3xx_hal.c ****   {
 236:Drivers/STM32F3xx_HAL_Driver/Src/stm32f3xx_hal.c ****     return HAL_ERROR;
 237:Drivers/STM32F3xx_HAL_Driver/Src/stm32f3xx_hal.c ****   }
 238:Drivers/STM32F3xx_HAL_Driver/Src/stm32f3xx_hal.c ****    /* Return function status */
 239:Drivers/STM32F3xx_HAL_Driver/Src/stm32f3xx_hal.c ****   return HAL_OK;
 269              		.loc 1 239 0
 270 0046 0023     		movs	r3, #0
 271 0048 00E0     		b	.L13
 272              	.L14:
 236:Drivers/STM32F3xx_HAL_Driver/Src/stm32f3xx_hal.c ****   }
 273              		.loc 1 236 0
 274 004a 0123     		movs	r3, #1
 275              	.L13:
 240:Drivers/STM32F3xx_HAL_Driver/Src/stm32f3xx_hal.c **** }
 276              		.loc 1 240 0
 277 004c 1846     		mov	r0, r3
 278 004e 0837     		adds	r7, r7, #8
 279              	.LCFI15:
 280              		.cfi_def_cfa_offset 8
 281 0050 BD46     		mov	sp, r7
 282              	.LCFI16:
 283              		.cfi_def_cfa_register 13
 284              		@ sp needed
 285 0052 80BD     		pop	{r7, pc}
ARM GAS  /tmp/cc2eZeUr.s 			page 10


 286              	.L17:
 287              		.align	2
 288              	.L16:
 289 0054 00000000 		.word	SystemCoreClock
 290 0058 00000000 		.word	uwTickFreq
 291 005c 00000000 		.word	uwTickPrio
 292              		.cfi_endproc
 293              	.LFE127:
 295              		.section	.text.HAL_IncTick,"ax",%progbits
 296              		.align	1
 297              		.weak	HAL_IncTick
 298              		.syntax unified
 299              		.thumb
 300              		.thumb_func
 301              		.fpu fpv4-sp-d16
 303              	HAL_IncTick:
 304              	.LFB128:
 241:Drivers/STM32F3xx_HAL_Driver/Src/stm32f3xx_hal.c **** 
 242:Drivers/STM32F3xx_HAL_Driver/Src/stm32f3xx_hal.c **** /**
 243:Drivers/STM32F3xx_HAL_Driver/Src/stm32f3xx_hal.c ****   * @}
 244:Drivers/STM32F3xx_HAL_Driver/Src/stm32f3xx_hal.c ****   */
 245:Drivers/STM32F3xx_HAL_Driver/Src/stm32f3xx_hal.c **** 
 246:Drivers/STM32F3xx_HAL_Driver/Src/stm32f3xx_hal.c **** /** @defgroup HAL_Exported_Functions_Group2 HAL Control functions 
 247:Drivers/STM32F3xx_HAL_Driver/Src/stm32f3xx_hal.c ****  *  @brief    HAL Control functions
 248:Drivers/STM32F3xx_HAL_Driver/Src/stm32f3xx_hal.c ****  *
 249:Drivers/STM32F3xx_HAL_Driver/Src/stm32f3xx_hal.c **** @verbatim
 250:Drivers/STM32F3xx_HAL_Driver/Src/stm32f3xx_hal.c ****  ===============================================================================
 251:Drivers/STM32F3xx_HAL_Driver/Src/stm32f3xx_hal.c ****                       ##### HAL Control functions #####
 252:Drivers/STM32F3xx_HAL_Driver/Src/stm32f3xx_hal.c ****  ===============================================================================
 253:Drivers/STM32F3xx_HAL_Driver/Src/stm32f3xx_hal.c ****     [..]  This section provides functions allowing to:
 254:Drivers/STM32F3xx_HAL_Driver/Src/stm32f3xx_hal.c ****       (+) Provide a tick value in millisecond
 255:Drivers/STM32F3xx_HAL_Driver/Src/stm32f3xx_hal.c ****       (+) Provide a blocking delay in millisecond
 256:Drivers/STM32F3xx_HAL_Driver/Src/stm32f3xx_hal.c ****       (+) Suspend the time base source interrupt
 257:Drivers/STM32F3xx_HAL_Driver/Src/stm32f3xx_hal.c ****       (+) Resume the time base source interrupt
 258:Drivers/STM32F3xx_HAL_Driver/Src/stm32f3xx_hal.c ****       (+) Get the HAL API driver version
 259:Drivers/STM32F3xx_HAL_Driver/Src/stm32f3xx_hal.c ****       (+) Get the device identifier
 260:Drivers/STM32F3xx_HAL_Driver/Src/stm32f3xx_hal.c ****       (+) Get the device revision identifier
 261:Drivers/STM32F3xx_HAL_Driver/Src/stm32f3xx_hal.c ****       (+) Enable/Disable Debug module during Sleep mode
 262:Drivers/STM32F3xx_HAL_Driver/Src/stm32f3xx_hal.c ****       (+) Enable/Disable Debug module during STOP mode
 263:Drivers/STM32F3xx_HAL_Driver/Src/stm32f3xx_hal.c ****       (+) Enable/Disable Debug module during STANDBY mode
 264:Drivers/STM32F3xx_HAL_Driver/Src/stm32f3xx_hal.c ****       
 265:Drivers/STM32F3xx_HAL_Driver/Src/stm32f3xx_hal.c **** @endverbatim
 266:Drivers/STM32F3xx_HAL_Driver/Src/stm32f3xx_hal.c ****   * @{
 267:Drivers/STM32F3xx_HAL_Driver/Src/stm32f3xx_hal.c ****   */
 268:Drivers/STM32F3xx_HAL_Driver/Src/stm32f3xx_hal.c **** 
 269:Drivers/STM32F3xx_HAL_Driver/Src/stm32f3xx_hal.c **** /**
 270:Drivers/STM32F3xx_HAL_Driver/Src/stm32f3xx_hal.c ****   * @brief  This function is called to increment  a global variable "uwTick"
 271:Drivers/STM32F3xx_HAL_Driver/Src/stm32f3xx_hal.c ****   *         used as application time base.
 272:Drivers/STM32F3xx_HAL_Driver/Src/stm32f3xx_hal.c ****   * @note In the default implementation, this variable is incremented each 1ms
 273:Drivers/STM32F3xx_HAL_Driver/Src/stm32f3xx_hal.c ****   *         in SysTick ISR.
 274:Drivers/STM32F3xx_HAL_Driver/Src/stm32f3xx_hal.c ****   * @note This function is declared as __weak to be overwritten in case of other 
 275:Drivers/STM32F3xx_HAL_Driver/Src/stm32f3xx_hal.c ****   *         implementations  in user file.
 276:Drivers/STM32F3xx_HAL_Driver/Src/stm32f3xx_hal.c ****   * @retval None
 277:Drivers/STM32F3xx_HAL_Driver/Src/stm32f3xx_hal.c ****   */
 278:Drivers/STM32F3xx_HAL_Driver/Src/stm32f3xx_hal.c **** __weak void HAL_IncTick(void)
 279:Drivers/STM32F3xx_HAL_Driver/Src/stm32f3xx_hal.c **** {
 305              		.loc 1 279 0
ARM GAS  /tmp/cc2eZeUr.s 			page 11


 306              		.cfi_startproc
 307              		@ args = 0, pretend = 0, frame = 0
 308              		@ frame_needed = 1, uses_anonymous_args = 0
 309              		@ link register save eliminated.
 310 0000 80B4     		push	{r7}
 311              	.LCFI17:
 312              		.cfi_def_cfa_offset 4
 313              		.cfi_offset 7, -4
 314 0002 00AF     		add	r7, sp, #0
 315              	.LCFI18:
 316              		.cfi_def_cfa_register 7
 280:Drivers/STM32F3xx_HAL_Driver/Src/stm32f3xx_hal.c ****   uwTick += uwTickFreq;
 317              		.loc 1 280 0
 318 0004 064B     		ldr	r3, .L19
 319 0006 1B78     		ldrb	r3, [r3]	@ zero_extendqisi2
 320 0008 1A46     		mov	r2, r3
 321 000a 064B     		ldr	r3, .L19+4
 322 000c 1B68     		ldr	r3, [r3]
 323 000e 1344     		add	r3, r3, r2
 324 0010 044A     		ldr	r2, .L19+4
 325 0012 1360     		str	r3, [r2]
 281:Drivers/STM32F3xx_HAL_Driver/Src/stm32f3xx_hal.c **** }
 326              		.loc 1 281 0
 327 0014 00BF     		nop
 328 0016 BD46     		mov	sp, r7
 329              	.LCFI19:
 330              		.cfi_def_cfa_register 13
 331              		@ sp needed
 332 0018 5DF8047B 		ldr	r7, [sp], #4
 333              	.LCFI20:
 334              		.cfi_restore 7
 335              		.cfi_def_cfa_offset 0
 336 001c 7047     		bx	lr
 337              	.L20:
 338 001e 00BF     		.align	2
 339              	.L19:
 340 0020 00000000 		.word	uwTickFreq
 341 0024 00000000 		.word	uwTick
 342              		.cfi_endproc
 343              	.LFE128:
 345              		.section	.text.HAL_GetTick,"ax",%progbits
 346              		.align	1
 347              		.weak	HAL_GetTick
 348              		.syntax unified
 349              		.thumb
 350              		.thumb_func
 351              		.fpu fpv4-sp-d16
 353              	HAL_GetTick:
 354              	.LFB129:
 282:Drivers/STM32F3xx_HAL_Driver/Src/stm32f3xx_hal.c **** 
 283:Drivers/STM32F3xx_HAL_Driver/Src/stm32f3xx_hal.c **** /**
 284:Drivers/STM32F3xx_HAL_Driver/Src/stm32f3xx_hal.c ****   * @brief  Povides a tick value in millisecond.
 285:Drivers/STM32F3xx_HAL_Driver/Src/stm32f3xx_hal.c ****   * @note   The function is declared as __Weak  to be overwritten  in case of other 
 286:Drivers/STM32F3xx_HAL_Driver/Src/stm32f3xx_hal.c ****   *         implementations  in user file.
 287:Drivers/STM32F3xx_HAL_Driver/Src/stm32f3xx_hal.c ****   * @retval tick value
 288:Drivers/STM32F3xx_HAL_Driver/Src/stm32f3xx_hal.c ****   */
 289:Drivers/STM32F3xx_HAL_Driver/Src/stm32f3xx_hal.c **** __weak uint32_t HAL_GetTick(void)
ARM GAS  /tmp/cc2eZeUr.s 			page 12


 290:Drivers/STM32F3xx_HAL_Driver/Src/stm32f3xx_hal.c **** {
 355              		.loc 1 290 0
 356              		.cfi_startproc
 357              		@ args = 0, pretend = 0, frame = 0
 358              		@ frame_needed = 1, uses_anonymous_args = 0
 359              		@ link register save eliminated.
 360 0000 80B4     		push	{r7}
 361              	.LCFI21:
 362              		.cfi_def_cfa_offset 4
 363              		.cfi_offset 7, -4
 364 0002 00AF     		add	r7, sp, #0
 365              	.LCFI22:
 366              		.cfi_def_cfa_register 7
 291:Drivers/STM32F3xx_HAL_Driver/Src/stm32f3xx_hal.c ****   return uwTick;  
 367              		.loc 1 291 0
 368 0004 034B     		ldr	r3, .L23
 369 0006 1B68     		ldr	r3, [r3]
 292:Drivers/STM32F3xx_HAL_Driver/Src/stm32f3xx_hal.c **** }
 370              		.loc 1 292 0
 371 0008 1846     		mov	r0, r3
 372 000a BD46     		mov	sp, r7
 373              	.LCFI23:
 374              		.cfi_def_cfa_register 13
 375              		@ sp needed
 376 000c 5DF8047B 		ldr	r7, [sp], #4
 377              	.LCFI24:
 378              		.cfi_restore 7
 379              		.cfi_def_cfa_offset 0
 380 0010 7047     		bx	lr
 381              	.L24:
 382 0012 00BF     		.align	2
 383              	.L23:
 384 0014 00000000 		.word	uwTick
 385              		.cfi_endproc
 386              	.LFE129:
 388              		.section	.text.HAL_GetTickPrio,"ax",%progbits
 389              		.align	1
 390              		.global	HAL_GetTickPrio
 391              		.syntax unified
 392              		.thumb
 393              		.thumb_func
 394              		.fpu fpv4-sp-d16
 396              	HAL_GetTickPrio:
 397              	.LFB130:
 293:Drivers/STM32F3xx_HAL_Driver/Src/stm32f3xx_hal.c **** 
 294:Drivers/STM32F3xx_HAL_Driver/Src/stm32f3xx_hal.c **** /**
 295:Drivers/STM32F3xx_HAL_Driver/Src/stm32f3xx_hal.c ****   * @brief This function returns a tick priority.
 296:Drivers/STM32F3xx_HAL_Driver/Src/stm32f3xx_hal.c ****   * @retval tick priority
 297:Drivers/STM32F3xx_HAL_Driver/Src/stm32f3xx_hal.c ****   */
 298:Drivers/STM32F3xx_HAL_Driver/Src/stm32f3xx_hal.c **** uint32_t HAL_GetTickPrio(void)
 299:Drivers/STM32F3xx_HAL_Driver/Src/stm32f3xx_hal.c **** {
 398              		.loc 1 299 0
 399              		.cfi_startproc
 400              		@ args = 0, pretend = 0, frame = 0
 401              		@ frame_needed = 1, uses_anonymous_args = 0
 402              		@ link register save eliminated.
 403 0000 80B4     		push	{r7}
ARM GAS  /tmp/cc2eZeUr.s 			page 13


 404              	.LCFI25:
 405              		.cfi_def_cfa_offset 4
 406              		.cfi_offset 7, -4
 407 0002 00AF     		add	r7, sp, #0
 408              	.LCFI26:
 409              		.cfi_def_cfa_register 7
 300:Drivers/STM32F3xx_HAL_Driver/Src/stm32f3xx_hal.c ****   return uwTickPrio;
 410              		.loc 1 300 0
 411 0004 034B     		ldr	r3, .L27
 412 0006 1B68     		ldr	r3, [r3]
 301:Drivers/STM32F3xx_HAL_Driver/Src/stm32f3xx_hal.c **** }
 413              		.loc 1 301 0
 414 0008 1846     		mov	r0, r3
 415 000a BD46     		mov	sp, r7
 416              	.LCFI27:
 417              		.cfi_def_cfa_register 13
 418              		@ sp needed
 419 000c 5DF8047B 		ldr	r7, [sp], #4
 420              	.LCFI28:
 421              		.cfi_restore 7
 422              		.cfi_def_cfa_offset 0
 423 0010 7047     		bx	lr
 424              	.L28:
 425 0012 00BF     		.align	2
 426              	.L27:
 427 0014 00000000 		.word	uwTickPrio
 428              		.cfi_endproc
 429              	.LFE130:
 431              		.section	.text.HAL_SetTickFreq,"ax",%progbits
 432              		.align	1
 433              		.global	HAL_SetTickFreq
 434              		.syntax unified
 435              		.thumb
 436              		.thumb_func
 437              		.fpu fpv4-sp-d16
 439              	HAL_SetTickFreq:
 440              	.LFB131:
 302:Drivers/STM32F3xx_HAL_Driver/Src/stm32f3xx_hal.c **** 
 303:Drivers/STM32F3xx_HAL_Driver/Src/stm32f3xx_hal.c **** /**
 304:Drivers/STM32F3xx_HAL_Driver/Src/stm32f3xx_hal.c ****   * @brief Set new tick Freq.
 305:Drivers/STM32F3xx_HAL_Driver/Src/stm32f3xx_hal.c ****   * @retval status
 306:Drivers/STM32F3xx_HAL_Driver/Src/stm32f3xx_hal.c ****   */
 307:Drivers/STM32F3xx_HAL_Driver/Src/stm32f3xx_hal.c **** HAL_StatusTypeDef HAL_SetTickFreq(HAL_TickFreqTypeDef Freq)
 308:Drivers/STM32F3xx_HAL_Driver/Src/stm32f3xx_hal.c **** {
 441              		.loc 1 308 0
 442              		.cfi_startproc
 443              		@ args = 0, pretend = 0, frame = 16
 444              		@ frame_needed = 1, uses_anonymous_args = 0
 445 0000 80B5     		push	{r7, lr}
 446              	.LCFI29:
 447              		.cfi_def_cfa_offset 8
 448              		.cfi_offset 7, -8
 449              		.cfi_offset 14, -4
 450 0002 84B0     		sub	sp, sp, #16
 451              	.LCFI30:
 452              		.cfi_def_cfa_offset 24
 453 0004 00AF     		add	r7, sp, #0
ARM GAS  /tmp/cc2eZeUr.s 			page 14


 454              	.LCFI31:
 455              		.cfi_def_cfa_register 7
 456 0006 0346     		mov	r3, r0
 457 0008 FB71     		strb	r3, [r7, #7]
 309:Drivers/STM32F3xx_HAL_Driver/Src/stm32f3xx_hal.c ****   HAL_StatusTypeDef status  = HAL_OK;
 458              		.loc 1 309 0
 459 000a 0023     		movs	r3, #0
 460 000c FB73     		strb	r3, [r7, #15]
 310:Drivers/STM32F3xx_HAL_Driver/Src/stm32f3xx_hal.c ****   HAL_TickFreqTypeDef prevTickFreq;
 311:Drivers/STM32F3xx_HAL_Driver/Src/stm32f3xx_hal.c **** 
 312:Drivers/STM32F3xx_HAL_Driver/Src/stm32f3xx_hal.c ****   assert_param(IS_TICKFREQ(Freq));
 313:Drivers/STM32F3xx_HAL_Driver/Src/stm32f3xx_hal.c **** 
 314:Drivers/STM32F3xx_HAL_Driver/Src/stm32f3xx_hal.c ****   if (uwTickFreq != Freq)
 461              		.loc 1 314 0
 462 000e 0E4B     		ldr	r3, .L32
 463 0010 1B78     		ldrb	r3, [r3]	@ zero_extendqisi2
 464 0012 FA79     		ldrb	r2, [r7, #7]	@ zero_extendqisi2
 465 0014 9A42     		cmp	r2, r3
 466 0016 12D0     		beq	.L30
 315:Drivers/STM32F3xx_HAL_Driver/Src/stm32f3xx_hal.c ****   {
 316:Drivers/STM32F3xx_HAL_Driver/Src/stm32f3xx_hal.c ****     /* Back up uwTickFreq frequency */
 317:Drivers/STM32F3xx_HAL_Driver/Src/stm32f3xx_hal.c ****     prevTickFreq = uwTickFreq;
 467              		.loc 1 317 0
 468 0018 0B4B     		ldr	r3, .L32
 469 001a 1B78     		ldrb	r3, [r3]
 470 001c BB73     		strb	r3, [r7, #14]
 318:Drivers/STM32F3xx_HAL_Driver/Src/stm32f3xx_hal.c **** 
 319:Drivers/STM32F3xx_HAL_Driver/Src/stm32f3xx_hal.c ****     /* Update uwTickFreq global variable used by HAL_InitTick() */
 320:Drivers/STM32F3xx_HAL_Driver/Src/stm32f3xx_hal.c ****     uwTickFreq = Freq;
 471              		.loc 1 320 0
 472 001e 0A4A     		ldr	r2, .L32
 473 0020 FB79     		ldrb	r3, [r7, #7]
 474 0022 1370     		strb	r3, [r2]
 321:Drivers/STM32F3xx_HAL_Driver/Src/stm32f3xx_hal.c **** 
 322:Drivers/STM32F3xx_HAL_Driver/Src/stm32f3xx_hal.c ****     /* Apply the new tick Freq */
 323:Drivers/STM32F3xx_HAL_Driver/Src/stm32f3xx_hal.c ****     status = HAL_InitTick(uwTickPrio);
 475              		.loc 1 323 0
 476 0024 094B     		ldr	r3, .L32+4
 477 0026 1B68     		ldr	r3, [r3]
 478 0028 1846     		mov	r0, r3
 479 002a FFF7FEFF 		bl	HAL_InitTick
 480 002e 0346     		mov	r3, r0
 481 0030 FB73     		strb	r3, [r7, #15]
 324:Drivers/STM32F3xx_HAL_Driver/Src/stm32f3xx_hal.c **** 
 325:Drivers/STM32F3xx_HAL_Driver/Src/stm32f3xx_hal.c ****     if (status != HAL_OK)
 482              		.loc 1 325 0
 483 0032 FB7B     		ldrb	r3, [r7, #15]	@ zero_extendqisi2
 484 0034 002B     		cmp	r3, #0
 485 0036 02D0     		beq	.L30
 326:Drivers/STM32F3xx_HAL_Driver/Src/stm32f3xx_hal.c ****     {
 327:Drivers/STM32F3xx_HAL_Driver/Src/stm32f3xx_hal.c ****       /* Restore previous tick frequency */
 328:Drivers/STM32F3xx_HAL_Driver/Src/stm32f3xx_hal.c ****       uwTickFreq = prevTickFreq;
 486              		.loc 1 328 0
 487 0038 034A     		ldr	r2, .L32
 488 003a BB7B     		ldrb	r3, [r7, #14]
 489 003c 1370     		strb	r3, [r2]
 490              	.L30:
ARM GAS  /tmp/cc2eZeUr.s 			page 15


 329:Drivers/STM32F3xx_HAL_Driver/Src/stm32f3xx_hal.c ****     }
 330:Drivers/STM32F3xx_HAL_Driver/Src/stm32f3xx_hal.c ****   }
 331:Drivers/STM32F3xx_HAL_Driver/Src/stm32f3xx_hal.c **** 
 332:Drivers/STM32F3xx_HAL_Driver/Src/stm32f3xx_hal.c ****   return status;
 491              		.loc 1 332 0
 492 003e FB7B     		ldrb	r3, [r7, #15]	@ zero_extendqisi2
 333:Drivers/STM32F3xx_HAL_Driver/Src/stm32f3xx_hal.c **** }
 493              		.loc 1 333 0
 494 0040 1846     		mov	r0, r3
 495 0042 1037     		adds	r7, r7, #16
 496              	.LCFI32:
 497              		.cfi_def_cfa_offset 8
 498 0044 BD46     		mov	sp, r7
 499              	.LCFI33:
 500              		.cfi_def_cfa_register 13
 501              		@ sp needed
 502 0046 80BD     		pop	{r7, pc}
 503              	.L33:
 504              		.align	2
 505              	.L32:
 506 0048 00000000 		.word	uwTickFreq
 507 004c 00000000 		.word	uwTickPrio
 508              		.cfi_endproc
 509              	.LFE131:
 511              		.section	.text.HAL_GetTickFreq,"ax",%progbits
 512              		.align	1
 513              		.global	HAL_GetTickFreq
 514              		.syntax unified
 515              		.thumb
 516              		.thumb_func
 517              		.fpu fpv4-sp-d16
 519              	HAL_GetTickFreq:
 520              	.LFB132:
 334:Drivers/STM32F3xx_HAL_Driver/Src/stm32f3xx_hal.c **** 
 335:Drivers/STM32F3xx_HAL_Driver/Src/stm32f3xx_hal.c **** /**
 336:Drivers/STM32F3xx_HAL_Driver/Src/stm32f3xx_hal.c ****   * @brief Return tick frequency.
 337:Drivers/STM32F3xx_HAL_Driver/Src/stm32f3xx_hal.c ****   * @retval tick period in Hz
 338:Drivers/STM32F3xx_HAL_Driver/Src/stm32f3xx_hal.c ****   */
 339:Drivers/STM32F3xx_HAL_Driver/Src/stm32f3xx_hal.c **** HAL_TickFreqTypeDef HAL_GetTickFreq(void)
 340:Drivers/STM32F3xx_HAL_Driver/Src/stm32f3xx_hal.c **** {
 521              		.loc 1 340 0
 522              		.cfi_startproc
 523              		@ args = 0, pretend = 0, frame = 0
 524              		@ frame_needed = 1, uses_anonymous_args = 0
 525              		@ link register save eliminated.
 526 0000 80B4     		push	{r7}
 527              	.LCFI34:
 528              		.cfi_def_cfa_offset 4
 529              		.cfi_offset 7, -4
 530 0002 00AF     		add	r7, sp, #0
 531              	.LCFI35:
 532              		.cfi_def_cfa_register 7
 341:Drivers/STM32F3xx_HAL_Driver/Src/stm32f3xx_hal.c ****   return uwTickFreq;
 533              		.loc 1 341 0
 534 0004 034B     		ldr	r3, .L36
 535 0006 1B78     		ldrb	r3, [r3]	@ zero_extendqisi2
 342:Drivers/STM32F3xx_HAL_Driver/Src/stm32f3xx_hal.c **** }
ARM GAS  /tmp/cc2eZeUr.s 			page 16


 536              		.loc 1 342 0
 537 0008 1846     		mov	r0, r3
 538 000a BD46     		mov	sp, r7
 539              	.LCFI36:
 540              		.cfi_def_cfa_register 13
 541              		@ sp needed
 542 000c 5DF8047B 		ldr	r7, [sp], #4
 543              	.LCFI37:
 544              		.cfi_restore 7
 545              		.cfi_def_cfa_offset 0
 546 0010 7047     		bx	lr
 547              	.L37:
 548 0012 00BF     		.align	2
 549              	.L36:
 550 0014 00000000 		.word	uwTickFreq
 551              		.cfi_endproc
 552              	.LFE132:
 554              		.section	.text.HAL_Delay,"ax",%progbits
 555              		.align	1
 556              		.weak	HAL_Delay
 557              		.syntax unified
 558              		.thumb
 559              		.thumb_func
 560              		.fpu fpv4-sp-d16
 562              	HAL_Delay:
 563              	.LFB133:
 343:Drivers/STM32F3xx_HAL_Driver/Src/stm32f3xx_hal.c **** 
 344:Drivers/STM32F3xx_HAL_Driver/Src/stm32f3xx_hal.c **** /**
 345:Drivers/STM32F3xx_HAL_Driver/Src/stm32f3xx_hal.c ****   * @brief  This function provides accurate delay (in milliseconds) based 
 346:Drivers/STM32F3xx_HAL_Driver/Src/stm32f3xx_hal.c ****   *         on variable incremented.
 347:Drivers/STM32F3xx_HAL_Driver/Src/stm32f3xx_hal.c ****   * @note   In the default implementation , SysTick timer is the source of time base. 
 348:Drivers/STM32F3xx_HAL_Driver/Src/stm32f3xx_hal.c ****   *         It is used to generate interrupts at regular time intervals where uwTick
 349:Drivers/STM32F3xx_HAL_Driver/Src/stm32f3xx_hal.c ****   *         is incremented.
 350:Drivers/STM32F3xx_HAL_Driver/Src/stm32f3xx_hal.c ****   *         The function is declared as __Weak  to be overwritten  in case of other
 351:Drivers/STM32F3xx_HAL_Driver/Src/stm32f3xx_hal.c ****   *         implementations  in user file.
 352:Drivers/STM32F3xx_HAL_Driver/Src/stm32f3xx_hal.c ****   * @param  Delay specifies the delay time length, in milliseconds.
 353:Drivers/STM32F3xx_HAL_Driver/Src/stm32f3xx_hal.c ****   * @retval None
 354:Drivers/STM32F3xx_HAL_Driver/Src/stm32f3xx_hal.c ****   */
 355:Drivers/STM32F3xx_HAL_Driver/Src/stm32f3xx_hal.c **** __weak void HAL_Delay(uint32_t Delay)
 356:Drivers/STM32F3xx_HAL_Driver/Src/stm32f3xx_hal.c **** {
 564              		.loc 1 356 0
 565              		.cfi_startproc
 566              		@ args = 0, pretend = 0, frame = 16
 567              		@ frame_needed = 1, uses_anonymous_args = 0
 568 0000 80B5     		push	{r7, lr}
 569              	.LCFI38:
 570              		.cfi_def_cfa_offset 8
 571              		.cfi_offset 7, -8
 572              		.cfi_offset 14, -4
 573 0002 84B0     		sub	sp, sp, #16
 574              	.LCFI39:
 575              		.cfi_def_cfa_offset 24
 576 0004 00AF     		add	r7, sp, #0
 577              	.LCFI40:
 578              		.cfi_def_cfa_register 7
 579 0006 7860     		str	r0, [r7, #4]
 357:Drivers/STM32F3xx_HAL_Driver/Src/stm32f3xx_hal.c ****   uint32_t tickstart = HAL_GetTick();
ARM GAS  /tmp/cc2eZeUr.s 			page 17


 580              		.loc 1 357 0
 581 0008 FFF7FEFF 		bl	HAL_GetTick
 582 000c B860     		str	r0, [r7, #8]
 358:Drivers/STM32F3xx_HAL_Driver/Src/stm32f3xx_hal.c ****   uint32_t wait = Delay;
 583              		.loc 1 358 0
 584 000e 7B68     		ldr	r3, [r7, #4]
 585 0010 FB60     		str	r3, [r7, #12]
 359:Drivers/STM32F3xx_HAL_Driver/Src/stm32f3xx_hal.c ****   
 360:Drivers/STM32F3xx_HAL_Driver/Src/stm32f3xx_hal.c ****   /* Add freq to guarantee minimum wait */
 361:Drivers/STM32F3xx_HAL_Driver/Src/stm32f3xx_hal.c ****   if (wait < HAL_MAX_DELAY)
 586              		.loc 1 361 0
 587 0012 FB68     		ldr	r3, [r7, #12]
 588 0014 B3F1FF3F 		cmp	r3, #-1
 589 0018 05D0     		beq	.L41
 362:Drivers/STM32F3xx_HAL_Driver/Src/stm32f3xx_hal.c ****   {
 363:Drivers/STM32F3xx_HAL_Driver/Src/stm32f3xx_hal.c ****     wait += (uint32_t)(uwTickFreq);
 590              		.loc 1 363 0
 591 001a 094B     		ldr	r3, .L42
 592 001c 1B78     		ldrb	r3, [r3]	@ zero_extendqisi2
 593 001e 1A46     		mov	r2, r3
 594 0020 FB68     		ldr	r3, [r7, #12]
 595 0022 1344     		add	r3, r3, r2
 596 0024 FB60     		str	r3, [r7, #12]
 597              	.L41:
 364:Drivers/STM32F3xx_HAL_Driver/Src/stm32f3xx_hal.c ****   }
 365:Drivers/STM32F3xx_HAL_Driver/Src/stm32f3xx_hal.c ****   
 366:Drivers/STM32F3xx_HAL_Driver/Src/stm32f3xx_hal.c ****   while((HAL_GetTick() - tickstart) < wait)
 598              		.loc 1 366 0
 599 0026 00BF     		nop
 600              	.L40:
 601              		.loc 1 366 0 is_stmt 0 discriminator 1
 602 0028 FFF7FEFF 		bl	HAL_GetTick
 603 002c 0246     		mov	r2, r0
 604 002e BB68     		ldr	r3, [r7, #8]
 605 0030 D31A     		subs	r3, r2, r3
 606 0032 FA68     		ldr	r2, [r7, #12]
 607 0034 9A42     		cmp	r2, r3
 608 0036 F7D8     		bhi	.L40
 367:Drivers/STM32F3xx_HAL_Driver/Src/stm32f3xx_hal.c ****   {
 368:Drivers/STM32F3xx_HAL_Driver/Src/stm32f3xx_hal.c ****   }
 369:Drivers/STM32F3xx_HAL_Driver/Src/stm32f3xx_hal.c **** }
 609              		.loc 1 369 0 is_stmt 1
 610 0038 00BF     		nop
 611 003a 1037     		adds	r7, r7, #16
 612              	.LCFI41:
 613              		.cfi_def_cfa_offset 8
 614 003c BD46     		mov	sp, r7
 615              	.LCFI42:
 616              		.cfi_def_cfa_register 13
 617              		@ sp needed
 618 003e 80BD     		pop	{r7, pc}
 619              	.L43:
 620              		.align	2
 621              	.L42:
 622 0040 00000000 		.word	uwTickFreq
 623              		.cfi_endproc
 624              	.LFE133:
ARM GAS  /tmp/cc2eZeUr.s 			page 18


 626              		.section	.text.HAL_SuspendTick,"ax",%progbits
 627              		.align	1
 628              		.weak	HAL_SuspendTick
 629              		.syntax unified
 630              		.thumb
 631              		.thumb_func
 632              		.fpu fpv4-sp-d16
 634              	HAL_SuspendTick:
 635              	.LFB134:
 370:Drivers/STM32F3xx_HAL_Driver/Src/stm32f3xx_hal.c **** 
 371:Drivers/STM32F3xx_HAL_Driver/Src/stm32f3xx_hal.c **** /**
 372:Drivers/STM32F3xx_HAL_Driver/Src/stm32f3xx_hal.c ****   * @brief  Suspend Tick increment.
 373:Drivers/STM32F3xx_HAL_Driver/Src/stm32f3xx_hal.c ****   * @note   In the default implementation , SysTick timer is the source of time base. It is  
 374:Drivers/STM32F3xx_HAL_Driver/Src/stm32f3xx_hal.c ****   *         used to generate interrupts at regular time intervals. Once HAL_SuspendTick()
 375:Drivers/STM32F3xx_HAL_Driver/Src/stm32f3xx_hal.c ****   *         is called, the the SysTick interrupt will be disabled and so Tick increment 
 376:Drivers/STM32F3xx_HAL_Driver/Src/stm32f3xx_hal.c ****   *         is suspended.
 377:Drivers/STM32F3xx_HAL_Driver/Src/stm32f3xx_hal.c ****   * @note This function is declared as __weak to be overwritten in case of other
 378:Drivers/STM32F3xx_HAL_Driver/Src/stm32f3xx_hal.c ****   *         implementations  in user file.
 379:Drivers/STM32F3xx_HAL_Driver/Src/stm32f3xx_hal.c ****   * @retval None
 380:Drivers/STM32F3xx_HAL_Driver/Src/stm32f3xx_hal.c ****   */
 381:Drivers/STM32F3xx_HAL_Driver/Src/stm32f3xx_hal.c **** __weak void HAL_SuspendTick(void)
 382:Drivers/STM32F3xx_HAL_Driver/Src/stm32f3xx_hal.c **** 
 383:Drivers/STM32F3xx_HAL_Driver/Src/stm32f3xx_hal.c **** {
 636              		.loc 1 383 0
 637              		.cfi_startproc
 638              		@ args = 0, pretend = 0, frame = 0
 639              		@ frame_needed = 1, uses_anonymous_args = 0
 640              		@ link register save eliminated.
 641 0000 80B4     		push	{r7}
 642              	.LCFI43:
 643              		.cfi_def_cfa_offset 4
 644              		.cfi_offset 7, -4
 645 0002 00AF     		add	r7, sp, #0
 646              	.LCFI44:
 647              		.cfi_def_cfa_register 7
 384:Drivers/STM32F3xx_HAL_Driver/Src/stm32f3xx_hal.c ****   /* Disable SysTick Interrupt */
 385:Drivers/STM32F3xx_HAL_Driver/Src/stm32f3xx_hal.c ****   SysTick->CTRL &= ~SysTick_CTRL_TICKINT_Msk;
 648              		.loc 1 385 0
 649 0004 054B     		ldr	r3, .L45
 650 0006 1B68     		ldr	r3, [r3]
 651 0008 044A     		ldr	r2, .L45
 652 000a 23F00203 		bic	r3, r3, #2
 653 000e 1360     		str	r3, [r2]
 386:Drivers/STM32F3xx_HAL_Driver/Src/stm32f3xx_hal.c ****                                                    
 387:Drivers/STM32F3xx_HAL_Driver/Src/stm32f3xx_hal.c **** }
 654              		.loc 1 387 0
 655 0010 00BF     		nop
 656 0012 BD46     		mov	sp, r7
 657              	.LCFI45:
 658              		.cfi_def_cfa_register 13
 659              		@ sp needed
 660 0014 5DF8047B 		ldr	r7, [sp], #4
 661              	.LCFI46:
 662              		.cfi_restore 7
 663              		.cfi_def_cfa_offset 0
 664 0018 7047     		bx	lr
 665              	.L46:
ARM GAS  /tmp/cc2eZeUr.s 			page 19


 666 001a 00BF     		.align	2
 667              	.L45:
 668 001c 10E000E0 		.word	-536813552
 669              		.cfi_endproc
 670              	.LFE134:
 672              		.section	.text.HAL_ResumeTick,"ax",%progbits
 673              		.align	1
 674              		.weak	HAL_ResumeTick
 675              		.syntax unified
 676              		.thumb
 677              		.thumb_func
 678              		.fpu fpv4-sp-d16
 680              	HAL_ResumeTick:
 681              	.LFB135:
 388:Drivers/STM32F3xx_HAL_Driver/Src/stm32f3xx_hal.c **** 
 389:Drivers/STM32F3xx_HAL_Driver/Src/stm32f3xx_hal.c **** /**
 390:Drivers/STM32F3xx_HAL_Driver/Src/stm32f3xx_hal.c ****   * @brief  Resume Tick increment.
 391:Drivers/STM32F3xx_HAL_Driver/Src/stm32f3xx_hal.c ****   * @note   In the default implementation , SysTick timer is the source of time base. It is  
 392:Drivers/STM32F3xx_HAL_Driver/Src/stm32f3xx_hal.c ****   *         used to generate interrupts at regular time intervals. Once HAL_ResumeTick()
 393:Drivers/STM32F3xx_HAL_Driver/Src/stm32f3xx_hal.c ****   *         is called, the the SysTick interrupt will be enabled and so Tick increment 
 394:Drivers/STM32F3xx_HAL_Driver/Src/stm32f3xx_hal.c ****   *         is resumed.
 395:Drivers/STM32F3xx_HAL_Driver/Src/stm32f3xx_hal.c ****   *         The function is declared as __Weak  to be overwritten  in case of other
 396:Drivers/STM32F3xx_HAL_Driver/Src/stm32f3xx_hal.c ****   *         implementations  in user file.
 397:Drivers/STM32F3xx_HAL_Driver/Src/stm32f3xx_hal.c ****   * @retval None
 398:Drivers/STM32F3xx_HAL_Driver/Src/stm32f3xx_hal.c ****   */
 399:Drivers/STM32F3xx_HAL_Driver/Src/stm32f3xx_hal.c **** __weak void HAL_ResumeTick(void)
 400:Drivers/STM32F3xx_HAL_Driver/Src/stm32f3xx_hal.c **** {
 682              		.loc 1 400 0
 683              		.cfi_startproc
 684              		@ args = 0, pretend = 0, frame = 0
 685              		@ frame_needed = 1, uses_anonymous_args = 0
 686              		@ link register save eliminated.
 687 0000 80B4     		push	{r7}
 688              	.LCFI47:
 689              		.cfi_def_cfa_offset 4
 690              		.cfi_offset 7, -4
 691 0002 00AF     		add	r7, sp, #0
 692              	.LCFI48:
 693              		.cfi_def_cfa_register 7
 401:Drivers/STM32F3xx_HAL_Driver/Src/stm32f3xx_hal.c ****   /* Enable SysTick Interrupt */
 402:Drivers/STM32F3xx_HAL_Driver/Src/stm32f3xx_hal.c ****   SysTick->CTRL  |= SysTick_CTRL_TICKINT_Msk;
 694              		.loc 1 402 0
 695 0004 054B     		ldr	r3, .L48
 696 0006 1B68     		ldr	r3, [r3]
 697 0008 044A     		ldr	r2, .L48
 698 000a 43F00203 		orr	r3, r3, #2
 699 000e 1360     		str	r3, [r2]
 403:Drivers/STM32F3xx_HAL_Driver/Src/stm32f3xx_hal.c ****   
 404:Drivers/STM32F3xx_HAL_Driver/Src/stm32f3xx_hal.c **** }
 700              		.loc 1 404 0
 701 0010 00BF     		nop
 702 0012 BD46     		mov	sp, r7
 703              	.LCFI49:
 704              		.cfi_def_cfa_register 13
 705              		@ sp needed
 706 0014 5DF8047B 		ldr	r7, [sp], #4
 707              	.LCFI50:
ARM GAS  /tmp/cc2eZeUr.s 			page 20


 708              		.cfi_restore 7
 709              		.cfi_def_cfa_offset 0
 710 0018 7047     		bx	lr
 711              	.L49:
 712 001a 00BF     		.align	2
 713              	.L48:
 714 001c 10E000E0 		.word	-536813552
 715              		.cfi_endproc
 716              	.LFE135:
 718              		.section	.text.HAL_GetHalVersion,"ax",%progbits
 719              		.align	1
 720              		.global	HAL_GetHalVersion
 721              		.syntax unified
 722              		.thumb
 723              		.thumb_func
 724              		.fpu fpv4-sp-d16
 726              	HAL_GetHalVersion:
 727              	.LFB136:
 405:Drivers/STM32F3xx_HAL_Driver/Src/stm32f3xx_hal.c **** 
 406:Drivers/STM32F3xx_HAL_Driver/Src/stm32f3xx_hal.c **** /**
 407:Drivers/STM32F3xx_HAL_Driver/Src/stm32f3xx_hal.c ****   * @brief  This function returns the HAL revision
 408:Drivers/STM32F3xx_HAL_Driver/Src/stm32f3xx_hal.c ****   * @retval version 0xXYZR (8bits for each decimal, R for RC)
 409:Drivers/STM32F3xx_HAL_Driver/Src/stm32f3xx_hal.c ****   */
 410:Drivers/STM32F3xx_HAL_Driver/Src/stm32f3xx_hal.c **** uint32_t HAL_GetHalVersion(void)
 411:Drivers/STM32F3xx_HAL_Driver/Src/stm32f3xx_hal.c **** {
 728              		.loc 1 411 0
 729              		.cfi_startproc
 730              		@ args = 0, pretend = 0, frame = 0
 731              		@ frame_needed = 1, uses_anonymous_args = 0
 732              		@ link register save eliminated.
 733 0000 80B4     		push	{r7}
 734              	.LCFI51:
 735              		.cfi_def_cfa_offset 4
 736              		.cfi_offset 7, -4
 737 0002 00AF     		add	r7, sp, #0
 738              	.LCFI52:
 739              		.cfi_def_cfa_register 7
 412:Drivers/STM32F3xx_HAL_Driver/Src/stm32f3xx_hal.c ****  return __STM32F3xx_HAL_VERSION;
 740              		.loc 1 412 0
 741 0004 024B     		ldr	r3, .L52
 413:Drivers/STM32F3xx_HAL_Driver/Src/stm32f3xx_hal.c **** }
 742              		.loc 1 413 0
 743 0006 1846     		mov	r0, r3
 744 0008 BD46     		mov	sp, r7
 745              	.LCFI53:
 746              		.cfi_def_cfa_register 13
 747              		@ sp needed
 748 000a 5DF8047B 		ldr	r7, [sp], #4
 749              	.LCFI54:
 750              		.cfi_restore 7
 751              		.cfi_def_cfa_offset 0
 752 000e 7047     		bx	lr
 753              	.L53:
 754              		.align	2
 755              	.L52:
 756 0010 00030501 		.word	17105664
 757              		.cfi_endproc
ARM GAS  /tmp/cc2eZeUr.s 			page 21


 758              	.LFE136:
 760              		.section	.text.HAL_GetREVID,"ax",%progbits
 761              		.align	1
 762              		.global	HAL_GetREVID
 763              		.syntax unified
 764              		.thumb
 765              		.thumb_func
 766              		.fpu fpv4-sp-d16
 768              	HAL_GetREVID:
 769              	.LFB137:
 414:Drivers/STM32F3xx_HAL_Driver/Src/stm32f3xx_hal.c **** 
 415:Drivers/STM32F3xx_HAL_Driver/Src/stm32f3xx_hal.c **** /**
 416:Drivers/STM32F3xx_HAL_Driver/Src/stm32f3xx_hal.c ****   * @brief  Returns the device revision identifier.
 417:Drivers/STM32F3xx_HAL_Driver/Src/stm32f3xx_hal.c ****   * @retval Device revision identifier
 418:Drivers/STM32F3xx_HAL_Driver/Src/stm32f3xx_hal.c ****   */
 419:Drivers/STM32F3xx_HAL_Driver/Src/stm32f3xx_hal.c **** uint32_t HAL_GetREVID(void)
 420:Drivers/STM32F3xx_HAL_Driver/Src/stm32f3xx_hal.c **** {
 770              		.loc 1 420 0
 771              		.cfi_startproc
 772              		@ args = 0, pretend = 0, frame = 0
 773              		@ frame_needed = 1, uses_anonymous_args = 0
 774              		@ link register save eliminated.
 775 0000 80B4     		push	{r7}
 776              	.LCFI55:
 777              		.cfi_def_cfa_offset 4
 778              		.cfi_offset 7, -4
 779 0002 00AF     		add	r7, sp, #0
 780              	.LCFI56:
 781              		.cfi_def_cfa_register 7
 421:Drivers/STM32F3xx_HAL_Driver/Src/stm32f3xx_hal.c ****   return((DBGMCU->IDCODE) >> 16U);
 782              		.loc 1 421 0
 783 0004 034B     		ldr	r3, .L56
 784 0006 1B68     		ldr	r3, [r3]
 785 0008 1B0C     		lsrs	r3, r3, #16
 422:Drivers/STM32F3xx_HAL_Driver/Src/stm32f3xx_hal.c **** }
 786              		.loc 1 422 0
 787 000a 1846     		mov	r0, r3
 788 000c BD46     		mov	sp, r7
 789              	.LCFI57:
 790              		.cfi_def_cfa_register 13
 791              		@ sp needed
 792 000e 5DF8047B 		ldr	r7, [sp], #4
 793              	.LCFI58:
 794              		.cfi_restore 7
 795              		.cfi_def_cfa_offset 0
 796 0012 7047     		bx	lr
 797              	.L57:
 798              		.align	2
 799              	.L56:
 800 0014 002004E0 		.word	-536600576
 801              		.cfi_endproc
 802              	.LFE137:
 804              		.section	.text.HAL_GetDEVID,"ax",%progbits
 805              		.align	1
 806              		.global	HAL_GetDEVID
 807              		.syntax unified
 808              		.thumb
ARM GAS  /tmp/cc2eZeUr.s 			page 22


 809              		.thumb_func
 810              		.fpu fpv4-sp-d16
 812              	HAL_GetDEVID:
 813              	.LFB138:
 423:Drivers/STM32F3xx_HAL_Driver/Src/stm32f3xx_hal.c **** 
 424:Drivers/STM32F3xx_HAL_Driver/Src/stm32f3xx_hal.c **** /**
 425:Drivers/STM32F3xx_HAL_Driver/Src/stm32f3xx_hal.c ****   * @brief  Returns the device identifier.
 426:Drivers/STM32F3xx_HAL_Driver/Src/stm32f3xx_hal.c ****   * @retval Device identifier
 427:Drivers/STM32F3xx_HAL_Driver/Src/stm32f3xx_hal.c ****   */
 428:Drivers/STM32F3xx_HAL_Driver/Src/stm32f3xx_hal.c **** uint32_t HAL_GetDEVID(void)
 429:Drivers/STM32F3xx_HAL_Driver/Src/stm32f3xx_hal.c **** {
 814              		.loc 1 429 0
 815              		.cfi_startproc
 816              		@ args = 0, pretend = 0, frame = 0
 817              		@ frame_needed = 1, uses_anonymous_args = 0
 818              		@ link register save eliminated.
 819 0000 80B4     		push	{r7}
 820              	.LCFI59:
 821              		.cfi_def_cfa_offset 4
 822              		.cfi_offset 7, -4
 823 0002 00AF     		add	r7, sp, #0
 824              	.LCFI60:
 825              		.cfi_def_cfa_register 7
 430:Drivers/STM32F3xx_HAL_Driver/Src/stm32f3xx_hal.c ****   return((DBGMCU->IDCODE) & IDCODE_DEVID_MASK);
 826              		.loc 1 430 0
 827 0004 044B     		ldr	r3, .L60
 828 0006 1B68     		ldr	r3, [r3]
 829 0008 C3F30B03 		ubfx	r3, r3, #0, #12
 431:Drivers/STM32F3xx_HAL_Driver/Src/stm32f3xx_hal.c **** }
 830              		.loc 1 431 0
 831 000c 1846     		mov	r0, r3
 832 000e BD46     		mov	sp, r7
 833              	.LCFI61:
 834              		.cfi_def_cfa_register 13
 835              		@ sp needed
 836 0010 5DF8047B 		ldr	r7, [sp], #4
 837              	.LCFI62:
 838              		.cfi_restore 7
 839              		.cfi_def_cfa_offset 0
 840 0014 7047     		bx	lr
 841              	.L61:
 842 0016 00BF     		.align	2
 843              	.L60:
 844 0018 002004E0 		.word	-536600576
 845              		.cfi_endproc
 846              	.LFE138:
 848              		.section	.text.HAL_GetUIDw0,"ax",%progbits
 849              		.align	1
 850              		.global	HAL_GetUIDw0
 851              		.syntax unified
 852              		.thumb
 853              		.thumb_func
 854              		.fpu fpv4-sp-d16
 856              	HAL_GetUIDw0:
 857              	.LFB139:
 432:Drivers/STM32F3xx_HAL_Driver/Src/stm32f3xx_hal.c **** 
 433:Drivers/STM32F3xx_HAL_Driver/Src/stm32f3xx_hal.c **** /**
ARM GAS  /tmp/cc2eZeUr.s 			page 23


 434:Drivers/STM32F3xx_HAL_Driver/Src/stm32f3xx_hal.c ****   * @brief  Returns first word of the unique device identifier (UID based on 96 bits)
 435:Drivers/STM32F3xx_HAL_Driver/Src/stm32f3xx_hal.c ****   * @retval Device identifier
 436:Drivers/STM32F3xx_HAL_Driver/Src/stm32f3xx_hal.c ****   */
 437:Drivers/STM32F3xx_HAL_Driver/Src/stm32f3xx_hal.c **** uint32_t HAL_GetUIDw0(void)
 438:Drivers/STM32F3xx_HAL_Driver/Src/stm32f3xx_hal.c **** {
 858              		.loc 1 438 0
 859              		.cfi_startproc
 860              		@ args = 0, pretend = 0, frame = 0
 861              		@ frame_needed = 1, uses_anonymous_args = 0
 862              		@ link register save eliminated.
 863 0000 80B4     		push	{r7}
 864              	.LCFI63:
 865              		.cfi_def_cfa_offset 4
 866              		.cfi_offset 7, -4
 867 0002 00AF     		add	r7, sp, #0
 868              	.LCFI64:
 869              		.cfi_def_cfa_register 7
 439:Drivers/STM32F3xx_HAL_Driver/Src/stm32f3xx_hal.c ****    return(READ_REG(*((uint32_t *)UID_BASE)));
 870              		.loc 1 439 0
 871 0004 034B     		ldr	r3, .L64
 872 0006 1B68     		ldr	r3, [r3]
 440:Drivers/STM32F3xx_HAL_Driver/Src/stm32f3xx_hal.c **** }
 873              		.loc 1 440 0
 874 0008 1846     		mov	r0, r3
 875 000a BD46     		mov	sp, r7
 876              	.LCFI65:
 877              		.cfi_def_cfa_register 13
 878              		@ sp needed
 879 000c 5DF8047B 		ldr	r7, [sp], #4
 880              	.LCFI66:
 881              		.cfi_restore 7
 882              		.cfi_def_cfa_offset 0
 883 0010 7047     		bx	lr
 884              	.L65:
 885 0012 00BF     		.align	2
 886              	.L64:
 887 0014 ACF7FF1F 		.word	536868780
 888              		.cfi_endproc
 889              	.LFE139:
 891              		.section	.text.HAL_GetUIDw1,"ax",%progbits
 892              		.align	1
 893              		.global	HAL_GetUIDw1
 894              		.syntax unified
 895              		.thumb
 896              		.thumb_func
 897              		.fpu fpv4-sp-d16
 899              	HAL_GetUIDw1:
 900              	.LFB140:
 441:Drivers/STM32F3xx_HAL_Driver/Src/stm32f3xx_hal.c **** 
 442:Drivers/STM32F3xx_HAL_Driver/Src/stm32f3xx_hal.c **** /**
 443:Drivers/STM32F3xx_HAL_Driver/Src/stm32f3xx_hal.c ****   * @brief  Returns second word of the unique device identifier (UID based on 96 bits)
 444:Drivers/STM32F3xx_HAL_Driver/Src/stm32f3xx_hal.c ****   * @retval Device identifier
 445:Drivers/STM32F3xx_HAL_Driver/Src/stm32f3xx_hal.c ****   */
 446:Drivers/STM32F3xx_HAL_Driver/Src/stm32f3xx_hal.c **** uint32_t HAL_GetUIDw1(void)
 447:Drivers/STM32F3xx_HAL_Driver/Src/stm32f3xx_hal.c **** {
 901              		.loc 1 447 0
 902              		.cfi_startproc
ARM GAS  /tmp/cc2eZeUr.s 			page 24


 903              		@ args = 0, pretend = 0, frame = 0
 904              		@ frame_needed = 1, uses_anonymous_args = 0
 905              		@ link register save eliminated.
 906 0000 80B4     		push	{r7}
 907              	.LCFI67:
 908              		.cfi_def_cfa_offset 4
 909              		.cfi_offset 7, -4
 910 0002 00AF     		add	r7, sp, #0
 911              	.LCFI68:
 912              		.cfi_def_cfa_register 7
 448:Drivers/STM32F3xx_HAL_Driver/Src/stm32f3xx_hal.c ****    return(READ_REG(*((uint32_t *)(UID_BASE + 4U))));
 913              		.loc 1 448 0
 914 0004 034B     		ldr	r3, .L68
 915 0006 1B68     		ldr	r3, [r3]
 449:Drivers/STM32F3xx_HAL_Driver/Src/stm32f3xx_hal.c **** }
 916              		.loc 1 449 0
 917 0008 1846     		mov	r0, r3
 918 000a BD46     		mov	sp, r7
 919              	.LCFI69:
 920              		.cfi_def_cfa_register 13
 921              		@ sp needed
 922 000c 5DF8047B 		ldr	r7, [sp], #4
 923              	.LCFI70:
 924              		.cfi_restore 7
 925              		.cfi_def_cfa_offset 0
 926 0010 7047     		bx	lr
 927              	.L69:
 928 0012 00BF     		.align	2
 929              	.L68:
 930 0014 B0F7FF1F 		.word	536868784
 931              		.cfi_endproc
 932              	.LFE140:
 934              		.section	.text.HAL_GetUIDw2,"ax",%progbits
 935              		.align	1
 936              		.global	HAL_GetUIDw2
 937              		.syntax unified
 938              		.thumb
 939              		.thumb_func
 940              		.fpu fpv4-sp-d16
 942              	HAL_GetUIDw2:
 943              	.LFB141:
 450:Drivers/STM32F3xx_HAL_Driver/Src/stm32f3xx_hal.c **** 
 451:Drivers/STM32F3xx_HAL_Driver/Src/stm32f3xx_hal.c **** /**
 452:Drivers/STM32F3xx_HAL_Driver/Src/stm32f3xx_hal.c ****   * @brief  Returns third word of the unique device identifier (UID based on 96 bits)
 453:Drivers/STM32F3xx_HAL_Driver/Src/stm32f3xx_hal.c ****   * @retval Device identifier
 454:Drivers/STM32F3xx_HAL_Driver/Src/stm32f3xx_hal.c ****   */
 455:Drivers/STM32F3xx_HAL_Driver/Src/stm32f3xx_hal.c **** uint32_t HAL_GetUIDw2(void)
 456:Drivers/STM32F3xx_HAL_Driver/Src/stm32f3xx_hal.c **** {
 944              		.loc 1 456 0
 945              		.cfi_startproc
 946              		@ args = 0, pretend = 0, frame = 0
 947              		@ frame_needed = 1, uses_anonymous_args = 0
 948              		@ link register save eliminated.
 949 0000 80B4     		push	{r7}
 950              	.LCFI71:
 951              		.cfi_def_cfa_offset 4
 952              		.cfi_offset 7, -4
ARM GAS  /tmp/cc2eZeUr.s 			page 25


 953 0002 00AF     		add	r7, sp, #0
 954              	.LCFI72:
 955              		.cfi_def_cfa_register 7
 457:Drivers/STM32F3xx_HAL_Driver/Src/stm32f3xx_hal.c ****    return(READ_REG(*((uint32_t *)(UID_BASE + 8U))));
 956              		.loc 1 457 0
 957 0004 034B     		ldr	r3, .L72
 958 0006 1B68     		ldr	r3, [r3]
 458:Drivers/STM32F3xx_HAL_Driver/Src/stm32f3xx_hal.c **** }
 959              		.loc 1 458 0
 960 0008 1846     		mov	r0, r3
 961 000a BD46     		mov	sp, r7
 962              	.LCFI73:
 963              		.cfi_def_cfa_register 13
 964              		@ sp needed
 965 000c 5DF8047B 		ldr	r7, [sp], #4
 966              	.LCFI74:
 967              		.cfi_restore 7
 968              		.cfi_def_cfa_offset 0
 969 0010 7047     		bx	lr
 970              	.L73:
 971 0012 00BF     		.align	2
 972              	.L72:
 973 0014 B4F7FF1F 		.word	536868788
 974              		.cfi_endproc
 975              	.LFE141:
 977              		.section	.text.HAL_DBGMCU_EnableDBGSleepMode,"ax",%progbits
 978              		.align	1
 979              		.global	HAL_DBGMCU_EnableDBGSleepMode
 980              		.syntax unified
 981              		.thumb
 982              		.thumb_func
 983              		.fpu fpv4-sp-d16
 985              	HAL_DBGMCU_EnableDBGSleepMode:
 986              	.LFB142:
 459:Drivers/STM32F3xx_HAL_Driver/Src/stm32f3xx_hal.c **** 
 460:Drivers/STM32F3xx_HAL_Driver/Src/stm32f3xx_hal.c **** /**
 461:Drivers/STM32F3xx_HAL_Driver/Src/stm32f3xx_hal.c ****   * @brief  Enable the Debug Module during SLEEP mode
 462:Drivers/STM32F3xx_HAL_Driver/Src/stm32f3xx_hal.c ****   * @retval None
 463:Drivers/STM32F3xx_HAL_Driver/Src/stm32f3xx_hal.c ****   */
 464:Drivers/STM32F3xx_HAL_Driver/Src/stm32f3xx_hal.c **** void HAL_DBGMCU_EnableDBGSleepMode(void)
 465:Drivers/STM32F3xx_HAL_Driver/Src/stm32f3xx_hal.c **** {
 987              		.loc 1 465 0
 988              		.cfi_startproc
 989              		@ args = 0, pretend = 0, frame = 0
 990              		@ frame_needed = 1, uses_anonymous_args = 0
 991              		@ link register save eliminated.
 992 0000 80B4     		push	{r7}
 993              	.LCFI75:
 994              		.cfi_def_cfa_offset 4
 995              		.cfi_offset 7, -4
 996 0002 00AF     		add	r7, sp, #0
 997              	.LCFI76:
 998              		.cfi_def_cfa_register 7
 466:Drivers/STM32F3xx_HAL_Driver/Src/stm32f3xx_hal.c ****   SET_BIT(DBGMCU->CR, DBGMCU_CR_DBG_SLEEP);
 999              		.loc 1 466 0
 1000 0004 054B     		ldr	r3, .L75
 1001 0006 5B68     		ldr	r3, [r3, #4]
ARM GAS  /tmp/cc2eZeUr.s 			page 26


 1002 0008 044A     		ldr	r2, .L75
 1003 000a 43F00103 		orr	r3, r3, #1
 1004 000e 5360     		str	r3, [r2, #4]
 467:Drivers/STM32F3xx_HAL_Driver/Src/stm32f3xx_hal.c **** }
 1005              		.loc 1 467 0
 1006 0010 00BF     		nop
 1007 0012 BD46     		mov	sp, r7
 1008              	.LCFI77:
 1009              		.cfi_def_cfa_register 13
 1010              		@ sp needed
 1011 0014 5DF8047B 		ldr	r7, [sp], #4
 1012              	.LCFI78:
 1013              		.cfi_restore 7
 1014              		.cfi_def_cfa_offset 0
 1015 0018 7047     		bx	lr
 1016              	.L76:
 1017 001a 00BF     		.align	2
 1018              	.L75:
 1019 001c 002004E0 		.word	-536600576
 1020              		.cfi_endproc
 1021              	.LFE142:
 1023              		.section	.text.HAL_DBGMCU_DisableDBGSleepMode,"ax",%progbits
 1024              		.align	1
 1025              		.global	HAL_DBGMCU_DisableDBGSleepMode
 1026              		.syntax unified
 1027              		.thumb
 1028              		.thumb_func
 1029              		.fpu fpv4-sp-d16
 1031              	HAL_DBGMCU_DisableDBGSleepMode:
 1032              	.LFB143:
 468:Drivers/STM32F3xx_HAL_Driver/Src/stm32f3xx_hal.c **** 
 469:Drivers/STM32F3xx_HAL_Driver/Src/stm32f3xx_hal.c **** /**
 470:Drivers/STM32F3xx_HAL_Driver/Src/stm32f3xx_hal.c ****   * @brief  Disable the Debug Module during SLEEP mode
 471:Drivers/STM32F3xx_HAL_Driver/Src/stm32f3xx_hal.c ****   * @retval None
 472:Drivers/STM32F3xx_HAL_Driver/Src/stm32f3xx_hal.c ****   */
 473:Drivers/STM32F3xx_HAL_Driver/Src/stm32f3xx_hal.c **** void HAL_DBGMCU_DisableDBGSleepMode(void)
 474:Drivers/STM32F3xx_HAL_Driver/Src/stm32f3xx_hal.c **** {
 1033              		.loc 1 474 0
 1034              		.cfi_startproc
 1035              		@ args = 0, pretend = 0, frame = 0
 1036              		@ frame_needed = 1, uses_anonymous_args = 0
 1037              		@ link register save eliminated.
 1038 0000 80B4     		push	{r7}
 1039              	.LCFI79:
 1040              		.cfi_def_cfa_offset 4
 1041              		.cfi_offset 7, -4
 1042 0002 00AF     		add	r7, sp, #0
 1043              	.LCFI80:
 1044              		.cfi_def_cfa_register 7
 475:Drivers/STM32F3xx_HAL_Driver/Src/stm32f3xx_hal.c ****   CLEAR_BIT(DBGMCU->CR, DBGMCU_CR_DBG_SLEEP);
 1045              		.loc 1 475 0
 1046 0004 054B     		ldr	r3, .L78
 1047 0006 5B68     		ldr	r3, [r3, #4]
 1048 0008 044A     		ldr	r2, .L78
 1049 000a 23F00103 		bic	r3, r3, #1
 1050 000e 5360     		str	r3, [r2, #4]
 476:Drivers/STM32F3xx_HAL_Driver/Src/stm32f3xx_hal.c **** }
ARM GAS  /tmp/cc2eZeUr.s 			page 27


 1051              		.loc 1 476 0
 1052 0010 00BF     		nop
 1053 0012 BD46     		mov	sp, r7
 1054              	.LCFI81:
 1055              		.cfi_def_cfa_register 13
 1056              		@ sp needed
 1057 0014 5DF8047B 		ldr	r7, [sp], #4
 1058              	.LCFI82:
 1059              		.cfi_restore 7
 1060              		.cfi_def_cfa_offset 0
 1061 0018 7047     		bx	lr
 1062              	.L79:
 1063 001a 00BF     		.align	2
 1064              	.L78:
 1065 001c 002004E0 		.word	-536600576
 1066              		.cfi_endproc
 1067              	.LFE143:
 1069              		.section	.text.HAL_DBGMCU_EnableDBGStopMode,"ax",%progbits
 1070              		.align	1
 1071              		.global	HAL_DBGMCU_EnableDBGStopMode
 1072              		.syntax unified
 1073              		.thumb
 1074              		.thumb_func
 1075              		.fpu fpv4-sp-d16
 1077              	HAL_DBGMCU_EnableDBGStopMode:
 1078              	.LFB144:
 477:Drivers/STM32F3xx_HAL_Driver/Src/stm32f3xx_hal.c **** 
 478:Drivers/STM32F3xx_HAL_Driver/Src/stm32f3xx_hal.c **** /**
 479:Drivers/STM32F3xx_HAL_Driver/Src/stm32f3xx_hal.c ****   * @brief  Enable the Debug Module during STOP mode
 480:Drivers/STM32F3xx_HAL_Driver/Src/stm32f3xx_hal.c ****   * @retval None
 481:Drivers/STM32F3xx_HAL_Driver/Src/stm32f3xx_hal.c ****   */
 482:Drivers/STM32F3xx_HAL_Driver/Src/stm32f3xx_hal.c **** void HAL_DBGMCU_EnableDBGStopMode(void)
 483:Drivers/STM32F3xx_HAL_Driver/Src/stm32f3xx_hal.c **** {
 1079              		.loc 1 483 0
 1080              		.cfi_startproc
 1081              		@ args = 0, pretend = 0, frame = 0
 1082              		@ frame_needed = 1, uses_anonymous_args = 0
 1083              		@ link register save eliminated.
 1084 0000 80B4     		push	{r7}
 1085              	.LCFI83:
 1086              		.cfi_def_cfa_offset 4
 1087              		.cfi_offset 7, -4
 1088 0002 00AF     		add	r7, sp, #0
 1089              	.LCFI84:
 1090              		.cfi_def_cfa_register 7
 484:Drivers/STM32F3xx_HAL_Driver/Src/stm32f3xx_hal.c ****   SET_BIT(DBGMCU->CR, DBGMCU_CR_DBG_STOP);
 1091              		.loc 1 484 0
 1092 0004 054B     		ldr	r3, .L81
 1093 0006 5B68     		ldr	r3, [r3, #4]
 1094 0008 044A     		ldr	r2, .L81
 1095 000a 43F00203 		orr	r3, r3, #2
 1096 000e 5360     		str	r3, [r2, #4]
 485:Drivers/STM32F3xx_HAL_Driver/Src/stm32f3xx_hal.c **** }
 1097              		.loc 1 485 0
 1098 0010 00BF     		nop
 1099 0012 BD46     		mov	sp, r7
 1100              	.LCFI85:
ARM GAS  /tmp/cc2eZeUr.s 			page 28


 1101              		.cfi_def_cfa_register 13
 1102              		@ sp needed
 1103 0014 5DF8047B 		ldr	r7, [sp], #4
 1104              	.LCFI86:
 1105              		.cfi_restore 7
 1106              		.cfi_def_cfa_offset 0
 1107 0018 7047     		bx	lr
 1108              	.L82:
 1109 001a 00BF     		.align	2
 1110              	.L81:
 1111 001c 002004E0 		.word	-536600576
 1112              		.cfi_endproc
 1113              	.LFE144:
 1115              		.section	.text.HAL_DBGMCU_DisableDBGStopMode,"ax",%progbits
 1116              		.align	1
 1117              		.global	HAL_DBGMCU_DisableDBGStopMode
 1118              		.syntax unified
 1119              		.thumb
 1120              		.thumb_func
 1121              		.fpu fpv4-sp-d16
 1123              	HAL_DBGMCU_DisableDBGStopMode:
 1124              	.LFB145:
 486:Drivers/STM32F3xx_HAL_Driver/Src/stm32f3xx_hal.c **** 
 487:Drivers/STM32F3xx_HAL_Driver/Src/stm32f3xx_hal.c **** /**
 488:Drivers/STM32F3xx_HAL_Driver/Src/stm32f3xx_hal.c ****   * @brief  Disable the Debug Module during STOP mode
 489:Drivers/STM32F3xx_HAL_Driver/Src/stm32f3xx_hal.c ****   * @retval None
 490:Drivers/STM32F3xx_HAL_Driver/Src/stm32f3xx_hal.c ****   */
 491:Drivers/STM32F3xx_HAL_Driver/Src/stm32f3xx_hal.c **** void HAL_DBGMCU_DisableDBGStopMode(void)
 492:Drivers/STM32F3xx_HAL_Driver/Src/stm32f3xx_hal.c **** {
 1125              		.loc 1 492 0
 1126              		.cfi_startproc
 1127              		@ args = 0, pretend = 0, frame = 0
 1128              		@ frame_needed = 1, uses_anonymous_args = 0
 1129              		@ link register save eliminated.
 1130 0000 80B4     		push	{r7}
 1131              	.LCFI87:
 1132              		.cfi_def_cfa_offset 4
 1133              		.cfi_offset 7, -4
 1134 0002 00AF     		add	r7, sp, #0
 1135              	.LCFI88:
 1136              		.cfi_def_cfa_register 7
 493:Drivers/STM32F3xx_HAL_Driver/Src/stm32f3xx_hal.c ****   CLEAR_BIT(DBGMCU->CR, DBGMCU_CR_DBG_STOP);
 1137              		.loc 1 493 0
 1138 0004 054B     		ldr	r3, .L84
 1139 0006 5B68     		ldr	r3, [r3, #4]
 1140 0008 044A     		ldr	r2, .L84
 1141 000a 23F00203 		bic	r3, r3, #2
 1142 000e 5360     		str	r3, [r2, #4]
 494:Drivers/STM32F3xx_HAL_Driver/Src/stm32f3xx_hal.c **** }
 1143              		.loc 1 494 0
 1144 0010 00BF     		nop
 1145 0012 BD46     		mov	sp, r7
 1146              	.LCFI89:
 1147              		.cfi_def_cfa_register 13
 1148              		@ sp needed
 1149 0014 5DF8047B 		ldr	r7, [sp], #4
 1150              	.LCFI90:
ARM GAS  /tmp/cc2eZeUr.s 			page 29


 1151              		.cfi_restore 7
 1152              		.cfi_def_cfa_offset 0
 1153 0018 7047     		bx	lr
 1154              	.L85:
 1155 001a 00BF     		.align	2
 1156              	.L84:
 1157 001c 002004E0 		.word	-536600576
 1158              		.cfi_endproc
 1159              	.LFE145:
 1161              		.section	.text.HAL_DBGMCU_EnableDBGStandbyMode,"ax",%progbits
 1162              		.align	1
 1163              		.global	HAL_DBGMCU_EnableDBGStandbyMode
 1164              		.syntax unified
 1165              		.thumb
 1166              		.thumb_func
 1167              		.fpu fpv4-sp-d16
 1169              	HAL_DBGMCU_EnableDBGStandbyMode:
 1170              	.LFB146:
 495:Drivers/STM32F3xx_HAL_Driver/Src/stm32f3xx_hal.c **** 
 496:Drivers/STM32F3xx_HAL_Driver/Src/stm32f3xx_hal.c **** /**
 497:Drivers/STM32F3xx_HAL_Driver/Src/stm32f3xx_hal.c ****   * @brief  Enable the Debug Module during STANDBY mode
 498:Drivers/STM32F3xx_HAL_Driver/Src/stm32f3xx_hal.c ****   * @retval None
 499:Drivers/STM32F3xx_HAL_Driver/Src/stm32f3xx_hal.c ****   */
 500:Drivers/STM32F3xx_HAL_Driver/Src/stm32f3xx_hal.c **** void HAL_DBGMCU_EnableDBGStandbyMode(void)
 501:Drivers/STM32F3xx_HAL_Driver/Src/stm32f3xx_hal.c **** {
 1171              		.loc 1 501 0
 1172              		.cfi_startproc
 1173              		@ args = 0, pretend = 0, frame = 0
 1174              		@ frame_needed = 1, uses_anonymous_args = 0
 1175              		@ link register save eliminated.
 1176 0000 80B4     		push	{r7}
 1177              	.LCFI91:
 1178              		.cfi_def_cfa_offset 4
 1179              		.cfi_offset 7, -4
 1180 0002 00AF     		add	r7, sp, #0
 1181              	.LCFI92:
 1182              		.cfi_def_cfa_register 7
 502:Drivers/STM32F3xx_HAL_Driver/Src/stm32f3xx_hal.c ****   SET_BIT(DBGMCU->CR, DBGMCU_CR_DBG_STANDBY);
 1183              		.loc 1 502 0
 1184 0004 054B     		ldr	r3, .L87
 1185 0006 5B68     		ldr	r3, [r3, #4]
 1186 0008 044A     		ldr	r2, .L87
 1187 000a 43F00403 		orr	r3, r3, #4
 1188 000e 5360     		str	r3, [r2, #4]
 503:Drivers/STM32F3xx_HAL_Driver/Src/stm32f3xx_hal.c **** }
 1189              		.loc 1 503 0
 1190 0010 00BF     		nop
 1191 0012 BD46     		mov	sp, r7
 1192              	.LCFI93:
 1193              		.cfi_def_cfa_register 13
 1194              		@ sp needed
 1195 0014 5DF8047B 		ldr	r7, [sp], #4
 1196              	.LCFI94:
 1197              		.cfi_restore 7
 1198              		.cfi_def_cfa_offset 0
 1199 0018 7047     		bx	lr
 1200              	.L88:
ARM GAS  /tmp/cc2eZeUr.s 			page 30


 1201 001a 00BF     		.align	2
 1202              	.L87:
 1203 001c 002004E0 		.word	-536600576
 1204              		.cfi_endproc
 1205              	.LFE146:
 1207              		.section	.text.HAL_DBGMCU_DisableDBGStandbyMode,"ax",%progbits
 1208              		.align	1
 1209              		.global	HAL_DBGMCU_DisableDBGStandbyMode
 1210              		.syntax unified
 1211              		.thumb
 1212              		.thumb_func
 1213              		.fpu fpv4-sp-d16
 1215              	HAL_DBGMCU_DisableDBGStandbyMode:
 1216              	.LFB147:
 504:Drivers/STM32F3xx_HAL_Driver/Src/stm32f3xx_hal.c **** 
 505:Drivers/STM32F3xx_HAL_Driver/Src/stm32f3xx_hal.c **** /**
 506:Drivers/STM32F3xx_HAL_Driver/Src/stm32f3xx_hal.c ****   * @brief  Disable the Debug Module during STANDBY mode
 507:Drivers/STM32F3xx_HAL_Driver/Src/stm32f3xx_hal.c ****   * @retval None
 508:Drivers/STM32F3xx_HAL_Driver/Src/stm32f3xx_hal.c ****   */
 509:Drivers/STM32F3xx_HAL_Driver/Src/stm32f3xx_hal.c **** void HAL_DBGMCU_DisableDBGStandbyMode(void)
 510:Drivers/STM32F3xx_HAL_Driver/Src/stm32f3xx_hal.c **** {
 1217              		.loc 1 510 0
 1218              		.cfi_startproc
 1219              		@ args = 0, pretend = 0, frame = 0
 1220              		@ frame_needed = 1, uses_anonymous_args = 0
 1221              		@ link register save eliminated.
 1222 0000 80B4     		push	{r7}
 1223              	.LCFI95:
 1224              		.cfi_def_cfa_offset 4
 1225              		.cfi_offset 7, -4
 1226 0002 00AF     		add	r7, sp, #0
 1227              	.LCFI96:
 1228              		.cfi_def_cfa_register 7
 511:Drivers/STM32F3xx_HAL_Driver/Src/stm32f3xx_hal.c ****   CLEAR_BIT(DBGMCU->CR, DBGMCU_CR_DBG_STANDBY);
 1229              		.loc 1 511 0
 1230 0004 054B     		ldr	r3, .L90
 1231 0006 5B68     		ldr	r3, [r3, #4]
 1232 0008 044A     		ldr	r2, .L90
 1233 000a 23F00403 		bic	r3, r3, #4
 1234 000e 5360     		str	r3, [r2, #4]
 512:Drivers/STM32F3xx_HAL_Driver/Src/stm32f3xx_hal.c **** }
 1235              		.loc 1 512 0
 1236 0010 00BF     		nop
 1237 0012 BD46     		mov	sp, r7
 1238              	.LCFI97:
 1239              		.cfi_def_cfa_register 13
 1240              		@ sp needed
 1241 0014 5DF8047B 		ldr	r7, [sp], #4
 1242              	.LCFI98:
 1243              		.cfi_restore 7
 1244              		.cfi_def_cfa_offset 0
 1245 0018 7047     		bx	lr
 1246              	.L91:
 1247 001a 00BF     		.align	2
 1248              	.L90:
 1249 001c 002004E0 		.word	-536600576
 1250              		.cfi_endproc
ARM GAS  /tmp/cc2eZeUr.s 			page 31


 1251              	.LFE147:
 1253              		.text
 1254              	.Letext0:
 1255              		.file 2 "/opt/st/stm32cubeide_1.3.0/plugins/com.st.stm32cube.ide.mcu.externaltools.gnu-tools-for-s
 1256              		.file 3 "/opt/st/stm32cubeide_1.3.0/plugins/com.st.stm32cube.ide.mcu.externaltools.gnu-tools-for-s
 1257              		.file 4 "Drivers/CMSIS/Include/core_cm4.h"
 1258              		.file 5 "Drivers/CMSIS/Device/ST/STM32F3xx/Include/system_stm32f3xx.h"
 1259              		.file 6 "Drivers/CMSIS/Device/ST/STM32F3xx/Include/stm32f303x8.h"
 1260              		.file 7 "Drivers/STM32F3xx_HAL_Driver/Inc/stm32f3xx_hal_def.h"
 1261              		.file 8 "Drivers/STM32F3xx_HAL_Driver/Inc/stm32f3xx_hal.h"
ARM GAS  /tmp/cc2eZeUr.s 			page 32


DEFINED SYMBOLS
                            *ABS*:0000000000000000 stm32f3xx_hal.c
                            *COM*:0000000000000004 uwTick
     /tmp/cc2eZeUr.s:23     .data.uwTickPrio:0000000000000000 uwTickPrio
     /tmp/cc2eZeUr.s:20     .data.uwTickPrio:0000000000000000 $d
     /tmp/cc2eZeUr.s:29     .data.uwTickFreq:0000000000000000 uwTickFreq
     /tmp/cc2eZeUr.s:32     .text.HAL_Init:0000000000000000 $t
     /tmp/cc2eZeUr.s:39     .text.HAL_Init:0000000000000000 HAL_Init
     /tmp/cc2eZeUr.s:220    .text.HAL_InitTick:0000000000000000 HAL_InitTick
     /tmp/cc2eZeUr.s:148    .text.HAL_MspInit:0000000000000000 HAL_MspInit
     /tmp/cc2eZeUr.s:76     .text.HAL_Init:0000000000000028 $d
     /tmp/cc2eZeUr.s:81     .text.HAL_DeInit:0000000000000000 $t
     /tmp/cc2eZeUr.s:88     .text.HAL_DeInit:0000000000000000 HAL_DeInit
     /tmp/cc2eZeUr.s:184    .text.HAL_MspDeInit:0000000000000000 HAL_MspDeInit
     /tmp/cc2eZeUr.s:136    .text.HAL_DeInit:0000000000000038 $d
     /tmp/cc2eZeUr.s:141    .text.HAL_MspInit:0000000000000000 $t
     /tmp/cc2eZeUr.s:177    .text.HAL_MspDeInit:0000000000000000 $t
     /tmp/cc2eZeUr.s:213    .text.HAL_InitTick:0000000000000000 $t
     /tmp/cc2eZeUr.s:289    .text.HAL_InitTick:0000000000000054 $d
     /tmp/cc2eZeUr.s:296    .text.HAL_IncTick:0000000000000000 $t
     /tmp/cc2eZeUr.s:303    .text.HAL_IncTick:0000000000000000 HAL_IncTick
     /tmp/cc2eZeUr.s:340    .text.HAL_IncTick:0000000000000020 $d
     /tmp/cc2eZeUr.s:346    .text.HAL_GetTick:0000000000000000 $t
     /tmp/cc2eZeUr.s:353    .text.HAL_GetTick:0000000000000000 HAL_GetTick
     /tmp/cc2eZeUr.s:384    .text.HAL_GetTick:0000000000000014 $d
     /tmp/cc2eZeUr.s:389    .text.HAL_GetTickPrio:0000000000000000 $t
     /tmp/cc2eZeUr.s:396    .text.HAL_GetTickPrio:0000000000000000 HAL_GetTickPrio
     /tmp/cc2eZeUr.s:427    .text.HAL_GetTickPrio:0000000000000014 $d
     /tmp/cc2eZeUr.s:432    .text.HAL_SetTickFreq:0000000000000000 $t
     /tmp/cc2eZeUr.s:439    .text.HAL_SetTickFreq:0000000000000000 HAL_SetTickFreq
     /tmp/cc2eZeUr.s:506    .text.HAL_SetTickFreq:0000000000000048 $d
     /tmp/cc2eZeUr.s:512    .text.HAL_GetTickFreq:0000000000000000 $t
     /tmp/cc2eZeUr.s:519    .text.HAL_GetTickFreq:0000000000000000 HAL_GetTickFreq
     /tmp/cc2eZeUr.s:550    .text.HAL_GetTickFreq:0000000000000014 $d
     /tmp/cc2eZeUr.s:555    .text.HAL_Delay:0000000000000000 $t
     /tmp/cc2eZeUr.s:562    .text.HAL_Delay:0000000000000000 HAL_Delay
     /tmp/cc2eZeUr.s:622    .text.HAL_Delay:0000000000000040 $d
     /tmp/cc2eZeUr.s:627    .text.HAL_SuspendTick:0000000000000000 $t
     /tmp/cc2eZeUr.s:634    .text.HAL_SuspendTick:0000000000000000 HAL_SuspendTick
     /tmp/cc2eZeUr.s:668    .text.HAL_SuspendTick:000000000000001c $d
     /tmp/cc2eZeUr.s:673    .text.HAL_ResumeTick:0000000000000000 $t
     /tmp/cc2eZeUr.s:680    .text.HAL_ResumeTick:0000000000000000 HAL_ResumeTick
     /tmp/cc2eZeUr.s:714    .text.HAL_ResumeTick:000000000000001c $d
     /tmp/cc2eZeUr.s:719    .text.HAL_GetHalVersion:0000000000000000 $t
     /tmp/cc2eZeUr.s:726    .text.HAL_GetHalVersion:0000000000000000 HAL_GetHalVersion
     /tmp/cc2eZeUr.s:756    .text.HAL_GetHalVersion:0000000000000010 $d
     /tmp/cc2eZeUr.s:761    .text.HAL_GetREVID:0000000000000000 $t
     /tmp/cc2eZeUr.s:768    .text.HAL_GetREVID:0000000000000000 HAL_GetREVID
     /tmp/cc2eZeUr.s:800    .text.HAL_GetREVID:0000000000000014 $d
     /tmp/cc2eZeUr.s:805    .text.HAL_GetDEVID:0000000000000000 $t
     /tmp/cc2eZeUr.s:812    .text.HAL_GetDEVID:0000000000000000 HAL_GetDEVID
     /tmp/cc2eZeUr.s:844    .text.HAL_GetDEVID:0000000000000018 $d
     /tmp/cc2eZeUr.s:849    .text.HAL_GetUIDw0:0000000000000000 $t
     /tmp/cc2eZeUr.s:856    .text.HAL_GetUIDw0:0000000000000000 HAL_GetUIDw0
     /tmp/cc2eZeUr.s:887    .text.HAL_GetUIDw0:0000000000000014 $d
     /tmp/cc2eZeUr.s:892    .text.HAL_GetUIDw1:0000000000000000 $t
     /tmp/cc2eZeUr.s:899    .text.HAL_GetUIDw1:0000000000000000 HAL_GetUIDw1
ARM GAS  /tmp/cc2eZeUr.s 			page 33


     /tmp/cc2eZeUr.s:930    .text.HAL_GetUIDw1:0000000000000014 $d
     /tmp/cc2eZeUr.s:935    .text.HAL_GetUIDw2:0000000000000000 $t
     /tmp/cc2eZeUr.s:942    .text.HAL_GetUIDw2:0000000000000000 HAL_GetUIDw2
     /tmp/cc2eZeUr.s:973    .text.HAL_GetUIDw2:0000000000000014 $d
     /tmp/cc2eZeUr.s:978    .text.HAL_DBGMCU_EnableDBGSleepMode:0000000000000000 $t
     /tmp/cc2eZeUr.s:985    .text.HAL_DBGMCU_EnableDBGSleepMode:0000000000000000 HAL_DBGMCU_EnableDBGSleepMode
     /tmp/cc2eZeUr.s:1019   .text.HAL_DBGMCU_EnableDBGSleepMode:000000000000001c $d
     /tmp/cc2eZeUr.s:1024   .text.HAL_DBGMCU_DisableDBGSleepMode:0000000000000000 $t
     /tmp/cc2eZeUr.s:1031   .text.HAL_DBGMCU_DisableDBGSleepMode:0000000000000000 HAL_DBGMCU_DisableDBGSleepMode
     /tmp/cc2eZeUr.s:1065   .text.HAL_DBGMCU_DisableDBGSleepMode:000000000000001c $d
     /tmp/cc2eZeUr.s:1070   .text.HAL_DBGMCU_EnableDBGStopMode:0000000000000000 $t
     /tmp/cc2eZeUr.s:1077   .text.HAL_DBGMCU_EnableDBGStopMode:0000000000000000 HAL_DBGMCU_EnableDBGStopMode
     /tmp/cc2eZeUr.s:1111   .text.HAL_DBGMCU_EnableDBGStopMode:000000000000001c $d
     /tmp/cc2eZeUr.s:1116   .text.HAL_DBGMCU_DisableDBGStopMode:0000000000000000 $t
     /tmp/cc2eZeUr.s:1123   .text.HAL_DBGMCU_DisableDBGStopMode:0000000000000000 HAL_DBGMCU_DisableDBGStopMode
     /tmp/cc2eZeUr.s:1157   .text.HAL_DBGMCU_DisableDBGStopMode:000000000000001c $d
     /tmp/cc2eZeUr.s:1162   .text.HAL_DBGMCU_EnableDBGStandbyMode:0000000000000000 $t
     /tmp/cc2eZeUr.s:1169   .text.HAL_DBGMCU_EnableDBGStandbyMode:0000000000000000 HAL_DBGMCU_EnableDBGStandbyMode
     /tmp/cc2eZeUr.s:1203   .text.HAL_DBGMCU_EnableDBGStandbyMode:000000000000001c $d
     /tmp/cc2eZeUr.s:1208   .text.HAL_DBGMCU_DisableDBGStandbyMode:0000000000000000 $t
     /tmp/cc2eZeUr.s:1215   .text.HAL_DBGMCU_DisableDBGStandbyMode:0000000000000000 HAL_DBGMCU_DisableDBGStandbyMode
     /tmp/cc2eZeUr.s:1249   .text.HAL_DBGMCU_DisableDBGStandbyMode:000000000000001c $d

UNDEFINED SYMBOLS
HAL_NVIC_SetPriorityGrouping
HAL_SYSTICK_Config
HAL_NVIC_SetPriority
SystemCoreClock
