ARM GAS  /tmp/ccFtX4JN.s 			page 1


   1              		.cpu cortex-m4
   2              		.eabi_attribute 27, 1
   3              		.eabi_attribute 28, 1
   4              		.eabi_attribute 20, 1
   5              		.eabi_attribute 21, 1
   6              		.eabi_attribute 23, 3
   7              		.eabi_attribute 24, 1
   8              		.eabi_attribute 25, 1
   9              		.eabi_attribute 26, 1
  10              		.eabi_attribute 30, 6
  11              		.eabi_attribute 34, 1
  12              		.eabi_attribute 18, 4
  13              		.file	"stm32f3xx_hal_msp.c"
  14              		.text
  15              	.Ltext0:
  16              		.cfi_sections	.debug_frame
  17              		.section	.text.HAL_MspInit,"ax",%progbits
  18              		.align	1
  19              		.global	HAL_MspInit
  20              		.syntax unified
  21              		.thumb
  22              		.thumb_func
  23              		.fpu fpv4-sp-d16
  25              	HAL_MspInit:
  26              	.LFB123:
  27              		.file 1 "Src/stm32f3xx_hal_msp.c"
   1:Src/stm32f3xx_hal_msp.c **** /* USER CODE BEGIN Header */
   2:Src/stm32f3xx_hal_msp.c **** /**
   3:Src/stm32f3xx_hal_msp.c ****   ******************************************************************************
   4:Src/stm32f3xx_hal_msp.c ****   * File Name          : stm32f3xx_hal_msp.c
   5:Src/stm32f3xx_hal_msp.c ****   * Description        : This file provides code for the MSP Initialization 
   6:Src/stm32f3xx_hal_msp.c ****   *                      and de-Initialization codes.
   7:Src/stm32f3xx_hal_msp.c ****   ******************************************************************************
   8:Src/stm32f3xx_hal_msp.c ****   * @attention
   9:Src/stm32f3xx_hal_msp.c ****   *
  10:Src/stm32f3xx_hal_msp.c ****   * <h2><center>&copy; Copyright (c) 2020 STMicroelectronics.
  11:Src/stm32f3xx_hal_msp.c ****   * All rights reserved.</center></h2>
  12:Src/stm32f3xx_hal_msp.c ****   *
  13:Src/stm32f3xx_hal_msp.c ****   * This software component is licensed by ST under BSD 3-Clause license,
  14:Src/stm32f3xx_hal_msp.c ****   * the "License"; You may not use this file except in compliance with the
  15:Src/stm32f3xx_hal_msp.c ****   * License. You may obtain a copy of the License at:
  16:Src/stm32f3xx_hal_msp.c ****   *                        opensource.org/licenses/BSD-3-Clause
  17:Src/stm32f3xx_hal_msp.c ****   *
  18:Src/stm32f3xx_hal_msp.c ****   ******************************************************************************
  19:Src/stm32f3xx_hal_msp.c ****   */
  20:Src/stm32f3xx_hal_msp.c **** /* USER CODE END Header */
  21:Src/stm32f3xx_hal_msp.c **** 
  22:Src/stm32f3xx_hal_msp.c **** /* Includes ------------------------------------------------------------------*/
  23:Src/stm32f3xx_hal_msp.c **** #include "main.h"
  24:Src/stm32f3xx_hal_msp.c **** /* USER CODE BEGIN Includes */
  25:Src/stm32f3xx_hal_msp.c **** 
  26:Src/stm32f3xx_hal_msp.c **** /* USER CODE END Includes */
  27:Src/stm32f3xx_hal_msp.c **** 
  28:Src/stm32f3xx_hal_msp.c **** /* Private typedef -----------------------------------------------------------*/
  29:Src/stm32f3xx_hal_msp.c **** /* USER CODE BEGIN TD */
  30:Src/stm32f3xx_hal_msp.c **** 
  31:Src/stm32f3xx_hal_msp.c **** /* USER CODE END TD */
ARM GAS  /tmp/ccFtX4JN.s 			page 2


  32:Src/stm32f3xx_hal_msp.c **** 
  33:Src/stm32f3xx_hal_msp.c **** /* Private define ------------------------------------------------------------*/
  34:Src/stm32f3xx_hal_msp.c **** /* USER CODE BEGIN Define */
  35:Src/stm32f3xx_hal_msp.c ****  
  36:Src/stm32f3xx_hal_msp.c **** /* USER CODE END Define */
  37:Src/stm32f3xx_hal_msp.c **** 
  38:Src/stm32f3xx_hal_msp.c **** /* Private macro -------------------------------------------------------------*/
  39:Src/stm32f3xx_hal_msp.c **** /* USER CODE BEGIN Macro */
  40:Src/stm32f3xx_hal_msp.c **** 
  41:Src/stm32f3xx_hal_msp.c **** /* USER CODE END Macro */
  42:Src/stm32f3xx_hal_msp.c **** 
  43:Src/stm32f3xx_hal_msp.c **** /* Private variables ---------------------------------------------------------*/
  44:Src/stm32f3xx_hal_msp.c **** /* USER CODE BEGIN PV */
  45:Src/stm32f3xx_hal_msp.c **** 
  46:Src/stm32f3xx_hal_msp.c **** /* USER CODE END PV */
  47:Src/stm32f3xx_hal_msp.c **** 
  48:Src/stm32f3xx_hal_msp.c **** /* Private function prototypes -----------------------------------------------*/
  49:Src/stm32f3xx_hal_msp.c **** /* USER CODE BEGIN PFP */
  50:Src/stm32f3xx_hal_msp.c **** 
  51:Src/stm32f3xx_hal_msp.c **** /* USER CODE END PFP */
  52:Src/stm32f3xx_hal_msp.c **** 
  53:Src/stm32f3xx_hal_msp.c **** /* External functions --------------------------------------------------------*/
  54:Src/stm32f3xx_hal_msp.c **** /* USER CODE BEGIN ExternalFunctions */
  55:Src/stm32f3xx_hal_msp.c **** 
  56:Src/stm32f3xx_hal_msp.c **** /* USER CODE END ExternalFunctions */
  57:Src/stm32f3xx_hal_msp.c **** 
  58:Src/stm32f3xx_hal_msp.c **** /* USER CODE BEGIN 0 */
  59:Src/stm32f3xx_hal_msp.c **** 
  60:Src/stm32f3xx_hal_msp.c **** /* USER CODE END 0 */
  61:Src/stm32f3xx_hal_msp.c **** /**
  62:Src/stm32f3xx_hal_msp.c ****   * Initializes the Global MSP.
  63:Src/stm32f3xx_hal_msp.c ****   */
  64:Src/stm32f3xx_hal_msp.c **** void HAL_MspInit(void)
  65:Src/stm32f3xx_hal_msp.c **** {
  28              		.loc 1 65 0
  29              		.cfi_startproc
  30              		@ args = 0, pretend = 0, frame = 8
  31              		@ frame_needed = 1, uses_anonymous_args = 0
  32              		@ link register save eliminated.
  33 0000 80B4     		push	{r7}
  34              	.LCFI0:
  35              		.cfi_def_cfa_offset 4
  36              		.cfi_offset 7, -4
  37 0002 83B0     		sub	sp, sp, #12
  38              	.LCFI1:
  39              		.cfi_def_cfa_offset 16
  40 0004 00AF     		add	r7, sp, #0
  41              	.LCFI2:
  42              		.cfi_def_cfa_register 7
  43              	.LBB2:
  66:Src/stm32f3xx_hal_msp.c ****   /* USER CODE BEGIN MspInit 0 */
  67:Src/stm32f3xx_hal_msp.c **** 
  68:Src/stm32f3xx_hal_msp.c ****   /* USER CODE END MspInit 0 */
  69:Src/stm32f3xx_hal_msp.c **** 
  70:Src/stm32f3xx_hal_msp.c ****   __HAL_RCC_SYSCFG_CLK_ENABLE();
  44              		.loc 1 70 0
  45 0006 0F4B     		ldr	r3, .L2
ARM GAS  /tmp/ccFtX4JN.s 			page 3


  46 0008 9B69     		ldr	r3, [r3, #24]
  47 000a 0E4A     		ldr	r2, .L2
  48 000c 43F00103 		orr	r3, r3, #1
  49 0010 9361     		str	r3, [r2, #24]
  50 0012 0C4B     		ldr	r3, .L2
  51 0014 9B69     		ldr	r3, [r3, #24]
  52 0016 03F00103 		and	r3, r3, #1
  53 001a 7B60     		str	r3, [r7, #4]
  54 001c 7B68     		ldr	r3, [r7, #4]
  55              	.LBE2:
  56              	.LBB3:
  71:Src/stm32f3xx_hal_msp.c ****   __HAL_RCC_PWR_CLK_ENABLE();
  57              		.loc 1 71 0
  58 001e 094B     		ldr	r3, .L2
  59 0020 DB69     		ldr	r3, [r3, #28]
  60 0022 084A     		ldr	r2, .L2
  61 0024 43F08053 		orr	r3, r3, #268435456
  62 0028 D361     		str	r3, [r2, #28]
  63 002a 064B     		ldr	r3, .L2
  64 002c DB69     		ldr	r3, [r3, #28]
  65 002e 03F08053 		and	r3, r3, #268435456
  66 0032 3B60     		str	r3, [r7]
  67 0034 3B68     		ldr	r3, [r7]
  68              	.LBE3:
  72:Src/stm32f3xx_hal_msp.c **** 
  73:Src/stm32f3xx_hal_msp.c ****   /* System interrupt init*/
  74:Src/stm32f3xx_hal_msp.c **** 
  75:Src/stm32f3xx_hal_msp.c ****   /* USER CODE BEGIN MspInit 1 */
  76:Src/stm32f3xx_hal_msp.c **** 
  77:Src/stm32f3xx_hal_msp.c ****   /* USER CODE END MspInit 1 */
  78:Src/stm32f3xx_hal_msp.c **** }
  69              		.loc 1 78 0
  70 0036 00BF     		nop
  71 0038 0C37     		adds	r7, r7, #12
  72              	.LCFI3:
  73              		.cfi_def_cfa_offset 4
  74 003a BD46     		mov	sp, r7
  75              	.LCFI4:
  76              		.cfi_def_cfa_register 13
  77              		@ sp needed
  78 003c 5DF8047B 		ldr	r7, [sp], #4
  79              	.LCFI5:
  80              		.cfi_restore 7
  81              		.cfi_def_cfa_offset 0
  82 0040 7047     		bx	lr
  83              	.L3:
  84 0042 00BF     		.align	2
  85              	.L2:
  86 0044 00100240 		.word	1073876992
  87              		.cfi_endproc
  88              	.LFE123:
  90              		.section	.text.HAL_UART_MspInit,"ax",%progbits
  91              		.align	1
  92              		.global	HAL_UART_MspInit
  93              		.syntax unified
  94              		.thumb
  95              		.thumb_func
ARM GAS  /tmp/ccFtX4JN.s 			page 4


  96              		.fpu fpv4-sp-d16
  98              	HAL_UART_MspInit:
  99              	.LFB124:
  79:Src/stm32f3xx_hal_msp.c **** 
  80:Src/stm32f3xx_hal_msp.c **** /**
  81:Src/stm32f3xx_hal_msp.c **** * @brief UART MSP Initialization
  82:Src/stm32f3xx_hal_msp.c **** * This function configures the hardware resources used in this example
  83:Src/stm32f3xx_hal_msp.c **** * @param huart: UART handle pointer
  84:Src/stm32f3xx_hal_msp.c **** * @retval None
  85:Src/stm32f3xx_hal_msp.c **** */
  86:Src/stm32f3xx_hal_msp.c **** void HAL_UART_MspInit(UART_HandleTypeDef* huart)
  87:Src/stm32f3xx_hal_msp.c **** {
 100              		.loc 1 87 0
 101              		.cfi_startproc
 102              		@ args = 0, pretend = 0, frame = 40
 103              		@ frame_needed = 1, uses_anonymous_args = 0
 104 0000 80B5     		push	{r7, lr}
 105              	.LCFI6:
 106              		.cfi_def_cfa_offset 8
 107              		.cfi_offset 7, -8
 108              		.cfi_offset 14, -4
 109 0002 8AB0     		sub	sp, sp, #40
 110              	.LCFI7:
 111              		.cfi_def_cfa_offset 48
 112 0004 00AF     		add	r7, sp, #0
 113              	.LCFI8:
 114              		.cfi_def_cfa_register 7
 115 0006 7860     		str	r0, [r7, #4]
  88:Src/stm32f3xx_hal_msp.c ****   GPIO_InitTypeDef GPIO_InitStruct = {0};
 116              		.loc 1 88 0
 117 0008 07F11403 		add	r3, r7, #20
 118 000c 0022     		movs	r2, #0
 119 000e 1A60     		str	r2, [r3]
 120 0010 5A60     		str	r2, [r3, #4]
 121 0012 9A60     		str	r2, [r3, #8]
 122 0014 DA60     		str	r2, [r3, #12]
 123 0016 1A61     		str	r2, [r3, #16]
  89:Src/stm32f3xx_hal_msp.c ****   if(huart->Instance==USART2)
 124              		.loc 1 89 0
 125 0018 7B68     		ldr	r3, [r7, #4]
 126 001a 1B68     		ldr	r3, [r3]
 127 001c 184A     		ldr	r2, .L7
 128 001e 9342     		cmp	r3, r2
 129 0020 29D1     		bne	.L6
 130              	.LBB4:
  90:Src/stm32f3xx_hal_msp.c ****   {
  91:Src/stm32f3xx_hal_msp.c ****   /* USER CODE BEGIN USART2_MspInit 0 */
  92:Src/stm32f3xx_hal_msp.c **** 
  93:Src/stm32f3xx_hal_msp.c ****   /* USER CODE END USART2_MspInit 0 */
  94:Src/stm32f3xx_hal_msp.c ****     /* Peripheral clock enable */
  95:Src/stm32f3xx_hal_msp.c ****     __HAL_RCC_USART2_CLK_ENABLE();
 131              		.loc 1 95 0
 132 0022 184B     		ldr	r3, .L7+4
 133 0024 DB69     		ldr	r3, [r3, #28]
 134 0026 174A     		ldr	r2, .L7+4
 135 0028 43F40033 		orr	r3, r3, #131072
 136 002c D361     		str	r3, [r2, #28]
ARM GAS  /tmp/ccFtX4JN.s 			page 5


 137 002e 154B     		ldr	r3, .L7+4
 138 0030 DB69     		ldr	r3, [r3, #28]
 139 0032 03F40033 		and	r3, r3, #131072
 140 0036 3B61     		str	r3, [r7, #16]
 141 0038 3B69     		ldr	r3, [r7, #16]
 142              	.LBE4:
 143              	.LBB5:
  96:Src/stm32f3xx_hal_msp.c ****   
  97:Src/stm32f3xx_hal_msp.c ****     __HAL_RCC_GPIOA_CLK_ENABLE();
 144              		.loc 1 97 0
 145 003a 124B     		ldr	r3, .L7+4
 146 003c 5B69     		ldr	r3, [r3, #20]
 147 003e 114A     		ldr	r2, .L7+4
 148 0040 43F40033 		orr	r3, r3, #131072
 149 0044 5361     		str	r3, [r2, #20]
 150 0046 0F4B     		ldr	r3, .L7+4
 151 0048 5B69     		ldr	r3, [r3, #20]
 152 004a 03F40033 		and	r3, r3, #131072
 153 004e FB60     		str	r3, [r7, #12]
 154 0050 FB68     		ldr	r3, [r7, #12]
 155              	.LBE5:
  98:Src/stm32f3xx_hal_msp.c ****     /**USART2 GPIO Configuration    
  99:Src/stm32f3xx_hal_msp.c ****     PA2     ------> USART2_TX
 100:Src/stm32f3xx_hal_msp.c ****     PA15     ------> USART2_RX 
 101:Src/stm32f3xx_hal_msp.c ****     */
 102:Src/stm32f3xx_hal_msp.c ****     GPIO_InitStruct.Pin = VCP_TX_Pin|VCP_RX_Pin;
 156              		.loc 1 102 0
 157 0052 48F20403 		movw	r3, #32772
 158 0056 7B61     		str	r3, [r7, #20]
 103:Src/stm32f3xx_hal_msp.c ****     GPIO_InitStruct.Mode = GPIO_MODE_AF_PP;
 159              		.loc 1 103 0
 160 0058 0223     		movs	r3, #2
 161 005a BB61     		str	r3, [r7, #24]
 104:Src/stm32f3xx_hal_msp.c ****     GPIO_InitStruct.Pull = GPIO_NOPULL;
 162              		.loc 1 104 0
 163 005c 0023     		movs	r3, #0
 164 005e FB61     		str	r3, [r7, #28]
 105:Src/stm32f3xx_hal_msp.c ****     GPIO_InitStruct.Speed = GPIO_SPEED_FREQ_HIGH;
 165              		.loc 1 105 0
 166 0060 0323     		movs	r3, #3
 167 0062 3B62     		str	r3, [r7, #32]
 106:Src/stm32f3xx_hal_msp.c ****     GPIO_InitStruct.Alternate = GPIO_AF7_USART2;
 168              		.loc 1 106 0
 169 0064 0723     		movs	r3, #7
 170 0066 7B62     		str	r3, [r7, #36]
 107:Src/stm32f3xx_hal_msp.c ****     HAL_GPIO_Init(GPIOA, &GPIO_InitStruct);
 171              		.loc 1 107 0
 172 0068 07F11403 		add	r3, r7, #20
 173 006c 1946     		mov	r1, r3
 174 006e 4FF09040 		mov	r0, #1207959552
 175 0072 FFF7FEFF 		bl	HAL_GPIO_Init
 176              	.L6:
 108:Src/stm32f3xx_hal_msp.c **** 
 109:Src/stm32f3xx_hal_msp.c ****   /* USER CODE BEGIN USART2_MspInit 1 */
 110:Src/stm32f3xx_hal_msp.c **** 
 111:Src/stm32f3xx_hal_msp.c ****   /* USER CODE END USART2_MspInit 1 */
 112:Src/stm32f3xx_hal_msp.c ****   }
ARM GAS  /tmp/ccFtX4JN.s 			page 6


 113:Src/stm32f3xx_hal_msp.c **** 
 114:Src/stm32f3xx_hal_msp.c **** }
 177              		.loc 1 114 0
 178 0076 00BF     		nop
 179 0078 2837     		adds	r7, r7, #40
 180              	.LCFI9:
 181              		.cfi_def_cfa_offset 8
 182 007a BD46     		mov	sp, r7
 183              	.LCFI10:
 184              		.cfi_def_cfa_register 13
 185              		@ sp needed
 186 007c 80BD     		pop	{r7, pc}
 187              	.L8:
 188 007e 00BF     		.align	2
 189              	.L7:
 190 0080 00440040 		.word	1073759232
 191 0084 00100240 		.word	1073876992
 192              		.cfi_endproc
 193              	.LFE124:
 195              		.section	.text.HAL_UART_MspDeInit,"ax",%progbits
 196              		.align	1
 197              		.global	HAL_UART_MspDeInit
 198              		.syntax unified
 199              		.thumb
 200              		.thumb_func
 201              		.fpu fpv4-sp-d16
 203              	HAL_UART_MspDeInit:
 204              	.LFB125:
 115:Src/stm32f3xx_hal_msp.c **** 
 116:Src/stm32f3xx_hal_msp.c **** /**
 117:Src/stm32f3xx_hal_msp.c **** * @brief UART MSP De-Initialization
 118:Src/stm32f3xx_hal_msp.c **** * This function freeze the hardware resources used in this example
 119:Src/stm32f3xx_hal_msp.c **** * @param huart: UART handle pointer
 120:Src/stm32f3xx_hal_msp.c **** * @retval None
 121:Src/stm32f3xx_hal_msp.c **** */
 122:Src/stm32f3xx_hal_msp.c **** void HAL_UART_MspDeInit(UART_HandleTypeDef* huart)
 123:Src/stm32f3xx_hal_msp.c **** {
 205              		.loc 1 123 0
 206              		.cfi_startproc
 207              		@ args = 0, pretend = 0, frame = 8
 208              		@ frame_needed = 1, uses_anonymous_args = 0
 209 0000 80B5     		push	{r7, lr}
 210              	.LCFI11:
 211              		.cfi_def_cfa_offset 8
 212              		.cfi_offset 7, -8
 213              		.cfi_offset 14, -4
 214 0002 82B0     		sub	sp, sp, #8
 215              	.LCFI12:
 216              		.cfi_def_cfa_offset 16
 217 0004 00AF     		add	r7, sp, #0
 218              	.LCFI13:
 219              		.cfi_def_cfa_register 7
 220 0006 7860     		str	r0, [r7, #4]
 124:Src/stm32f3xx_hal_msp.c ****   if(huart->Instance==USART2)
 221              		.loc 1 124 0
 222 0008 7B68     		ldr	r3, [r7, #4]
 223 000a 1B68     		ldr	r3, [r3]
ARM GAS  /tmp/ccFtX4JN.s 			page 7


 224 000c 094A     		ldr	r2, .L12
 225 000e 9342     		cmp	r3, r2
 226 0010 0BD1     		bne	.L11
 125:Src/stm32f3xx_hal_msp.c ****   {
 126:Src/stm32f3xx_hal_msp.c ****   /* USER CODE BEGIN USART2_MspDeInit 0 */
 127:Src/stm32f3xx_hal_msp.c **** 
 128:Src/stm32f3xx_hal_msp.c ****   /* USER CODE END USART2_MspDeInit 0 */
 129:Src/stm32f3xx_hal_msp.c ****     /* Peripheral clock disable */
 130:Src/stm32f3xx_hal_msp.c ****     __HAL_RCC_USART2_CLK_DISABLE();
 227              		.loc 1 130 0
 228 0012 094B     		ldr	r3, .L12+4
 229 0014 DB69     		ldr	r3, [r3, #28]
 230 0016 084A     		ldr	r2, .L12+4
 231 0018 23F40033 		bic	r3, r3, #131072
 232 001c D361     		str	r3, [r2, #28]
 131:Src/stm32f3xx_hal_msp.c ****   
 132:Src/stm32f3xx_hal_msp.c ****     /**USART2 GPIO Configuration    
 133:Src/stm32f3xx_hal_msp.c ****     PA2     ------> USART2_TX
 134:Src/stm32f3xx_hal_msp.c ****     PA15     ------> USART2_RX 
 135:Src/stm32f3xx_hal_msp.c ****     */
 136:Src/stm32f3xx_hal_msp.c ****     HAL_GPIO_DeInit(GPIOA, VCP_TX_Pin|VCP_RX_Pin);
 233              		.loc 1 136 0
 234 001e 48F20401 		movw	r1, #32772
 235 0022 4FF09040 		mov	r0, #1207959552
 236 0026 FFF7FEFF 		bl	HAL_GPIO_DeInit
 237              	.L11:
 137:Src/stm32f3xx_hal_msp.c **** 
 138:Src/stm32f3xx_hal_msp.c ****   /* USER CODE BEGIN USART2_MspDeInit 1 */
 139:Src/stm32f3xx_hal_msp.c **** 
 140:Src/stm32f3xx_hal_msp.c ****   /* USER CODE END USART2_MspDeInit 1 */
 141:Src/stm32f3xx_hal_msp.c ****   }
 142:Src/stm32f3xx_hal_msp.c **** 
 143:Src/stm32f3xx_hal_msp.c **** }
 238              		.loc 1 143 0
 239 002a 00BF     		nop
 240 002c 0837     		adds	r7, r7, #8
 241              	.LCFI14:
 242              		.cfi_def_cfa_offset 8
 243 002e BD46     		mov	sp, r7
 244              	.LCFI15:
 245              		.cfi_def_cfa_register 13
 246              		@ sp needed
 247 0030 80BD     		pop	{r7, pc}
 248              	.L13:
 249 0032 00BF     		.align	2
 250              	.L12:
 251 0034 00440040 		.word	1073759232
 252 0038 00100240 		.word	1073876992
 253              		.cfi_endproc
 254              	.LFE125:
 256              		.text
 257              	.Letext0:
 258              		.file 2 "/opt/st/stm32cubeide_1.3.0/plugins/com.st.stm32cube.ide.mcu.externaltools.gnu-tools-for-s
 259              		.file 3 "/opt/st/stm32cubeide_1.3.0/plugins/com.st.stm32cube.ide.mcu.externaltools.gnu-tools-for-s
 260              		.file 4 "Drivers/CMSIS/Include/core_cm4.h"
 261              		.file 5 "Drivers/CMSIS/Device/ST/STM32F3xx/Include/system_stm32f3xx.h"
 262              		.file 6 "Drivers/CMSIS/Device/ST/STM32F3xx/Include/stm32f303x8.h"
ARM GAS  /tmp/ccFtX4JN.s 			page 8


 263              		.file 7 "Drivers/STM32F3xx_HAL_Driver/Inc/stm32f3xx_hal_def.h"
 264              		.file 8 "Drivers/STM32F3xx_HAL_Driver/Inc/stm32f3xx_hal_gpio.h"
 265              		.file 9 "Drivers/STM32F3xx_HAL_Driver/Inc/stm32f3xx_hal_dma.h"
 266              		.file 10 "Drivers/STM32F3xx_HAL_Driver/Inc/stm32f3xx_hal_uart.h"
 267              		.file 11 "Drivers/STM32F3xx_HAL_Driver/Inc/stm32f3xx_hal.h"
ARM GAS  /tmp/ccFtX4JN.s 			page 9


DEFINED SYMBOLS
                            *ABS*:0000000000000000 stm32f3xx_hal_msp.c
     /tmp/ccFtX4JN.s:18     .text.HAL_MspInit:0000000000000000 $t
     /tmp/ccFtX4JN.s:25     .text.HAL_MspInit:0000000000000000 HAL_MspInit
     /tmp/ccFtX4JN.s:86     .text.HAL_MspInit:0000000000000044 $d
     /tmp/ccFtX4JN.s:91     .text.HAL_UART_MspInit:0000000000000000 $t
     /tmp/ccFtX4JN.s:98     .text.HAL_UART_MspInit:0000000000000000 HAL_UART_MspInit
     /tmp/ccFtX4JN.s:190    .text.HAL_UART_MspInit:0000000000000080 $d
     /tmp/ccFtX4JN.s:196    .text.HAL_UART_MspDeInit:0000000000000000 $t
     /tmp/ccFtX4JN.s:203    .text.HAL_UART_MspDeInit:0000000000000000 HAL_UART_MspDeInit
     /tmp/ccFtX4JN.s:251    .text.HAL_UART_MspDeInit:0000000000000034 $d

UNDEFINED SYMBOLS
HAL_GPIO_Init
HAL_GPIO_DeInit
